[0.023s] Invoking command in '/home/dyddl2082/ros2_ws/build/Wild_Gunman': CMAKE_PREFIX_PATH=${CMAKE_PREFIX_PATH}:/opt/ros/foxy /usr/bin/cmake --build /home/dyddl2082/ros2_ws/build/Wild_Gunman -- -j18 -l18
[0.117s] [35m[1mScanning dependencies of target player[0m
[0.143s] [ 25%] [32mBuilding CXX object CMakeFiles/player.dir/src/Player.cpp.o[0m
[0.161s] [ 75%] Built target gunman
[4.482s] [100%] [32m[1mLinking CXX executable player[0m
[4.942s] [100%] Built target player
[4.952s] Invoked command in '/home/dyddl2082/ros2_ws/build/Wild_Gunman' returned '0': CMAKE_PREFIX_PATH=${CMAKE_PREFIX_PATH}:/opt/ros/foxy /usr/bin/cmake --build /home/dyddl2082/ros2_ws/build/Wild_Gunman -- -j18 -l18
[4.968s] Invoking command in '/home/dyddl2082/ros2_ws/build/Wild_Gunman': CMAKE_PREFIX_PATH=${CMAKE_PREFIX_PATH}:/opt/ros/foxy /usr/bin/cmake --install /home/dyddl2082/ros2_ws/build/Wild_Gunman
[4.976s] -- Install configuration: ""
[4.976s] -- Up-to-date: /home/dyddl2082/ros2_ws/install/Wild_Gunman/lib/Wild_Gunman/gunman
[4.977s] -- Installing: /home/dyddl2082/ros2_ws/install/Wild_Gunman/lib/Wild_Gunman/player
[4.978s] -- Set runtime path of "/home/dyddl2082/ros2_ws/install/Wild_Gunman/lib/Wild_Gunman/player" to ""
[4.978s] -- Up-to-date: /home/dyddl2082/ros2_ws/install/Wild_Gunman/share/ament_index/resource_index/package_run_dependencies/Wild_Gunman
[4.978s] -- Up-to-date: /home/dyddl2082/ros2_ws/install/Wild_Gunman/share/ament_index/resource_index/parent_prefix_path/Wild_Gunman
[4.979s] -- Up-to-date: /home/dyddl2082/ros2_ws/install/Wild_Gunman/share/Wild_Gunman/environment/ament_prefix_path.sh
[4.979s] -- Up-to-date: /home/dyddl2082/ros2_ws/install/Wild_Gunman/share/Wild_Gunman/environment/ament_prefix_path.dsv
[4.979s] -- Up-to-date: /home/dyddl2082/ros2_ws/install/Wild_Gunman/share/Wild_Gunman/environment/path.sh
[4.979s] -- Up-to-date: /home/dyddl2082/ros2_ws/install/Wild_Gunman/share/Wild_Gunman/environment/path.dsv
[4.979s] -- Up-to-date: /home/dyddl2082/ros2_ws/install/Wild_Gunman/share/Wild_Gunman/local_setup.bash
[4.979s] -- Up-to-date: /home/dyddl2082/ros2_ws/install/Wild_Gunman/share/Wild_Gunman/local_setup.sh
[4.979s] -- Up-to-date: /home/dyddl2082/ros2_ws/install/Wild_Gunman/share/Wild_Gunman/local_setup.zsh
[4.979s] -- Up-to-date: /home/dyddl2082/ros2_ws/install/Wild_Gunman/share/Wild_Gunman/local_setup.dsv
[4.979s] -- Installing: /home/dyddl2082/ros2_ws/install/Wild_Gunman/share/Wild_Gunman/package.dsv
[4.979s] -- Up-to-date: /home/dyddl2082/ros2_ws/install/Wild_Gunman/share/ament_index/resource_index/packages/Wild_Gunman
[4.979s] -- Up-to-date: /home/dyddl2082/ros2_ws/install/Wild_Gunman/share/Wild_Gunman/cmake/Wild_GunmanConfig.cmake
[4.979s] -- Up-to-date: /home/dyddl2082/ros2_ws/install/Wild_Gunman/share/Wild_Gunman/cmake/Wild_GunmanConfig-version.cmake
[4.980s] -- Up-to-date: /home/dyddl2082/ros2_ws/install/Wild_Gunman/share/Wild_Gunman/package.xml
[4.981s] Invoked command in '/home/dyddl2082/ros2_ws/build/Wild_Gunman' returned '0': CMAKE_PREFIX_PATH=${CMAKE_PREFIX_PATH}:/opt/ros/foxy /usr/bin/cmake --install /home/dyddl2082/ros2_ws/build/Wild_Gunman
