[0.020s] Invoking command in '/home/dyddl2082/ros2_ws/build/two_joint_arm': CMAKE_PREFIX_PATH=${CMAKE_PREFIX_PATH}:/opt/ros/foxy /usr/bin/cmake --build /home/dyddl2082/ros2_ws/build/two_joint_arm -- -j18 -l18
[0.054s] Invoked command in '/home/dyddl2082/ros2_ws/build/two_joint_arm' returned '0': CMAKE_PREFIX_PATH=${CMAKE_PREFIX_PATH}:/opt/ros/foxy /usr/bin/cmake --build /home/dyddl2082/ros2_ws/build/two_joint_arm -- -j18 -l18
[0.063s] Invoking command in '/home/dyddl2082/ros2_ws/build/two_joint_arm': CMAKE_PREFIX_PATH=${CMAKE_PREFIX_PATH}:/opt/ros/foxy /usr/bin/cmake --install /home/dyddl2082/ros2_ws/build/two_joint_arm
[0.069s] -- Install configuration: ""
[0.069s] -- Execute custom install script
[0.069s] -- Up-to-date symlink: /home/dyddl2082/ros2_ws/install/two_joint_arm/share/two_joint_arm//urdf/two_joint_arm.xacro
[0.069s] -- Up-to-date symlink: /home/dyddl2082/ros2_ws/install/two_joint_arm/share/two_joint_arm//launch/display.launch.py
[0.069s] -- Up-to-date symlink: /home/dyddl2082/ros2_ws/install/two_joint_arm/share/ament_index/resource_index/package_run_dependencies/two_joint_arm
[0.070s] -- Up-to-date symlink: /home/dyddl2082/ros2_ws/install/two_joint_arm/share/ament_index/resource_index/parent_prefix_path/two_joint_arm
[0.070s] -- Up-to-date symlink: /home/dyddl2082/ros2_ws/install/two_joint_arm/share/two_joint_arm/environment/ament_prefix_path.sh
[0.070s] -- Up-to-date symlink: /home/dyddl2082/ros2_ws/install/two_joint_arm/share/two_joint_arm/environment/ament_prefix_path.dsv
[0.070s] -- Up-to-date symlink: /home/dyddl2082/ros2_ws/install/two_joint_arm/share/two_joint_arm/environment/path.sh
[0.070s] -- Up-to-date symlink: /home/dyddl2082/ros2_ws/install/two_joint_arm/share/two_joint_arm/environment/path.dsv
[0.070s] -- Up-to-date symlink: /home/dyddl2082/ros2_ws/install/two_joint_arm/share/two_joint_arm/local_setup.bash
[0.071s] -- Up-to-date symlink: /home/dyddl2082/ros2_ws/install/two_joint_arm/share/two_joint_arm/local_setup.sh
[0.071s] -- Up-to-date symlink: /home/dyddl2082/ros2_ws/install/two_joint_arm/share/two_joint_arm/local_setup.zsh
[0.071s] -- Up-to-date symlink: /home/dyddl2082/ros2_ws/install/two_joint_arm/share/two_joint_arm/local_setup.dsv
[0.071s] -- Symlinking: /home/dyddl2082/ros2_ws/install/two_joint_arm/share/two_joint_arm/package.dsv
[0.079s] -- Up-to-date symlink: /home/dyddl2082/ros2_ws/install/two_joint_arm/share/ament_index/resource_index/packages/two_joint_arm
[0.079s] -- Up-to-date symlink: /home/dyddl2082/ros2_ws/install/two_joint_arm/share/two_joint_arm/cmake/two_joint_armConfig.cmake
[0.079s] -- Up-to-date symlink: /home/dyddl2082/ros2_ws/install/two_joint_arm/share/two_joint_arm/cmake/two_joint_armConfig-version.cmake
[0.079s] -- Up-to-date symlink: /home/dyddl2082/ros2_ws/install/two_joint_arm/share/two_joint_arm/package.xml
[0.081s] Invoked command in '/home/dyddl2082/ros2_ws/build/two_joint_arm' returned '0': CMAKE_PREFIX_PATH=${CMAKE_PREFIX_PATH}:/opt/ros/foxy /usr/bin/cmake --install /home/dyddl2082/ros2_ws/build/two_joint_arm
