[0.014s] Invoking command in '/home/dyddl2082/ros2_ws/build/cpp_srvcli': CMAKE_PREFIX_PATH=${CMAKE_PREFIX_PATH}:/opt/ros/foxy /usr/bin/cmake /home/dyddl2082/ros2_ws/src/cpp_srvcli -DCMAKE_INSTALL_PREFIX=/home/dyddl2082/ros2_ws/install/cpp_srvcli
[0.560s] -- The C compiler identification is GNU 9.4.0
[1.217s] -- The CXX compiler identification is GNU 9.4.0
[1.598s] -- Check for working C compiler: /usr/bin/cc
[1.909s] -- Check for working C compiler: /usr/bin/cc -- works
[1.919s] -- Detecting C compiler ABI info
[2.224s] -- Detecting C compiler ABI info - done
[2.230s] -- Detecting C compile features
[2.231s] -- Detecting C compile features - done
[2.237s] -- Check for working CXX compiler: /usr/bin/c++
[2.603s] -- Check for working CXX compiler: /usr/bin/c++ -- works
[2.604s] -- Detecting CXX compiler ABI info
[2.906s] -- Detecting CXX compiler ABI info - done
[2.912s] -- Detecting CXX compile features
[2.912s] -- Detecting CXX compile features - done
[2.928s] -- Found ament_cmake: 0.9.12 (/opt/ros/foxy/share/ament_cmake/cmake)
[2.953s] -- Found PythonInterp: /usr/bin/python3 (found suitable version "3.8.10", minimum required is "3") 
[2.953s] -- Using PYTHON_EXECUTABLE: /usr/bin/python3
[3.099s] -- Found rclcpp: 2.4.3 (/opt/ros/foxy/share/rclcpp/cmake)
[3.443s] -- Using all available rosidl_typesupport_c: rosidl_typesupport_fastrtps_c;rosidl_typesupport_introspection_c
[3.452s] -- Found rosidl_adapter: 1.3.1 (/opt/ros/foxy/share/rosidl_adapter/cmake)
[5.390s] -- Found OpenSSL: /usr/lib/x86_64-linux-gnu/libcrypto.so (found version "1.1.1f")  
[5.856s] Invoked command in '/home/dyddl2082/ros2_ws/build/cpp_srvcli' returned '-2': CMAKE_PREFIX_PATH=${CMAKE_PREFIX_PATH}:/opt/ros/foxy /usr/bin/cmake /home/dyddl2082/ros2_ws/src/cpp_srvcli -DCMAKE_INSTALL_PREFIX=/home/dyddl2082/ros2_ws/install/cpp_srvcli
