[0.020s] Invoking command in '/home/dyddl2082/ros2_ws/build/action_tutorials_cpp': CMAKE_PREFIX_PATH=${CMAKE_PREFIX_PATH}:/opt/ros/foxy /usr/bin/cmake /home/dyddl2082/ros2_ws/src/action_tutorials_cpp -DCMAKE_INSTALL_PREFIX=/home/dyddl2082/ros2_ws/install/action_tutorials_cpp
[0.463s] -- The C compiler identification is GNU 9.4.0
[1.023s] -- The CXX compiler identification is GNU 9.4.0
[1.355s] -- Check for working C compiler: /usr/bin/cc
[1.633s] -- Check for working C compiler: /usr/bin/cc -- works
[1.644s] -- Detecting C compiler ABI info
[1.899s] -- Detecting C compiler ABI info - done
[1.915s] -- Detecting C compile features
[1.916s] -- Detecting C compile features - done
[1.918s] -- Check for working CXX compiler: /usr/bin/c++
[2.146s] -- Check for working CXX compiler: /usr/bin/c++ -- works
[2.147s] -- Detecting CXX compiler ABI info
[2.406s] -- Detecting CXX compiler ABI info - done
[2.412s] -- Detecting CXX compile features
[2.413s] -- Detecting CXX compile features - done
[2.427s] -- Found ament_cmake: 0.9.12 (/opt/ros/foxy/share/ament_cmake/cmake)
[2.446s] -- Found PythonInterp: /usr/bin/python3 (found suitable version "3.8.10", minimum required is "3") 
[2.446s] -- Using PYTHON_EXECUTABLE: /usr/bin/python3
[2.586s] -- Found action_tutorials_interfaces: 0.9.4 (/opt/ros/foxy/share/action_tutorials_interfaces/cmake)
[2.940s] -- Using all available rosidl_typesupport_c: rosidl_typesupport_fastrtps_c;rosidl_typesupport_introspection_c
[2.949s] -- Found rosidl_adapter: 1.3.1 (/opt/ros/foxy/share/rosidl_adapter/cmake)
[5.280s] -- Found OpenSSL: /usr/lib/x86_64-linux-gnu/libcrypto.so (found version "1.1.1f")  
[7.659s] -- Found FastRTPS: /opt/ros/foxy/include  
[11.943s] -- Using all available rosidl_typesupport_cpp: rosidl_typesupport_fastrtps_cpp;rosidl_typesupport_introspection_cpp
[12.071s] -- Found rclcpp: 2.4.3 (/opt/ros/foxy/share/rclcpp/cmake)
[12.136s] -- Found rmw_implementation_cmake: 1.0.4 (/opt/ros/foxy/share/rmw_implementation_cmake/cmake)
[12.139s] -- Using RMW implementation 'rmw_fastrtps_cpp' as default
[12.142s] -- Looking for pthread.h
[12.521s] -- Looking for pthread.h - found
[12.521s] -- Performing Test CMAKE_HAVE_LIBC_PTHREAD
[12.814s] -- Performing Test CMAKE_HAVE_LIBC_PTHREAD - Failed
[12.814s] -- Looking for pthread_create in pthreads
[13.096s] -- Looking for pthread_create in pthreads - not found
[13.096s] -- Looking for pthread_create in pthread
[13.391s] -- Looking for pthread_create in pthread - found
[13.392s] -- Found Threads: TRUE  
[13.539s] -- Found rclcpp_action: 2.4.3 (/opt/ros/foxy/share/rclcpp_action/cmake)
[13.569s] -- Found rclcpp_components: 2.4.3 (/opt/ros/foxy/share/rclcpp_components/cmake)
[13.623s] -- Found ament_lint_auto: 0.9.8 (/opt/ros/foxy/share/ament_lint_auto/cmake)
[13.777s] -- Added test 'copyright' to check source files copyright and LICENSE
[13.779s] -- Added test 'cppcheck' to perform static code analysis on C / C++ code
[13.779s] -- Configured cppcheck include dirs: $<BUILD_INTERFACE:/home/dyddl2082/ros2_ws/src/action_tutorials_cpp/include>
[13.779s] -- Configured cppcheck exclude dirs and/or files: 
[13.781s] -- Added test 'cpplint' to check C / C++ code against the Google style
[13.781s] -- Configured cpplint exclude dirs and/or files: 
[13.782s] -- Added test 'lint_cmake' to check CMake code style
[13.783s] -- Added test 'uncrustify' to check C / C++ code style
[13.783s] -- Configured uncrustify additional arguments: 
[13.784s] -- Added test 'xmllint' to check XML markup files
[13.787s] -- Configuring done
[13.798s] -- Generating done
[13.804s] -- Build files have been written to: /home/dyddl2082/ros2_ws/build/action_tutorials_cpp
[13.812s] Invoked command in '/home/dyddl2082/ros2_ws/build/action_tutorials_cpp' returned '0': CMAKE_PREFIX_PATH=${CMAKE_PREFIX_PATH}:/opt/ros/foxy /usr/bin/cmake /home/dyddl2082/ros2_ws/src/action_tutorials_cpp -DCMAKE_INSTALL_PREFIX=/home/dyddl2082/ros2_ws/install/action_tutorials_cpp
[13.814s] Invoking command in '/home/dyddl2082/ros2_ws/build/action_tutorials_cpp': CMAKE_PREFIX_PATH=${CMAKE_PREFIX_PATH}:/opt/ros/foxy /usr/bin/cmake --build /home/dyddl2082/ros2_ws/build/action_tutorials_cpp -- -j18 -l18
[13.849s] [35m[1mScanning dependencies of target fibonacci_action_server[0m
[13.850s] [35m[1mScanning dependencies of target action_server[0m
[13.966s] [ 25%] [32mBuilding CXX object CMakeFiles/action_server.dir/src/fibonacci_action_server.cpp.o[0m
[13.967s] [ 50%] [32mBuilding CXX object CMakeFiles/fibonacci_action_server.dir/rclcpp_components/node_main_fibonacci_action_server.cpp.o[0m
[15.989s] [ 75%] [32m[1mLinking CXX executable fibonacci_action_server[0m
[16.349s] [ 75%] Built target fibonacci_action_server
[16.810s] [100%] [32m[1mLinking CXX shared library libaction_server.so[0m
[17.222s] [100%] Built target action_server
[17.233s] Invoked command in '/home/dyddl2082/ros2_ws/build/action_tutorials_cpp' returned '0': CMAKE_PREFIX_PATH=${CMAKE_PREFIX_PATH}:/opt/ros/foxy /usr/bin/cmake --build /home/dyddl2082/ros2_ws/build/action_tutorials_cpp -- -j18 -l18
[17.245s] Invoking command in '/home/dyddl2082/ros2_ws/build/action_tutorials_cpp': CMAKE_PREFIX_PATH=${CMAKE_PREFIX_PATH}:/opt/ros/foxy /usr/bin/cmake --install /home/dyddl2082/ros2_ws/build/action_tutorials_cpp
[17.255s] -- Install configuration: ""
[17.255s] -- Installing: /home/dyddl2082/ros2_ws/install/action_tutorials_cpp/lib/action_tutorials_cpp/fibonacci_action_server
[17.255s] -- Set runtime path of "/home/dyddl2082/ros2_ws/install/action_tutorials_cpp/lib/action_tutorials_cpp/fibonacci_action_server" to ""
[17.256s] -- Installing: /home/dyddl2082/ros2_ws/install/action_tutorials_cpp/lib/libaction_server.so
[17.256s] -- Set runtime path of "/home/dyddl2082/ros2_ws/install/action_tutorials_cpp/lib/libaction_server.so" to ""
[17.257s] -- Installing: /home/dyddl2082/ros2_ws/install/action_tutorials_cpp/share/ament_index/resource_index/package_run_dependencies/action_tutorials_cpp
[17.258s] -- Installing: /home/dyddl2082/ros2_ws/install/action_tutorials_cpp/share/ament_index/resource_index/parent_prefix_path/action_tutorials_cpp
[17.258s] -- Installing: /home/dyddl2082/ros2_ws/install/action_tutorials_cpp/share/action_tutorials_cpp/environment/ament_prefix_path.sh
[17.258s] -- Installing: /home/dyddl2082/ros2_ws/install/action_tutorials_cpp/share/action_tutorials_cpp/environment/ament_prefix_path.dsv
[17.258s] -- Installing: /home/dyddl2082/ros2_ws/install/action_tutorials_cpp/share/action_tutorials_cpp/environment/path.sh
[17.258s] -- Installing: /home/dyddl2082/ros2_ws/install/action_tutorials_cpp/share/action_tutorials_cpp/environment/path.dsv
[17.258s] -- Installing: /home/dyddl2082/ros2_ws/install/action_tutorials_cpp/share/action_tutorials_cpp/local_setup.bash
[17.258s] -- Installing: /home/dyddl2082/ros2_ws/install/action_tutorials_cpp/share/action_tutorials_cpp/local_setup.sh
[17.259s] -- Installing: /home/dyddl2082/ros2_ws/install/action_tutorials_cpp/share/action_tutorials_cpp/local_setup.zsh
[17.259s] -- Installing: /home/dyddl2082/ros2_ws/install/action_tutorials_cpp/share/action_tutorials_cpp/local_setup.dsv
[17.259s] -- Installing: /home/dyddl2082/ros2_ws/install/action_tutorials_cpp/share/action_tutorials_cpp/package.dsv
[17.259s] -- Installing: /home/dyddl2082/ros2_ws/install/action_tutorials_cpp/share/ament_index/resource_index/packages/action_tutorials_cpp
[17.259s] -- Installing: /home/dyddl2082/ros2_ws/install/action_tutorials_cpp/share/ament_index/resource_index/rclcpp_components/action_tutorials_cpp
[17.259s] -- Installing: /home/dyddl2082/ros2_ws/install/action_tutorials_cpp/share/action_tutorials_cpp/cmake/action_tutorials_cppConfig.cmake
[17.259s] -- Installing: /home/dyddl2082/ros2_ws/install/action_tutorials_cpp/share/action_tutorials_cpp/cmake/action_tutorials_cppConfig-version.cmake
[17.259s] -- Installing: /home/dyddl2082/ros2_ws/install/action_tutorials_cpp/share/action_tutorials_cpp/package.xml
[17.264s] Invoked command in '/home/dyddl2082/ros2_ws/build/action_tutorials_cpp' returned '0': CMAKE_PREFIX_PATH=${CMAKE_PREFIX_PATH}:/opt/ros/foxy /usr/bin/cmake --install /home/dyddl2082/ros2_ws/build/action_tutorials_cpp
