[0.022s] Invoking command in '/home/dyddl2082/ros2_ws/build/tutorial_interfaces': /usr/bin/cmake --build /home/dyddl2082/ros2_ws/build/tutorial_interfaces -- -j18 -l18
[0.091s] -- Found ament_cmake: 0.9.12 (/opt/ros/foxy/share/ament_cmake/cmake)
[0.115s] -- Found PythonInterp: /usr/bin/python3 (found suitable version "3.8.10", minimum required is "3") 
[0.115s] -- Using PYTHON_EXECUTABLE: /usr/bin/python3
[0.264s] -- Found geometry_msgs: 2.0.5 (/opt/ros/foxy/share/geometry_msgs/cmake)
[0.564s] -- Using all available rosidl_typesupport_c: rosidl_typesupport_fastrtps_c;rosidl_typesupport_introspection_c
[0.568s] -- Found rosidl_adapter: 1.3.1 (/opt/ros/foxy/share/rosidl_adapter/cmake)
[8.082s] -- Using all available rosidl_typesupport_cpp: rosidl_typesupport_fastrtps_cpp;rosidl_typesupport_introspection_cpp
[8.147s] -- Found rosidl_default_generators: 1.0.1 (/opt/ros/foxy/share/rosidl_default_generators/cmake)
[8.159s] -- Found tutorial_interfaces: 0.0.0 (/home/dyddl2082/ros2_ws/install/tutorial_interfaces/share/tutorial_interfaces/cmake)
[8.204s] CMake Error at /opt/ros/foxy/share/ament_cmake_target_dependencies/cmake/ament_target_dependencies.cmake:77 (message):
[8.205s]   ament_target_dependencies() the passed package name 'rclcpp' was not found
[8.205s]   before
[8.205s] Call Stack (most recent call first):
[8.205s]   CMakeLists.txt:28 (ament_target_dependencies)
[8.205s] 
[8.205s] 
[8.205s] -- Configuring incomplete, errors occurred!
[8.205s] See also "/home/dyddl2082/ros2_ws/build/tutorial_interfaces/CMakeFiles/CMakeOutput.log".
[8.215s] make: *** [Makefile:1228: cmake_check_build_system] Error 1
[8.218s] Invoked command in '/home/dyddl2082/ros2_ws/build/tutorial_interfaces' returned '2': /usr/bin/cmake --build /home/dyddl2082/ros2_ws/build/tutorial_interfaces -- -j18 -l18
