[0.019s] Invoking command in '/home/dyddl2082/ros2_ws/build/action_tutorials_cpp': CMAKE_PREFIX_PATH=${CMAKE_PREFIX_PATH}:/opt/ros/foxy /usr/bin/cmake --build /home/dyddl2082/ros2_ws/build/action_tutorials_cpp -- -j18 -l18
[0.091s] -- Found ament_cmake: 0.9.12 (/opt/ros/foxy/share/ament_cmake/cmake)
[0.116s] -- Using PYTHON_EXECUTABLE: /usr/bin/python3
[0.267s] -- Found action_tutorials_interfaces: 0.9.4 (/opt/ros/foxy/share/action_tutorials_interfaces/cmake)
[0.565s] -- Using all available rosidl_typesupport_c: rosidl_typesupport_fastrtps_c;rosidl_typesupport_introspection_c
[0.570s] -- Found rosidl_adapter: 1.3.1 (/opt/ros/foxy/share/rosidl_adapter/cmake)
[8.716s] -- Using all available rosidl_typesupport_cpp: rosidl_typesupport_fastrtps_cpp;rosidl_typesupport_introspection_cpp
[8.817s] -- Found rclcpp: 2.4.3 (/opt/ros/foxy/share/rclcpp/cmake)
[8.861s] -- Found rmw_implementation_cmake: 1.0.4 (/opt/ros/foxy/share/rmw_implementation_cmake/cmake)
[8.864s] -- Using RMW implementation 'rmw_fastrtps_cpp' as default
[8.979s] -- Found rclcpp_action: 2.4.3 (/opt/ros/foxy/share/rclcpp_action/cmake)
[9.003s] -- Found rclcpp_components: 2.4.3 (/opt/ros/foxy/share/rclcpp_components/cmake)
[9.054s] -- Found ament_lint_auto: 0.9.8 (/opt/ros/foxy/share/ament_lint_auto/cmake)
[9.131s] -- Added test 'copyright' to check source files copyright and LICENSE
[9.132s] -- Added test 'cppcheck' to perform static code analysis on C / C++ code
[9.132s] -- Configured cppcheck include dirs: $<BUILD_INTERFACE:/home/dyddl2082/ros2_ws/src/action_tutorials_cpp/include>
[9.132s] -- Configured cppcheck exclude dirs and/or files: 
[9.133s] -- Added test 'cpplint' to check C / C++ code against the Google style
[9.133s] -- Configured cpplint exclude dirs and/or files: 
[9.133s] -- Added test 'lint_cmake' to check CMake code style
[9.134s] -- Added test 'uncrustify' to check C / C++ code style
[9.134s] -- Configured uncrustify additional arguments: 
[9.135s] -- Added test 'xmllint' to check XML markup files
[9.138s] -- Configuring done
[9.158s] -- Generating done
[9.164s] -- Build files have been written to: /home/dyddl2082/ros2_ws/build/action_tutorials_cpp
[9.192s] [35m[1mScanning dependencies of target fibonacci_action_client[0m
[9.197s] [35m[1mScanning dependencies of target action_client[0m
[9.207s] [ 12%] [32mBuilding CXX object CMakeFiles/action_client.dir/src/fibonacci_action_client.cpp.o[0m
[9.224s] [ 37%] Built target action_server
[9.226s] [ 62%] Built target fibonacci_action_server
[9.290s] [ 75%] [32mBuilding CXX object CMakeFiles/fibonacci_action_client.dir/rclcpp_components/node_main_fibonacci_action_client.cpp.o[0m
[9.342s] [01m[K/home/dyddl2082/ros2_ws/src/action_tutorials_cpp/src/fibonacci_action_client.cpp:7:10:[m[K [01;31m[Kfatal error: [m[Kaction_tutorials_interfaces/action/fibonacci.hpp: No such file or directory
[9.342s]     7 | #include [01;31m[K"action_tutorials_interfaces/action/fibonacci.hpp"[m[K
[9.342s]       |          [01;31m[K^~~~~~~~~~~~~~~~~~~~~~~~~~~~~~~~~~~~~~~~~~~~~~~~~~[m[K
[9.342s] compilation terminated.
[9.345s] make[2]: *** [CMakeFiles/action_client.dir/build.make:63: CMakeFiles/action_client.dir/src/fibonacci_action_client.cpp.o] Error 1
[9.345s] make[1]: *** [CMakeFiles/Makefile2:138: CMakeFiles/action_client.dir/all] Error 2
[9.345s] make[1]: *** Waiting for unfinished jobs....
[10.966s] [ 87%] [32m[1mLinking CXX executable fibonacci_action_client[0m
[11.305s] [ 87%] Built target fibonacci_action_client
[11.306s] make: *** [Makefile:141: all] Error 2
[11.308s] Invoked command in '/home/dyddl2082/ros2_ws/build/action_tutorials_cpp' returned '2': CMAKE_PREFIX_PATH=${CMAKE_PREFIX_PATH}:/opt/ros/foxy /usr/bin/cmake --build /home/dyddl2082/ros2_ws/build/action_tutorials_cpp -- -j18 -l18
