[0.015s] Invoking command in '/home/dyddl2082/ros2_ws/build/polygon_base': CMAKE_PREFIX_PATH=/opt/ros/foxy /usr/bin/cmake --build /home/dyddl2082/ros2_ws/build/polygon_base -- -j18 -l18
[0.123s] [100%] Built target area_node
[0.134s] Invoked command in '/home/dyddl2082/ros2_ws/build/polygon_base' returned '0': CMAKE_PREFIX_PATH=/opt/ros/foxy /usr/bin/cmake --build /home/dyddl2082/ros2_ws/build/polygon_base -- -j18 -l18
[0.149s] Invoking command in '/home/dyddl2082/ros2_ws/build/polygon_base': CMAKE_PREFIX_PATH=/opt/ros/foxy /usr/bin/cmake --install /home/dyddl2082/ros2_ws/build/polygon_base
[0.156s] -- Install configuration: ""
[0.156s] -- Up-to-date: /home/dyddl2082/ros2_ws/install/polygon_base/include
[0.156s] -- Up-to-date: /home/dyddl2082/ros2_ws/install/polygon_base/include/polygon_base
[0.156s] -- Up-to-date: /home/dyddl2082/ros2_ws/install/polygon_base/include/polygon_base/regular_polygon.hpp
[0.157s] -- Up-to-date: /home/dyddl2082/ros2_ws/install/polygon_base/lib/polygon_base/area_node
[0.157s] -- Up-to-date: /home/dyddl2082/ros2_ws/install/polygon_base/share/ament_index/resource_index/package_run_dependencies/polygon_base
[0.158s] -- Up-to-date: /home/dyddl2082/ros2_ws/install/polygon_base/share/ament_index/resource_index/parent_prefix_path/polygon_base
[0.158s] -- Up-to-date: /home/dyddl2082/ros2_ws/install/polygon_base/share/polygon_base/environment/ament_prefix_path.sh
[0.158s] -- Up-to-date: /home/dyddl2082/ros2_ws/install/polygon_base/share/polygon_base/environment/ament_prefix_path.dsv
[0.158s] -- Up-to-date: /home/dyddl2082/ros2_ws/install/polygon_base/share/polygon_base/environment/path.sh
[0.158s] -- Up-to-date: /home/dyddl2082/ros2_ws/install/polygon_base/share/polygon_base/environment/path.dsv
[0.158s] -- Up-to-date: /home/dyddl2082/ros2_ws/install/polygon_base/share/polygon_base/local_setup.bash
[0.158s] -- Up-to-date: /home/dyddl2082/ros2_ws/install/polygon_base/share/polygon_base/local_setup.sh
[0.158s] -- Up-to-date: /home/dyddl2082/ros2_ws/install/polygon_base/share/polygon_base/local_setup.zsh
[0.158s] -- Up-to-date: /home/dyddl2082/ros2_ws/install/polygon_base/share/polygon_base/local_setup.dsv
[0.158s] -- Installing: /home/dyddl2082/ros2_ws/install/polygon_base/share/polygon_base/package.dsv
[0.159s] -- Up-to-date: /home/dyddl2082/ros2_ws/install/polygon_base/share/ament_index/resource_index/packages/polygon_base
[0.159s] -- Up-to-date: /home/dyddl2082/ros2_ws/install/polygon_base/share/polygon_base/cmake/ament_cmake_export_include_directories-extras.cmake
[0.159s] -- Up-to-date: /home/dyddl2082/ros2_ws/install/polygon_base/share/polygon_base/cmake/polygon_baseConfig.cmake
[0.159s] -- Up-to-date: /home/dyddl2082/ros2_ws/install/polygon_base/share/polygon_base/cmake/polygon_baseConfig-version.cmake
[0.159s] -- Up-to-date: /home/dyddl2082/ros2_ws/install/polygon_base/share/polygon_base/package.xml
[0.161s] Invoked command in '/home/dyddl2082/ros2_ws/build/polygon_base' returned '0': CMAKE_PREFIX_PATH=/opt/ros/foxy /usr/bin/cmake --install /home/dyddl2082/ros2_ws/build/polygon_base
