[0.015s] Invoking command in '/home/dyddl2082/ros2_ws/build/Wild_Gunman': CMAKE_PREFIX_PATH=${CMAKE_PREFIX_PATH}:/opt/ros/foxy /usr/bin/cmake --build /home/dyddl2082/ros2_ws/build/Wild_Gunman -- -j18 -l18
[0.043s] -- Found ament_cmake: 0.9.12 (/opt/ros/foxy/share/ament_cmake/cmake)
[0.065s] -- Using PYTHON_EXECUTABLE: /usr/bin/python3
[0.221s] -- Found rclcpp: 2.4.3 (/opt/ros/foxy/share/rclcpp/cmake)
[0.544s] -- Using all available rosidl_typesupport_c: rosidl_typesupport_fastrtps_c;rosidl_typesupport_introspection_c
[0.548s] -- Found rosidl_adapter: 1.3.1 (/opt/ros/foxy/share/rosidl_adapter/cmake)
[9.980s] -- Using all available rosidl_typesupport_cpp: rosidl_typesupport_fastrtps_cpp;rosidl_typesupport_introspection_cpp
[10.045s] -- Found rmw_implementation_cmake: 1.0.4 (/opt/ros/foxy/share/rmw_implementation_cmake/cmake)
[10.048s] -- Using RMW implementation 'rmw_fastrtps_cpp' as default
[10.185s] -- Found ament_lint_auto: 0.9.8 (/opt/ros/foxy/share/ament_lint_auto/cmake)
[10.240s] WARNING: Package name "Wild_Gunman" does not follow the naming conventions. It should start with a lower case letter and only contain lower case letters, digits, underscores, and dashes.
[10.269s] -- Added test 'copyright' to check source files copyright and LICENSE
[10.269s] -- Added test 'cppcheck' to perform static code analysis on C / C++ code
[10.270s] -- Configured cppcheck include dirs: 
[10.270s] -- Configured cppcheck exclude dirs and/or files: 
[10.270s] -- Added test 'cpplint' to check C / C++ code against the Google style
[10.270s] -- Configured cpplint exclude dirs and/or files: 
[10.271s] -- Added test 'lint_cmake' to check CMake code style
[10.273s] -- Added test 'uncrustify' to check C / C++ code style
[10.273s] -- Configured uncrustify additional arguments: 
[10.273s] -- Added test 'xmllint' to check XML markup files
[10.277s] -- Configuring done
[10.291s] -- Generating done
[10.295s] -- Build files have been written to: /home/dyddl2082/ros2_ws/build/Wild_Gunman
[10.332s] [ 25%] [32mBuilding CXX object CMakeFiles/player.dir/src/Player.cpp.o[0m
[10.334s] [ 75%] Built target gunman
[10.361s] [01m[K/home/dyddl2082/ros2_ws/src/Wild_Gunman/src/Player.cpp:8:10:[m[K [01;31m[Kfatal error: [m[Kfcnt1.h: No such file or directory
[10.361s]     8 | #include [01;31m[K<fcnt1.h>[m[K
[10.361s]       |          [01;31m[K^~~~~~~~~[m[K
[10.362s] compilation terminated.
[10.363s] make[2]: *** [CMakeFiles/player.dir/build.make:63: CMakeFiles/player.dir/src/Player.cpp.o] Error 1
[10.363s] make[1]: *** [CMakeFiles/Makefile2:80: CMakeFiles/player.dir/all] Error 2
[10.363s] make: *** [Makefile:141: all] Error 2
[10.366s] Invoked command in '/home/dyddl2082/ros2_ws/build/Wild_Gunman' returned '2': CMAKE_PREFIX_PATH=${CMAKE_PREFIX_PATH}:/opt/ros/foxy /usr/bin/cmake --build /home/dyddl2082/ros2_ws/build/Wild_Gunman -- -j18 -l18
