[0.012s] Invoking command in '/home/dyddl2082/ros2_ws/build/Wild_Gunman': CMAKE_PREFIX_PATH=${CMAKE_PREFIX_PATH}:/opt/ros/foxy /usr/bin/cmake --build /home/dyddl2082/ros2_ws/build/Wild_Gunman -- -j18 -l18
[0.058s] [35m[1mScanning dependencies of target player[0m
[0.077s] [ 50%] Built target gunman
[0.085s] [ 75%] [32mBuilding CXX object CMakeFiles/player.dir/src/Player.cpp.o[0m
[4.042s] [100%] [32m[1mLinking CXX executable player[0m
[4.435s] [100%] Built target player
[4.446s] Invoked command in '/home/dyddl2082/ros2_ws/build/Wild_Gunman' returned '0': CMAKE_PREFIX_PATH=${CMAKE_PREFIX_PATH}:/opt/ros/foxy /usr/bin/cmake --build /home/dyddl2082/ros2_ws/build/Wild_Gunman -- -j18 -l18
[4.459s] Invoking command in '/home/dyddl2082/ros2_ws/build/Wild_Gunman': CMAKE_PREFIX_PATH=${CMAKE_PREFIX_PATH}:/opt/ros/foxy /usr/bin/cmake --install /home/dyddl2082/ros2_ws/build/Wild_Gunman
[4.468s] -- Install configuration: ""
[4.469s] -- Installing: /home/dyddl2082/ros2_ws/install/Wild_Gunman/lib/Wild_Gunman/gunman
[4.470s] -- Set runtime path of "/home/dyddl2082/ros2_ws/install/Wild_Gunman/lib/Wild_Gunman/gunman" to ""
[4.471s] -- Installing: /home/dyddl2082/ros2_ws/install/Wild_Gunman/lib/Wild_Gunman/player
[4.472s] -- Set runtime path of "/home/dyddl2082/ros2_ws/install/Wild_Gunman/lib/Wild_Gunman/player" to ""
[4.473s] -- Up-to-date: /home/dyddl2082/ros2_ws/install/Wild_Gunman/share/ament_index/resource_index/package_run_dependencies/Wild_Gunman
[4.473s] -- Installing: /home/dyddl2082/ros2_ws/install/Wild_Gunman/share/ament_index/resource_index/parent_prefix_path/Wild_Gunman
[4.473s] -- Up-to-date: /home/dyddl2082/ros2_ws/install/Wild_Gunman/share/Wild_Gunman/environment/ament_prefix_path.sh
[4.473s] -- Installing: /home/dyddl2082/ros2_ws/install/Wild_Gunman/share/Wild_Gunman/environment/ament_prefix_path.dsv
[4.473s] -- Up-to-date: /home/dyddl2082/ros2_ws/install/Wild_Gunman/share/Wild_Gunman/environment/path.sh
[4.473s] -- Installing: /home/dyddl2082/ros2_ws/install/Wild_Gunman/share/Wild_Gunman/environment/path.dsv
[4.474s] -- Up-to-date: /home/dyddl2082/ros2_ws/install/Wild_Gunman/share/Wild_Gunman/local_setup.bash
[4.474s] -- Up-to-date: /home/dyddl2082/ros2_ws/install/Wild_Gunman/share/Wild_Gunman/local_setup.sh
[4.475s] -- Up-to-date: /home/dyddl2082/ros2_ws/install/Wild_Gunman/share/Wild_Gunman/local_setup.zsh
[4.475s] -- Installing: /home/dyddl2082/ros2_ws/install/Wild_Gunman/share/Wild_Gunman/local_setup.dsv
[4.475s] -- Installing: /home/dyddl2082/ros2_ws/install/Wild_Gunman/share/Wild_Gunman/package.dsv
[4.475s] -- Up-to-date: /home/dyddl2082/ros2_ws/install/Wild_Gunman/share/ament_index/resource_index/packages/Wild_Gunman
[4.475s] -- Up-to-date: /home/dyddl2082/ros2_ws/install/Wild_Gunman/share/Wild_Gunman/cmake/Wild_GunmanConfig.cmake
[4.475s] -- Up-to-date: /home/dyddl2082/ros2_ws/install/Wild_Gunman/share/Wild_Gunman/cmake/Wild_GunmanConfig-version.cmake
[4.475s] -- Up-to-date: /home/dyddl2082/ros2_ws/install/Wild_Gunman/share/Wild_Gunman/package.xml
[4.477s] Invoked command in '/home/dyddl2082/ros2_ws/build/Wild_Gunman' returned '0': CMAKE_PREFIX_PATH=${CMAKE_PREFIX_PATH}:/opt/ros/foxy /usr/bin/cmake --install /home/dyddl2082/ros2_ws/build/Wild_Gunman
