[0.017s] Invoking command in '/home/dyddl2082/ros2_ws/build/my_package': CMAKE_PREFIX_PATH=${CMAKE_PREFIX_PATH}:/opt/ros/foxy /usr/bin/cmake /home/dyddl2082/ros2_ws/src/my_package -DCMAKE_INSTALL_PREFIX=/home/dyddl2082/ros2_ws/install/my_package
[0.532s] -- The C compiler identification is GNU 9.4.0
[1.220s] -- The CXX compiler identification is GNU 9.4.0
[1.592s] -- Check for working C compiler: /usr/bin/cc
[1.886s] -- Check for working C compiler: /usr/bin/cc -- works
[1.897s] -- Detecting C compiler ABI info
[2.265s] -- Detecting C compiler ABI info - done
[2.286s] -- Detecting C compile features
[2.288s] -- Detecting C compile features - done
[2.291s] -- Check for working CXX compiler: /usr/bin/c++
[2.578s] -- Check for working CXX compiler: /usr/bin/c++ -- works
[2.578s] -- Detecting CXX compiler ABI info
[2.827s] -- Detecting CXX compiler ABI info - done
[2.834s] -- Detecting CXX compile features
[2.834s] -- Detecting CXX compile features - done
[2.846s] -- Found ament_cmake: 0.9.12 (/opt/ros/foxy/share/ament_cmake/cmake)
[2.865s] -- Found PythonInterp: /usr/bin/python3 (found suitable version "3.8.10", minimum required is "3") 
[2.865s] -- Using PYTHON_EXECUTABLE: /usr/bin/python3
[2.994s] -- Found ament_lint_auto: 0.9.8 (/opt/ros/foxy/share/ament_lint_auto/cmake)
[3.061s] -- Added test 'copyright' to check source files copyright and LICENSE
[3.062s] -- Added test 'cppcheck' to perform static code analysis on C / C++ code
[3.062s] -- Configured cppcheck include dirs: $<BUILD_INTERFACE:/home/dyddl2082/ros2_ws/src/my_package/include>
[3.062s] -- Configured cppcheck exclude dirs and/or files: 
[3.063s] -- Added test 'cpplint' to check C / C++ code against the Google style
[3.064s] -- Configured cpplint exclude dirs and/or files: 
[3.064s] -- Added test 'lint_cmake' to check CMake code style
[3.065s] -- Added test 'uncrustify' to check C / C++ code style
[3.065s] -- Configured uncrustify additional arguments: 
[3.065s] -- Added test 'xmllint' to check XML markup files
[3.066s] -- Configuring done
[3.070s] -- Generating done
[3.071s] -- Build files have been written to: /home/dyddl2082/ros2_ws/build/my_package
[3.074s] Invoked command in '/home/dyddl2082/ros2_ws/build/my_package' returned '0': CMAKE_PREFIX_PATH=${CMAKE_PREFIX_PATH}:/opt/ros/foxy /usr/bin/cmake /home/dyddl2082/ros2_ws/src/my_package -DCMAKE_INSTALL_PREFIX=/home/dyddl2082/ros2_ws/install/my_package
[3.075s] Invoking command in '/home/dyddl2082/ros2_ws/build/my_package': CMAKE_PREFIX_PATH=${CMAKE_PREFIX_PATH}:/opt/ros/foxy /usr/bin/cmake --build /home/dyddl2082/ros2_ws/build/my_package -- -j18 -l18
[3.106s] [35m[1mScanning dependencies of target my_node[0m
[3.116s] [ 50%] [32mBuilding CXX object CMakeFiles/my_node.dir/src/my_node.cpp.o[0m
[3.147s] [100%] [32m[1mLinking CXX executable my_node[0m
[3.390s] [100%] Built target my_node
[3.399s] Invoked command in '/home/dyddl2082/ros2_ws/build/my_package' returned '0': CMAKE_PREFIX_PATH=${CMAKE_PREFIX_PATH}:/opt/ros/foxy /usr/bin/cmake --build /home/dyddl2082/ros2_ws/build/my_package -- -j18 -l18
[3.402s] Invoking command in '/home/dyddl2082/ros2_ws/build/my_package': CMAKE_PREFIX_PATH=${CMAKE_PREFIX_PATH}:/opt/ros/foxy /usr/bin/cmake --install /home/dyddl2082/ros2_ws/build/my_package
[3.408s] -- Install configuration: ""
[3.409s] -- Installing: /home/dyddl2082/ros2_ws/install/my_package/lib/my_package/my_node
[3.410s] -- Installing: /home/dyddl2082/ros2_ws/install/my_package/share/ament_index/resource_index/package_run_dependencies/my_package
[3.410s] -- Installing: /home/dyddl2082/ros2_ws/install/my_package/share/ament_index/resource_index/parent_prefix_path/my_package
[3.410s] -- Installing: /home/dyddl2082/ros2_ws/install/my_package/share/my_package/environment/ament_prefix_path.sh
[3.410s] -- Installing: /home/dyddl2082/ros2_ws/install/my_package/share/my_package/environment/ament_prefix_path.dsv
[3.410s] -- Installing: /home/dyddl2082/ros2_ws/install/my_package/share/my_package/environment/path.sh
[3.410s] -- Installing: /home/dyddl2082/ros2_ws/install/my_package/share/my_package/environment/path.dsv
[3.411s] -- Installing: /home/dyddl2082/ros2_ws/install/my_package/share/my_package/local_setup.bash
[3.411s] -- Installing: /home/dyddl2082/ros2_ws/install/my_package/share/my_package/local_setup.sh
[3.411s] -- Installing: /home/dyddl2082/ros2_ws/install/my_package/share/my_package/local_setup.zsh
[3.411s] -- Installing: /home/dyddl2082/ros2_ws/install/my_package/share/my_package/local_setup.dsv
[3.412s] -- Installing: /home/dyddl2082/ros2_ws/install/my_package/share/my_package/package.dsv
[3.412s] -- Installing: /home/dyddl2082/ros2_ws/install/my_package/share/ament_index/resource_index/packages/my_package
[3.412s] -- Installing: /home/dyddl2082/ros2_ws/install/my_package/share/my_package/cmake/my_packageConfig.cmake
[3.412s] -- Installing: /home/dyddl2082/ros2_ws/install/my_package/share/my_package/cmake/my_packageConfig-version.cmake
[3.412s] -- Installing: /home/dyddl2082/ros2_ws/install/my_package/share/my_package/package.xml
[3.413s] Invoked command in '/home/dyddl2082/ros2_ws/build/my_package' returned '0': CMAKE_PREFIX_PATH=${CMAKE_PREFIX_PATH}:/opt/ros/foxy /usr/bin/cmake --install /home/dyddl2082/ros2_ws/build/my_package
