-- Found ament_cmake: 0.9.12 (/opt/ros/foxy/share/ament_cmake/cmake)
-- Using PYTHON_EXECUTABLE: /usr/bin/python3
-- Override CMake install command with custom implementation using symlinks instead of copying resources
-- Found rclpy: 1.0.13 (/opt/ros/foxy/share/rclpy/cmake)
-- Found urdf: 2.4.0 (/opt/ros/foxy/share/urdf/cmake)
-- Found ament_lint_auto: 0.9.8 (/opt/ros/foxy/share/ament_lint_auto/cmake)
-- Added test 'copyright' to check source files copyright and LICENSE
-- Added test 'flake8' to check Python code syntax and style conventions
-- Added test 'lint_cmake' to check CMake code style
-- Added test 'pep257' to check Python code against some of the style conventions in PEP 257
-- Added test 'xmllint' to check XML markup files
-- Configuring done
-- Generating done
-- Build files have been written to: /home/dyddl2082/ros2_ws/build/two_joint_arm
-- Install configuration: ""
-- Execute custom install script
-- Symlinking: /home/dyddl2082/ros2_ws/install/two_joint_arm/share/two_joint_arm//urdf/two_joint_arm.xacro
-- Symlinking: /home/dyddl2082/ros2_ws/install/two_joint_arm/share/two_joint_arm//launch/display.launch.py
-- Symlinking: /home/dyddl2082/ros2_ws/install/two_joint_arm/share/ament_index/resource_index/package_run_dependencies/two_joint_arm
-- Symlinking: /home/dyddl2082/ros2_ws/install/two_joint_arm/share/ament_index/resource_index/parent_prefix_path/two_joint_arm
-- Symlinking: /home/dyddl2082/ros2_ws/install/two_joint_arm/share/two_joint_arm/environment/ament_prefix_path.sh
-- Symlinking: /home/dyddl2082/ros2_ws/install/two_joint_arm/share/two_joint_arm/environment/ament_prefix_path.dsv
-- Symlinking: /home/dyddl2082/ros2_ws/install/two_joint_arm/share/two_joint_arm/environment/path.sh
-- Symlinking: /home/dyddl2082/ros2_ws/install/two_joint_arm/share/two_joint_arm/environment/path.dsv
-- Symlinking: /home/dyddl2082/ros2_ws/install/two_joint_arm/share/two_joint_arm/local_setup.bash
-- Symlinking: /home/dyddl2082/ros2_ws/install/two_joint_arm/share/two_joint_arm/local_setup.sh
-- Symlinking: /home/dyddl2082/ros2_ws/install/two_joint_arm/share/two_joint_arm/local_setup.zsh
-- Symlinking: /home/dyddl2082/ros2_ws/install/two_joint_arm/share/two_joint_arm/local_setup.dsv
-- Symlinking: /home/dyddl2082/ros2_ws/install/two_joint_arm/share/two_joint_arm/package.dsv
-- Symlinking: /home/dyddl2082/ros2_ws/install/two_joint_arm/share/ament_index/resource_index/packages/two_joint_arm
-- Symlinking: /home/dyddl2082/ros2_ws/install/two_joint_arm/share/two_joint_arm/cmake/two_joint_armConfig.cmake
-- Symlinking: /home/dyddl2082/ros2_ws/install/two_joint_arm/share/two_joint_arm/cmake/two_joint_armConfig-version.cmake
-- Symlinking: /home/dyddl2082/ros2_ws/install/two_joint_arm/share/two_joint_arm/package.xml
