[0.014s] Invoking command in '/home/dyddl2082/ros2_ws/build/two_joint_arm': CMAKE_PREFIX_PATH=${CMAKE_PREFIX_PATH}:/opt/ros/foxy /usr/bin/cmake /home/dyddl2082/ros2_ws/src/two_joint_arm -DAMENT_CMAKE_SYMLINK_INSTALL=1 -DCMAKE_INSTALL_PREFIX=/home/dyddl2082/ros2_ws/install/two_joint_arm
[0.065s] -- Found ament_cmake: 0.9.12 (/opt/ros/foxy/share/ament_cmake/cmake)
[0.088s] -- Using PYTHON_EXECUTABLE: /usr/bin/python3
[0.233s] -- Override CMake install command with custom implementation using symlinks instead of copying resources
[0.253s] -- Found rclpy: 1.0.13 (/opt/ros/foxy/share/rclpy/cmake)
[0.254s] -- Found urdf: 2.4.0 (/opt/ros/foxy/share/urdf/cmake)
[2.260s] -- Found ament_lint_auto: 0.9.8 (/opt/ros/foxy/share/ament_lint_auto/cmake)
[2.339s] -- Added test 'copyright' to check source files copyright and LICENSE
[2.340s] -- Added test 'flake8' to check Python code syntax and style conventions
[2.341s] -- Added test 'lint_cmake' to check CMake code style
[2.341s] -- Added test 'pep257' to check Python code against some of the style conventions in PEP 257
[2.342s] -- Added test 'xmllint' to check XML markup files
[2.344s] -- Configuring done
[2.349s] -- Generating done
[2.350s] -- Build files have been written to: /home/dyddl2082/ros2_ws/build/two_joint_arm
[2.356s] Invoked command in '/home/dyddl2082/ros2_ws/build/two_joint_arm' returned '0': CMAKE_PREFIX_PATH=${CMAKE_PREFIX_PATH}:/opt/ros/foxy /usr/bin/cmake /home/dyddl2082/ros2_ws/src/two_joint_arm -DAMENT_CMAKE_SYMLINK_INSTALL=1 -DCMAKE_INSTALL_PREFIX=/home/dyddl2082/ros2_ws/install/two_joint_arm
[2.359s] Invoking command in '/home/dyddl2082/ros2_ws/build/two_joint_arm': CMAKE_PREFIX_PATH=${CMAKE_PREFIX_PATH}:/opt/ros/foxy /usr/bin/cmake --build /home/dyddl2082/ros2_ws/build/two_joint_arm -- -j18 -l18
[2.391s] Invoked command in '/home/dyddl2082/ros2_ws/build/two_joint_arm' returned '0': CMAKE_PREFIX_PATH=${CMAKE_PREFIX_PATH}:/opt/ros/foxy /usr/bin/cmake --build /home/dyddl2082/ros2_ws/build/two_joint_arm -- -j18 -l18
[2.402s] Invoking command in '/home/dyddl2082/ros2_ws/build/two_joint_arm': CMAKE_PREFIX_PATH=${CMAKE_PREFIX_PATH}:/opt/ros/foxy /usr/bin/cmake --install /home/dyddl2082/ros2_ws/build/two_joint_arm
[2.409s] -- Install configuration: ""
[2.409s] -- Execute custom install script
[2.410s] -- Symlinking: /home/dyddl2082/ros2_ws/install/two_joint_arm/share/two_joint_arm//urdf/two_joint_arm.xacro
[2.418s] -- Symlinking: /home/dyddl2082/ros2_ws/install/two_joint_arm/share/two_joint_arm//launch/display.launch.py
[2.426s] -- Symlinking: /home/dyddl2082/ros2_ws/install/two_joint_arm/share/ament_index/resource_index/package_run_dependencies/two_joint_arm
[2.434s] -- Symlinking: /home/dyddl2082/ros2_ws/install/two_joint_arm/share/ament_index/resource_index/parent_prefix_path/two_joint_arm
[2.442s] -- Symlinking: /home/dyddl2082/ros2_ws/install/two_joint_arm/share/two_joint_arm/environment/ament_prefix_path.sh
[2.449s] -- Symlinking: /home/dyddl2082/ros2_ws/install/two_joint_arm/share/two_joint_arm/environment/ament_prefix_path.dsv
[2.458s] -- Symlinking: /home/dyddl2082/ros2_ws/install/two_joint_arm/share/two_joint_arm/environment/path.sh
[2.465s] -- Symlinking: /home/dyddl2082/ros2_ws/install/two_joint_arm/share/two_joint_arm/environment/path.dsv
[2.472s] -- Symlinking: /home/dyddl2082/ros2_ws/install/two_joint_arm/share/two_joint_arm/local_setup.bash
[2.480s] -- Symlinking: /home/dyddl2082/ros2_ws/install/two_joint_arm/share/two_joint_arm/local_setup.sh
[2.487s] -- Symlinking: /home/dyddl2082/ros2_ws/install/two_joint_arm/share/two_joint_arm/local_setup.zsh
[2.494s] -- Symlinking: /home/dyddl2082/ros2_ws/install/two_joint_arm/share/two_joint_arm/local_setup.dsv
[2.504s] -- Symlinking: /home/dyddl2082/ros2_ws/install/two_joint_arm/share/two_joint_arm/package.dsv
[2.511s] -- Symlinking: /home/dyddl2082/ros2_ws/install/two_joint_arm/share/ament_index/resource_index/packages/two_joint_arm
[2.519s] -- Symlinking: /home/dyddl2082/ros2_ws/install/two_joint_arm/share/two_joint_arm/cmake/two_joint_armConfig.cmake
[2.526s] -- Symlinking: /home/dyddl2082/ros2_ws/install/two_joint_arm/share/two_joint_arm/cmake/two_joint_armConfig-version.cmake
[2.534s] -- Symlinking: /home/dyddl2082/ros2_ws/install/two_joint_arm/share/two_joint_arm/package.xml
[2.543s] Invoked command in '/home/dyddl2082/ros2_ws/build/two_joint_arm' returned '0': CMAKE_PREFIX_PATH=${CMAKE_PREFIX_PATH}:/opt/ros/foxy /usr/bin/cmake --install /home/dyddl2082/ros2_ws/build/two_joint_arm
