[0.015s] Invoking command in '/home/dyddl2082/ros2_ws/build/cpp_pubsub': CMAKE_PREFIX_PATH=${CMAKE_PREFIX_PATH}:/opt/ros/foxy /usr/bin/cmake /home/dyddl2082/ros2_ws/src/cpp_pubsub -DCMAKE_INSTALL_PREFIX=/home/dyddl2082/ros2_ws/install/cpp_pubsub
[0.427s] -- The C compiler identification is GNU 9.4.0
[1.018s] -- The CXX compiler identification is GNU 9.4.0
[1.354s] -- Check for working C compiler: /usr/bin/cc
[1.627s] -- Check for working C compiler: /usr/bin/cc -- works
[1.627s] -- Detecting C compiler ABI info
[1.901s] -- Detecting C compiler ABI info - done
[1.907s] -- Detecting C compile features
[1.907s] -- Detecting C compile features - done
[1.909s] -- Check for working CXX compiler: /usr/bin/c++
[2.170s] -- Check for working CXX compiler: /usr/bin/c++ -- works
[2.171s] -- Detecting CXX compiler ABI info
[2.419s] -- Detecting CXX compiler ABI info - done
[2.427s] -- Detecting CXX compile features
[2.427s] -- Detecting CXX compile features - done
[2.428s] -- Found ament_cmake: 0.9.12 (/opt/ros/foxy/share/ament_cmake/cmake)
[2.447s] -- Found PythonInterp: /usr/bin/python3 (found suitable version "3.8.10", minimum required is "3") 
[2.447s] -- Using PYTHON_EXECUTABLE: /usr/bin/python3
[2.607s] -- Found rclcpp: 2.4.3 (/opt/ros/foxy/share/rclcpp/cmake)
[3.012s] -- Using all available rosidl_typesupport_c: rosidl_typesupport_fastrtps_c;rosidl_typesupport_introspection_c
[3.022s] -- Found rosidl_adapter: 1.3.1 (/opt/ros/foxy/share/rosidl_adapter/cmake)
[5.340s] -- Found OpenSSL: /usr/lib/x86_64-linux-gnu/libcrypto.so (found version "1.1.1f")  
[7.563s] -- Found FastRTPS: /opt/ros/foxy/include  
[11.257s] -- Using all available rosidl_typesupport_cpp: rosidl_typesupport_fastrtps_cpp;rosidl_typesupport_introspection_cpp
[11.313s] -- Found rmw_implementation_cmake: 1.0.4 (/opt/ros/foxy/share/rmw_implementation_cmake/cmake)
[11.315s] -- Using RMW implementation 'rmw_fastrtps_cpp' as default
[11.318s] -- Looking for pthread.h
[11.592s] -- Looking for pthread.h - found
[11.592s] -- Performing Test CMAKE_HAVE_LIBC_PTHREAD
[11.831s] -- Performing Test CMAKE_HAVE_LIBC_PTHREAD - Failed
[11.832s] -- Looking for pthread_create in pthreads
[12.166s] -- Looking for pthread_create in pthreads - not found
[12.167s] -- Looking for pthread_create in pthread
[12.470s] -- Looking for pthread_create in pthread - found
[12.472s] -- Found Threads: TRUE  
[12.628s] -- Found ament_lint_auto: 0.9.8 (/opt/ros/foxy/share/ament_lint_auto/cmake)
[12.701s] -- Added test 'copyright' to check source files copyright and LICENSE
[12.702s] -- Added test 'cppcheck' to perform static code analysis on C / C++ code
[12.703s] -- Configured cppcheck include dirs: 
[12.703s] -- Configured cppcheck exclude dirs and/or files: 
[12.704s] -- Added test 'cpplint' to check C / C++ code against the Google style
[12.704s] -- Configured cpplint exclude dirs and/or files: 
[12.706s] -- Added test 'lint_cmake' to check CMake code style
[12.706s] -- Added test 'uncrustify' to check C / C++ code style
[12.706s] -- Configured uncrustify additional arguments: 
[12.707s] -- Added test 'xmllint' to check XML markup files
[12.708s] -- Configuring done
[12.716s] -- Generating done
[12.720s] -- Build files have been written to: /home/dyddl2082/ros2_ws/build/cpp_pubsub
[12.727s] Invoked command in '/home/dyddl2082/ros2_ws/build/cpp_pubsub' returned '0': CMAKE_PREFIX_PATH=${CMAKE_PREFIX_PATH}:/opt/ros/foxy /usr/bin/cmake /home/dyddl2082/ros2_ws/src/cpp_pubsub -DCMAKE_INSTALL_PREFIX=/home/dyddl2082/ros2_ws/install/cpp_pubsub
[12.730s] Invoking command in '/home/dyddl2082/ros2_ws/build/cpp_pubsub': CMAKE_PREFIX_PATH=${CMAKE_PREFIX_PATH}:/opt/ros/foxy /usr/bin/cmake --build /home/dyddl2082/ros2_ws/build/cpp_pubsub -- -j18 -l18
[12.761s] [35m[1mScanning dependencies of target talker[0m
[12.762s] [35m[1mScanning dependencies of target listener[0m
[12.871s] [ 25%] [32mBuilding CXX object CMakeFiles/talker.dir/src/publisher_member_function.cpp.o[0m
[12.871s] [ 50%] [32mBuilding CXX object CMakeFiles/listener.dir/src/subscriber_member_function.cpp.o[0m
[15.488s] [ 75%] [32m[1mLinking CXX executable talker[0m
[15.889s] [ 75%] Built target talker
[16.844s] [100%] [32m[1mLinking CXX executable listener[0m
[17.247s] [100%] Built target listener
[17.260s] Invoked command in '/home/dyddl2082/ros2_ws/build/cpp_pubsub' returned '0': CMAKE_PREFIX_PATH=${CMAKE_PREFIX_PATH}:/opt/ros/foxy /usr/bin/cmake --build /home/dyddl2082/ros2_ws/build/cpp_pubsub -- -j18 -l18
[17.275s] Invoking command in '/home/dyddl2082/ros2_ws/build/cpp_pubsub': CMAKE_PREFIX_PATH=${CMAKE_PREFIX_PATH}:/opt/ros/foxy /usr/bin/cmake --install /home/dyddl2082/ros2_ws/build/cpp_pubsub
[17.280s] -- Install configuration: ""
[17.280s] -- Installing: /home/dyddl2082/ros2_ws/install/cpp_pubsub/lib/cpp_pubsub/talker
[17.280s] -- Set runtime path of "/home/dyddl2082/ros2_ws/install/cpp_pubsub/lib/cpp_pubsub/talker" to ""
[17.281s] -- Installing: /home/dyddl2082/ros2_ws/install/cpp_pubsub/lib/cpp_pubsub/listener
[17.282s] -- Set runtime path of "/home/dyddl2082/ros2_ws/install/cpp_pubsub/lib/cpp_pubsub/listener" to ""
[17.283s] -- Installing: /home/dyddl2082/ros2_ws/install/cpp_pubsub/share/ament_index/resource_index/package_run_dependencies/cpp_pubsub
[17.283s] -- Installing: /home/dyddl2082/ros2_ws/install/cpp_pubsub/share/ament_index/resource_index/parent_prefix_path/cpp_pubsub
[17.283s] -- Installing: /home/dyddl2082/ros2_ws/install/cpp_pubsub/share/cpp_pubsub/environment/ament_prefix_path.sh
[17.283s] -- Installing: /home/dyddl2082/ros2_ws/install/cpp_pubsub/share/cpp_pubsub/environment/ament_prefix_path.dsv
[17.284s] -- Installing: /home/dyddl2082/ros2_ws/install/cpp_pubsub/share/cpp_pubsub/environment/path.sh
[17.284s] -- Installing: /home/dyddl2082/ros2_ws/install/cpp_pubsub/share/cpp_pubsub/environment/path.dsv
[17.284s] -- Installing: /home/dyddl2082/ros2_ws/install/cpp_pubsub/share/cpp_pubsub/local_setup.bash
[17.284s] -- Installing: /home/dyddl2082/ros2_ws/install/cpp_pubsub/share/cpp_pubsub/local_setup.sh
[17.284s] -- Installing: /home/dyddl2082/ros2_ws/install/cpp_pubsub/share/cpp_pubsub/local_setup.zsh
[17.284s] -- Installing: /home/dyddl2082/ros2_ws/install/cpp_pubsub/share/cpp_pubsub/local_setup.dsv
[17.284s] -- Installing: /home/dyddl2082/ros2_ws/install/cpp_pubsub/share/cpp_pubsub/package.dsv
[17.285s] -- Installing: /home/dyddl2082/ros2_ws/install/cpp_pubsub/share/ament_index/resource_index/packages/cpp_pubsub
[17.285s] -- Installing: /home/dyddl2082/ros2_ws/install/cpp_pubsub/share/cpp_pubsub/cmake/cpp_pubsubConfig.cmake
[17.285s] -- Installing: /home/dyddl2082/ros2_ws/install/cpp_pubsub/share/cpp_pubsub/cmake/cpp_pubsubConfig-version.cmake
[17.285s] -- Installing: /home/dyddl2082/ros2_ws/install/cpp_pubsub/share/cpp_pubsub/package.xml
[17.288s] Invoked command in '/home/dyddl2082/ros2_ws/build/cpp_pubsub' returned '0': CMAKE_PREFIX_PATH=${CMAKE_PREFIX_PATH}:/opt/ros/foxy /usr/bin/cmake --install /home/dyddl2082/ros2_ws/build/cpp_pubsub
