[0.018s] Invoking command in '/home/dyddl2082/ros2_ws/build/tutorial_interfaces': CMAKE_PREFIX_PATH=${CMAKE_PREFIX_PATH}:/opt/ros/foxy /usr/bin/cmake /home/dyddl2082/ros2_ws/src/tutorial_interfaces -DCMAKE_INSTALL_PREFIX=/home/dyddl2082/ros2_ws/install/tutorial_interfaces
[0.489s] -- The C compiler identification is GNU 9.4.0
[1.014s] -- The CXX compiler identification is GNU 9.4.0
[1.350s] -- Check for working C compiler: /usr/bin/cc
[1.664s] -- Check for working C compiler: /usr/bin/cc -- works
[1.675s] -- Detecting C compiler ABI info
[1.975s] -- Detecting C compiler ABI info - done
[1.991s] -- Detecting C compile features
[1.992s] -- Detecting C compile features - done
[1.996s] -- Check for working CXX compiler: /usr/bin/c++
[2.284s] -- Check for working CXX compiler: /usr/bin/c++ -- works
[2.285s] -- Detecting CXX compiler ABI info
[2.571s] -- Detecting CXX compiler ABI info - done
[2.577s] -- Detecting CXX compile features
[2.578s] -- Detecting CXX compile features - done
[2.594s] -- Found ament_cmake: 0.9.12 (/opt/ros/foxy/share/ament_cmake/cmake)
[2.621s] -- Found PythonInterp: /usr/bin/python3 (found suitable version "3.8.10", minimum required is "3") 
[2.621s] -- Using PYTHON_EXECUTABLE: /usr/bin/python3
[2.792s] -- Found geometry_msgs: 2.0.5 (/opt/ros/foxy/share/geometry_msgs/cmake)
[3.190s] -- Using all available rosidl_typesupport_c: rosidl_typesupport_fastrtps_c;rosidl_typesupport_introspection_c
[3.199s] -- Found rosidl_adapter: 1.3.1 (/opt/ros/foxy/share/rosidl_adapter/cmake)
[5.491s] -- Found OpenSSL: /usr/lib/x86_64-linux-gnu/libcrypto.so (found version "1.1.1f")  
[7.817s] -- Found FastRTPS: /opt/ros/foxy/include  
[12.098s] -- Using all available rosidl_typesupport_cpp: rosidl_typesupport_fastrtps_cpp;rosidl_typesupport_introspection_cpp
[12.176s] -- Found rosidl_default_generators: 1.0.1 (/opt/ros/foxy/share/rosidl_default_generators/cmake)
[12.192s] -- Found ament_lint_auto: 0.9.8 (/opt/ros/foxy/share/ament_lint_auto/cmake)
[12.308s] -- Found PythonInterp: /usr/bin/python3 (found version "3.8.10") 
[12.413s] -- Found ament_cmake_ros: 0.9.2 (/opt/ros/foxy/share/ament_cmake_ros/cmake)
[20.435s] -- Using all available rosidl_typesupport_c: rosidl_typesupport_fastrtps_c;rosidl_typesupport_introspection_c
[20.511s] -- Using all available rosidl_typesupport_cpp: rosidl_typesupport_fastrtps_cpp;rosidl_typesupport_introspection_cpp
[20.529s] -- Found PythonInterp: /usr/bin/python3 (found suitable version "3.8.10", minimum required is "3.5") 
[20.533s] -- Found python_cmake_module: 0.8.1 (/opt/ros/foxy/share/python_cmake_module/cmake)
[21.661s] -- Found PythonLibs: /usr/lib/x86_64-linux-gnu/libpython3.8.so (found suitable version "3.8.10", minimum required is "3.5") 
[21.661s] -- Using PYTHON_EXECUTABLE: /usr/bin/python3
[21.661s] -- Using PYTHON_INCLUDE_DIRS: /usr/include/python3.8
[21.661s] -- Using PYTHON_LIBRARIES: /usr/lib/x86_64-linux-gnu/libpython3.8.so
[21.677s] -- Found PythonExtra: .so  
[21.851s] -- Added test 'copyright' to check source files copyright and LICENSE
[21.854s] -- Added test 'lint_cmake' to check CMake code style
[21.856s] -- Added test 'xmllint' to check XML markup files
[21.865s] -- Configuring done
[21.915s] -- Generating done
[21.926s] -- Build files have been written to: /home/dyddl2082/ros2_ws/build/tutorial_interfaces
[21.934s] Invoked command in '/home/dyddl2082/ros2_ws/build/tutorial_interfaces' returned '0': CMAKE_PREFIX_PATH=${CMAKE_PREFIX_PATH}:/opt/ros/foxy /usr/bin/cmake /home/dyddl2082/ros2_ws/src/tutorial_interfaces -DCMAKE_INSTALL_PREFIX=/home/dyddl2082/ros2_ws/install/tutorial_interfaces
[21.937s] Invoking command in '/home/dyddl2082/ros2_ws/build/tutorial_interfaces': CMAKE_PREFIX_PATH=${CMAKE_PREFIX_PATH}:/opt/ros/foxy /usr/bin/cmake --build /home/dyddl2082/ros2_ws/build/tutorial_interfaces -- -j18 -l18
[21.968s] [  2%] [34m[1mGenerating C code for ROS interfaces[0m
[21.968s] [35m[1mScanning dependencies of target tutorial_interfaces__cpp[0m
[21.979s] [  4%] [34m[1mGenerating C++ code for ROS interfaces[0m
[22.219s] [  4%] Built target tutorial_interfaces__cpp
[22.230s] [35m[1mScanning dependencies of target tutorial_interfaces__rosidl_generator_c[0m
[22.230s] [  6%] [34m[1mGenerating C++ type support dispatch for ROS interfaces[0m
[22.230s] [  8%] [34m[1mGenerating C++ introspection for ROS interfaces[0m
[22.233s] [ 10%] [34m[1mGenerating C++ type support for eProsima Fast-RTPS[0m
[22.248s] [ 12%] [32mBuilding C object CMakeFiles/tutorial_interfaces__rosidl_generator_c.dir/rosidl_generator_c/tutorial_interfaces/msg/detail/num__functions.c.o[0m
[22.250s] [ 14%] [32mBuilding C object CMakeFiles/tutorial_interfaces__rosidl_generator_c.dir/rosidl_generator_c/tutorial_interfaces/msg/detail/sphere__functions.c.o[0m
[22.255s] [ 17%] [32mBuilding C object CMakeFiles/tutorial_interfaces__rosidl_generator_c.dir/rosidl_generator_c/tutorial_interfaces/srv/detail/add_three_ints__functions.c.o[0m
[22.337s] [ 19%] [32m[1mLinking C shared library libtutorial_interfaces__rosidl_generator_c.so[0m
[22.463s] [35m[1mScanning dependencies of target tutorial_interfaces__rosidl_typesupport_cpp[0m
[22.486s] [ 21%] [32mBuilding CXX object CMakeFiles/tutorial_interfaces__rosidl_typesupport_cpp.dir/rosidl_typesupport_cpp/tutorial_interfaces/msg/num__type_support.cpp.o[0m
[22.489s] [ 23%] [32mBuilding CXX object CMakeFiles/tutorial_interfaces__rosidl_typesupport_cpp.dir/rosidl_typesupport_cpp/tutorial_interfaces/msg/sphere__type_support.cpp.o[0m
[22.490s] [35m[1mScanning dependencies of target tutorial_interfaces__rosidl_typesupport_introspection_cpp[0m
[22.491s] [ 25%] [32mBuilding CXX object CMakeFiles/tutorial_interfaces__rosidl_typesupport_cpp.dir/rosidl_typesupport_cpp/tutorial_interfaces/srv/add_three_ints__type_support.cpp.o[0m
[22.497s] [35m[1mScanning dependencies of target tutorial_interfaces__rosidl_typesupport_fastrtps_cpp[0m
[22.510s] [ 27%] [32mBuilding CXX object CMakeFiles/tutorial_interfaces__rosidl_typesupport_introspection_cpp.dir/rosidl_typesupport_introspection_cpp/tutorial_interfaces/msg/detail/num__type_support.cpp.o[0m
[22.511s] [ 29%] [32mBuilding CXX object CMakeFiles/tutorial_interfaces__rosidl_typesupport_introspection_cpp.dir/rosidl_typesupport_introspection_cpp/tutorial_interfaces/msg/detail/sphere__type_support.cpp.o[0m
[22.511s] [ 31%] [32mBuilding CXX object CMakeFiles/tutorial_interfaces__rosidl_typesupport_introspection_cpp.dir/rosidl_typesupport_introspection_cpp/tutorial_interfaces/srv/detail/add_three_ints__type_support.cpp.o[0m
[22.533s] [ 34%] [32mBuilding CXX object CMakeFiles/tutorial_interfaces__rosidl_typesupport_fastrtps_cpp.dir/rosidl_typesupport_fastrtps_cpp/tutorial_interfaces/msg/detail/dds_fastrtps/num__type_support.cpp.o[0m
[22.534s] [ 38%] [32mBuilding CXX object CMakeFiles/tutorial_interfaces__rosidl_typesupport_fastrtps_cpp.dir/rosidl_typesupport_fastrtps_cpp/tutorial_interfaces/srv/detail/dds_fastrtps/add_three_ints__type_support.cpp.o[0m
[22.534s] [ 38%] [32mBuilding CXX object CMakeFiles/tutorial_interfaces__rosidl_typesupport_fastrtps_cpp.dir/rosidl_typesupport_fastrtps_cpp/tutorial_interfaces/msg/detail/dds_fastrtps/sphere__type_support.cpp.o[0m
[22.638s] [ 38%] Built target tutorial_interfaces__rosidl_generator_c
[22.655s] [ 42%] [34m[1mGenerating C introspection for ROS interfaces[0m
[22.655s] [ 42%] [34m[1mGenerating C type support dispatch for ROS interfaces[0m
[23.011s] [ 44%] [32m[1mLinking CXX shared library libtutorial_interfaces__rosidl_typesupport_cpp.so[0m
[23.011s] [ 46%] [32m[1mLinking CXX shared library libtutorial_interfaces__rosidl_typesupport_introspection_cpp.so[0m
[23.026s] [35m[1mScanning dependencies of target tutorial_interfaces__rosidl_typesupport_c[0m
[23.035s] [35m[1mScanning dependencies of target tutorial_interfaces__rosidl_typesupport_introspection_c[0m
[23.044s] [ 51%] [32mBuilding CXX object CMakeFiles/tutorial_interfaces__rosidl_typesupport_c.dir/rosidl_typesupport_c/tutorial_interfaces/srv/add_three_ints__type_support.cpp.o[0m
[23.044s] [ 51%] [32mBuilding CXX object CMakeFiles/tutorial_interfaces__rosidl_typesupport_c.dir/rosidl_typesupport_c/tutorial_interfaces/msg/sphere__type_support.cpp.o[0m
[23.044s] [ 53%] [32mBuilding CXX object CMakeFiles/tutorial_interfaces__rosidl_typesupport_c.dir/rosidl_typesupport_c/tutorial_interfaces/msg/num__type_support.cpp.o[0m
[23.057s] [ 55%] [32mBuilding C object CMakeFiles/tutorial_interfaces__rosidl_typesupport_introspection_c.dir/rosidl_typesupport_introspection_c/tutorial_interfaces/srv/detail/add_three_ints__type_support.c.o[0m
[23.058s] [ 57%] [32mBuilding C object CMakeFiles/tutorial_interfaces__rosidl_typesupport_introspection_c.dir/rosidl_typesupport_introspection_c/tutorial_interfaces/msg/detail/num__type_support.c.o[0m
[23.059s] [ 59%] [32mBuilding C object CMakeFiles/tutorial_interfaces__rosidl_typesupport_introspection_c.dir/rosidl_typesupport_introspection_c/tutorial_interfaces/msg/detail/sphere__type_support.c.o[0m
[23.094s] [ 61%] [32m[1mLinking CXX shared library libtutorial_interfaces__rosidl_typesupport_c.so[0m
[23.098s] [ 63%] [32m[1mLinking C shared library libtutorial_interfaces__rosidl_typesupport_introspection_c.so[0m
[23.176s] [ 65%] [32m[1mLinking CXX shared library libtutorial_interfaces__rosidl_typesupport_fastrtps_cpp.so[0m
[23.209s] [ 65%] Built target tutorial_interfaces__rosidl_typesupport_cpp
[23.221s] [ 65%] Built target tutorial_interfaces__rosidl_typesupport_introspection_cpp
[23.261s] [ 65%] Built target tutorial_interfaces__rosidl_typesupport_introspection_c
[23.265s] [ 65%] Built target tutorial_interfaces__rosidl_typesupport_c
[23.450s] [ 65%] Built target tutorial_interfaces__rosidl_typesupport_fastrtps_cpp
[23.460s] [ 68%] [34m[1mGenerating C type support for eProsima Fast-RTPS[0m
[23.675s] [35m[1mScanning dependencies of target tutorial_interfaces__rosidl_typesupport_fastrtps_c[0m
[23.690s] [ 70%] [32mBuilding CXX object CMakeFiles/tutorial_interfaces__rosidl_typesupport_fastrtps_c.dir/rosidl_typesupport_fastrtps_c/tutorial_interfaces/msg/detail/num__type_support_c.cpp.o[0m
[23.693s] [ 72%] [32mBuilding CXX object CMakeFiles/tutorial_interfaces__rosidl_typesupport_fastrtps_c.dir/rosidl_typesupport_fastrtps_c/tutorial_interfaces/msg/detail/sphere__type_support_c.cpp.o[0m
[23.696s] [ 74%] [32mBuilding CXX object CMakeFiles/tutorial_interfaces__rosidl_typesupport_fastrtps_c.dir/rosidl_typesupport_fastrtps_c/tutorial_interfaces/srv/detail/add_three_ints__type_support_c.cpp.o[0m
[23.994s] [ 76%] [32m[1mLinking CXX shared library libtutorial_interfaces__rosidl_typesupport_fastrtps_c.so[0m
[24.494s] [ 76%] Built target tutorial_interfaces__rosidl_typesupport_fastrtps_c
[24.502s] [35m[1mScanning dependencies of target tutorial_interfaces[0m
[24.511s] [ 76%] Built target tutorial_interfaces
[24.518s] [35m[1mScanning dependencies of target tutorial_interfaces__py[0m
[24.527s] [ 78%] [34m[1mGenerating Python code for ROS interfaces[0m
[25.030s] [ 78%] Built target tutorial_interfaces__py
[25.039s] [35m[1mScanning dependencies of target tutorial_interfaces__python[0m
[25.080s] [ 80%] [32mBuilding C object CMakeFiles/tutorial_interfaces__python.dir/rosidl_generator_py/tutorial_interfaces/msg/_num_s.c.o[0m
[25.085s] [ 82%] [32mBuilding C object CMakeFiles/tutorial_interfaces__python.dir/rosidl_generator_py/tutorial_interfaces/msg/_sphere_s.c.o[0m
[25.085s] [ 85%] [32mBuilding C object CMakeFiles/tutorial_interfaces__python.dir/rosidl_generator_py/tutorial_interfaces/srv/_add_three_ints_s.c.o[0m
[25.191s] [ 87%] [32m[1mLinking C shared library rosidl_generator_py/tutorial_interfaces/libtutorial_interfaces__python.so[0m
[25.426s] [ 87%] Built target tutorial_interfaces__python
[25.437s] [35m[1mScanning dependencies of target tutorial_interfaces__rosidl_typesupport_c__pyext[0m
[25.437s] [35m[1mScanning dependencies of target tutorial_interfaces__rosidl_typesupport_fastrtps_c__pyext[0m
[25.437s] [35m[1mScanning dependencies of target tutorial_interfaces__rosidl_typesupport_introspection_c__pyext[0m
[25.447s] [ 89%] [32mBuilding C object CMakeFiles/tutorial_interfaces__rosidl_typesupport_fastrtps_c__pyext.dir/rosidl_generator_py/tutorial_interfaces/_tutorial_interfaces_s.ep.rosidl_typesupport_fastrtps_c.c.o[0m
[25.447s] [ 91%] [32mBuilding C object CMakeFiles/tutorial_interfaces__rosidl_typesupport_c__pyext.dir/rosidl_generator_py/tutorial_interfaces/_tutorial_interfaces_s.ep.rosidl_typesupport_c.c.o[0m
[25.459s] [ 93%] [32mBuilding C object CMakeFiles/tutorial_interfaces__rosidl_typesupport_introspection_c__pyext.dir/rosidl_generator_py/tutorial_interfaces/_tutorial_interfaces_s.ep.rosidl_typesupport_introspection_c.c.o[0m
[25.506s] [ 95%] [32m[1mLinking C shared library rosidl_generator_py/tutorial_interfaces/tutorial_interfaces_s__rosidl_typesupport_c.cpython-38-x86_64-linux-gnu.so[0m
[25.524s] [ 97%] [32m[1mLinking CXX shared library rosidl_generator_py/tutorial_interfaces/tutorial_interfaces_s__rosidl_typesupport_fastrtps_c.cpython-38-x86_64-linux-gnu.so[0m
[25.531s] [100%] [32m[1mLinking C shared library rosidl_generator_py/tutorial_interfaces/tutorial_interfaces_s__rosidl_typesupport_introspection_c.cpython-38-x86_64-linux-gnu.so[0m
[25.690s] [100%] Built target tutorial_interfaces__rosidl_typesupport_c__pyext
[25.708s] [100%] Built target tutorial_interfaces__rosidl_typesupport_fastrtps_c__pyext
[25.748s] [100%] Built target tutorial_interfaces__rosidl_typesupport_introspection_c__pyext
[25.757s] Invoked command in '/home/dyddl2082/ros2_ws/build/tutorial_interfaces' returned '0': CMAKE_PREFIX_PATH=${CMAKE_PREFIX_PATH}:/opt/ros/foxy /usr/bin/cmake --build /home/dyddl2082/ros2_ws/build/tutorial_interfaces -- -j18 -l18
[25.767s] Invoking command in '/home/dyddl2082/ros2_ws/build/tutorial_interfaces': CMAKE_PREFIX_PATH=${CMAKE_PREFIX_PATH}:/opt/ros/foxy /usr/bin/cmake --install /home/dyddl2082/ros2_ws/build/tutorial_interfaces
[25.772s] -- Install configuration: ""
[25.773s] -- Installing: /home/dyddl2082/ros2_ws/install/tutorial_interfaces/share/ament_index/resource_index/rosidl_interfaces/tutorial_interfaces
[25.773s] -- Installing: /home/dyddl2082/ros2_ws/install/tutorial_interfaces/include/tutorial_interfaces
[25.773s] -- Installing: /home/dyddl2082/ros2_ws/install/tutorial_interfaces/include/tutorial_interfaces/msg
[25.773s] -- Installing: /home/dyddl2082/ros2_ws/install/tutorial_interfaces/include/tutorial_interfaces/msg/num.h
[25.773s] -- Installing: /home/dyddl2082/ros2_ws/install/tutorial_interfaces/include/tutorial_interfaces/msg/sphere.h
[25.773s] -- Installing: /home/dyddl2082/ros2_ws/install/tutorial_interfaces/include/tutorial_interfaces/msg/detail
[25.774s] -- Installing: /home/dyddl2082/ros2_ws/install/tutorial_interfaces/include/tutorial_interfaces/msg/detail/num__struct.h
[25.774s] -- Installing: /home/dyddl2082/ros2_ws/install/tutorial_interfaces/include/tutorial_interfaces/msg/detail/num__functions.c
[25.774s] -- Installing: /home/dyddl2082/ros2_ws/install/tutorial_interfaces/include/tutorial_interfaces/msg/detail/num__type_support.h
[25.774s] -- Installing: /home/dyddl2082/ros2_ws/install/tutorial_interfaces/include/tutorial_interfaces/msg/detail/sphere__functions.h
[25.774s] -- Installing: /home/dyddl2082/ros2_ws/install/tutorial_interfaces/include/tutorial_interfaces/msg/detail/sphere__struct.h
[25.774s] -- Installing: /home/dyddl2082/ros2_ws/install/tutorial_interfaces/include/tutorial_interfaces/msg/detail/sphere__type_support.h
[25.774s] -- Installing: /home/dyddl2082/ros2_ws/install/tutorial_interfaces/include/tutorial_interfaces/msg/detail/num__functions.h
[25.774s] -- Installing: /home/dyddl2082/ros2_ws/install/tutorial_interfaces/include/tutorial_interfaces/msg/detail/sphere__functions.c
[25.774s] -- Installing: /home/dyddl2082/ros2_ws/install/tutorial_interfaces/include/tutorial_interfaces/msg/rosidl_generator_c__visibility_control.h
[25.774s] -- Installing: /home/dyddl2082/ros2_ws/install/tutorial_interfaces/include/tutorial_interfaces/srv
[25.774s] -- Installing: /home/dyddl2082/ros2_ws/install/tutorial_interfaces/include/tutorial_interfaces/srv/detail
[25.774s] -- Installing: /home/dyddl2082/ros2_ws/install/tutorial_interfaces/include/tutorial_interfaces/srv/detail/add_three_ints__type_support.h
[25.775s] -- Installing: /home/dyddl2082/ros2_ws/install/tutorial_interfaces/include/tutorial_interfaces/srv/detail/add_three_ints__functions.h
[25.775s] -- Installing: /home/dyddl2082/ros2_ws/install/tutorial_interfaces/include/tutorial_interfaces/srv/detail/add_three_ints__functions.c
[25.775s] -- Installing: /home/dyddl2082/ros2_ws/install/tutorial_interfaces/include/tutorial_interfaces/srv/detail/add_three_ints__struct.h
[25.775s] -- Installing: /home/dyddl2082/ros2_ws/install/tutorial_interfaces/include/tutorial_interfaces/srv/add_three_ints.h
[25.775s] -- Installing: /home/dyddl2082/ros2_ws/install/tutorial_interfaces/share/tutorial_interfaces/environment/library_path.sh
[25.775s] -- Installing: /home/dyddl2082/ros2_ws/install/tutorial_interfaces/share/tutorial_interfaces/environment/library_path.dsv
[25.775s] -- Installing: /home/dyddl2082/ros2_ws/install/tutorial_interfaces/lib/libtutorial_interfaces__rosidl_generator_c.so
[25.775s] -- Set runtime path of "/home/dyddl2082/ros2_ws/install/tutorial_interfaces/lib/libtutorial_interfaces__rosidl_generator_c.so" to ""
[25.776s] -- Up-to-date: /home/dyddl2082/ros2_ws/install/tutorial_interfaces/include/tutorial_interfaces
[25.776s] -- Up-to-date: /home/dyddl2082/ros2_ws/install/tutorial_interfaces/include/tutorial_interfaces/msg
[25.776s] -- Up-to-date: /home/dyddl2082/ros2_ws/install/tutorial_interfaces/include/tutorial_interfaces/msg/detail
[25.776s] -- Installing: /home/dyddl2082/ros2_ws/install/tutorial_interfaces/include/tutorial_interfaces/msg/detail/num__rosidl_typesupport_fastrtps_c.h
[25.776s] -- Installing: /home/dyddl2082/ros2_ws/install/tutorial_interfaces/include/tutorial_interfaces/msg/detail/sphere__rosidl_typesupport_fastrtps_c.h
[25.776s] -- Installing: /home/dyddl2082/ros2_ws/install/tutorial_interfaces/include/tutorial_interfaces/msg/rosidl_typesupport_fastrtps_c__visibility_control.h
[25.776s] -- Up-to-date: /home/dyddl2082/ros2_ws/install/tutorial_interfaces/include/tutorial_interfaces/srv
[25.776s] -- Up-to-date: /home/dyddl2082/ros2_ws/install/tutorial_interfaces/include/tutorial_interfaces/srv/detail
[25.776s] -- Installing: /home/dyddl2082/ros2_ws/install/tutorial_interfaces/include/tutorial_interfaces/srv/detail/add_three_ints__rosidl_typesupport_fastrtps_c.h
[25.776s] -- Installing: /home/dyddl2082/ros2_ws/install/tutorial_interfaces/lib/libtutorial_interfaces__rosidl_typesupport_fastrtps_c.so
[25.776s] -- Set runtime path of "/home/dyddl2082/ros2_ws/install/tutorial_interfaces/lib/libtutorial_interfaces__rosidl_typesupport_fastrtps_c.so" to ""
[25.777s] -- Up-to-date: /home/dyddl2082/ros2_ws/install/tutorial_interfaces/include/tutorial_interfaces
[25.777s] -- Up-to-date: /home/dyddl2082/ros2_ws/install/tutorial_interfaces/include/tutorial_interfaces/msg
[25.777s] -- Up-to-date: /home/dyddl2082/ros2_ws/install/tutorial_interfaces/include/tutorial_interfaces/msg/detail
[25.777s] -- Installing: /home/dyddl2082/ros2_ws/install/tutorial_interfaces/include/tutorial_interfaces/msg/detail/num__rosidl_typesupport_fastrtps_cpp.hpp
[25.777s] -- Installing: /home/dyddl2082/ros2_ws/install/tutorial_interfaces/include/tutorial_interfaces/msg/detail/sphere__rosidl_typesupport_fastrtps_cpp.hpp
[25.777s] -- Installing: /home/dyddl2082/ros2_ws/install/tutorial_interfaces/include/tutorial_interfaces/msg/detail/dds_fastrtps
[25.777s] -- Installing: /home/dyddl2082/ros2_ws/install/tutorial_interfaces/include/tutorial_interfaces/msg/rosidl_typesupport_fastrtps_cpp__visibility_control.h
[25.777s] -- Up-to-date: /home/dyddl2082/ros2_ws/install/tutorial_interfaces/include/tutorial_interfaces/srv
[25.778s] -- Up-to-date: /home/dyddl2082/ros2_ws/install/tutorial_interfaces/include/tutorial_interfaces/srv/detail
[25.778s] -- Installing: /home/dyddl2082/ros2_ws/install/tutorial_interfaces/include/tutorial_interfaces/srv/detail/dds_fastrtps
[25.778s] -- Installing: /home/dyddl2082/ros2_ws/install/tutorial_interfaces/include/tutorial_interfaces/srv/detail/add_three_ints__rosidl_typesupport_fastrtps_cpp.hpp
[25.778s] -- Installing: /home/dyddl2082/ros2_ws/install/tutorial_interfaces/lib/libtutorial_interfaces__rosidl_typesupport_fastrtps_cpp.so
[25.778s] -- Set runtime path of "/home/dyddl2082/ros2_ws/install/tutorial_interfaces/lib/libtutorial_interfaces__rosidl_typesupport_fastrtps_cpp.so" to ""
[25.778s] -- Up-to-date: /home/dyddl2082/ros2_ws/install/tutorial_interfaces/include/tutorial_interfaces
[25.778s] -- Up-to-date: /home/dyddl2082/ros2_ws/install/tutorial_interfaces/include/tutorial_interfaces/msg
[25.778s] -- Up-to-date: /home/dyddl2082/ros2_ws/install/tutorial_interfaces/include/tutorial_interfaces/msg/detail
[25.778s] -- Installing: /home/dyddl2082/ros2_ws/install/tutorial_interfaces/include/tutorial_interfaces/msg/detail/sphere__rosidl_typesupport_introspection_c.h
[25.778s] -- Installing: /home/dyddl2082/ros2_ws/install/tutorial_interfaces/include/tutorial_interfaces/msg/detail/sphere__type_support.c
[25.779s] -- Installing: /home/dyddl2082/ros2_ws/install/tutorial_interfaces/include/tutorial_interfaces/msg/detail/num__type_support.c
[25.779s] -- Installing: /home/dyddl2082/ros2_ws/install/tutorial_interfaces/include/tutorial_interfaces/msg/detail/num__rosidl_typesupport_introspection_c.h
[25.779s] -- Installing: /home/dyddl2082/ros2_ws/install/tutorial_interfaces/include/tutorial_interfaces/msg/rosidl_typesupport_introspection_c__visibility_control.h
[25.779s] -- Up-to-date: /home/dyddl2082/ros2_ws/install/tutorial_interfaces/include/tutorial_interfaces/srv
[25.779s] -- Up-to-date: /home/dyddl2082/ros2_ws/install/tutorial_interfaces/include/tutorial_interfaces/srv/detail
[25.779s] -- Installing: /home/dyddl2082/ros2_ws/install/tutorial_interfaces/include/tutorial_interfaces/srv/detail/add_three_ints__rosidl_typesupport_introspection_c.h
[25.779s] -- Installing: /home/dyddl2082/ros2_ws/install/tutorial_interfaces/include/tutorial_interfaces/srv/detail/add_three_ints__type_support.c
[25.779s] -- Installing: /home/dyddl2082/ros2_ws/install/tutorial_interfaces/lib/libtutorial_interfaces__rosidl_typesupport_introspection_c.so
[25.779s] -- Set runtime path of "/home/dyddl2082/ros2_ws/install/tutorial_interfaces/lib/libtutorial_interfaces__rosidl_typesupport_introspection_c.so" to ""
[25.779s] -- Installing: /home/dyddl2082/ros2_ws/install/tutorial_interfaces/lib/libtutorial_interfaces__rosidl_typesupport_c.so
[25.780s] -- Set runtime path of "/home/dyddl2082/ros2_ws/install/tutorial_interfaces/lib/libtutorial_interfaces__rosidl_typesupport_c.so" to ""
[25.780s] -- Up-to-date: /home/dyddl2082/ros2_ws/install/tutorial_interfaces/include/tutorial_interfaces
[25.780s] -- Up-to-date: /home/dyddl2082/ros2_ws/install/tutorial_interfaces/include/tutorial_interfaces/msg
[25.780s] -- Up-to-date: /home/dyddl2082/ros2_ws/install/tutorial_interfaces/include/tutorial_interfaces/msg/detail
[25.780s] -- Installing: /home/dyddl2082/ros2_ws/install/tutorial_interfaces/include/tutorial_interfaces/msg/detail/sphere__type_support.hpp
[25.780s] -- Installing: /home/dyddl2082/ros2_ws/install/tutorial_interfaces/include/tutorial_interfaces/msg/detail/num__type_support.hpp
[25.780s] -- Installing: /home/dyddl2082/ros2_ws/install/tutorial_interfaces/include/tutorial_interfaces/msg/detail/sphere__builder.hpp
[25.780s] -- Installing: /home/dyddl2082/ros2_ws/install/tutorial_interfaces/include/tutorial_interfaces/msg/detail/sphere__struct.hpp
[25.780s] -- Installing: /home/dyddl2082/ros2_ws/install/tutorial_interfaces/include/tutorial_interfaces/msg/detail/num__struct.hpp
[25.780s] -- Installing: /home/dyddl2082/ros2_ws/install/tutorial_interfaces/include/tutorial_interfaces/msg/detail/num__traits.hpp
[25.780s] -- Installing: /home/dyddl2082/ros2_ws/install/tutorial_interfaces/include/tutorial_interfaces/msg/detail/sphere__traits.hpp
[25.780s] -- Installing: /home/dyddl2082/ros2_ws/install/tutorial_interfaces/include/tutorial_interfaces/msg/detail/num__builder.hpp
[25.780s] -- Installing: /home/dyddl2082/ros2_ws/install/tutorial_interfaces/include/tutorial_interfaces/msg/sphere.hpp
[25.780s] -- Installing: /home/dyddl2082/ros2_ws/install/tutorial_interfaces/include/tutorial_interfaces/msg/num.hpp
[25.780s] -- Installing: /home/dyddl2082/ros2_ws/install/tutorial_interfaces/include/tutorial_interfaces/msg/rosidl_generator_cpp__visibility_control.hpp
[25.780s] -- Up-to-date: /home/dyddl2082/ros2_ws/install/tutorial_interfaces/include/tutorial_interfaces/srv
[25.781s] -- Installing: /home/dyddl2082/ros2_ws/install/tutorial_interfaces/include/tutorial_interfaces/srv/add_three_ints.hpp
[25.781s] -- Up-to-date: /home/dyddl2082/ros2_ws/install/tutorial_interfaces/include/tutorial_interfaces/srv/detail
[25.781s] -- Installing: /home/dyddl2082/ros2_ws/install/tutorial_interfaces/include/tutorial_interfaces/srv/detail/add_three_ints__struct.hpp
[25.781s] -- Installing: /home/dyddl2082/ros2_ws/install/tutorial_interfaces/include/tutorial_interfaces/srv/detail/add_three_ints__traits.hpp
[25.781s] -- Installing: /home/dyddl2082/ros2_ws/install/tutorial_interfaces/include/tutorial_interfaces/srv/detail/add_three_ints__type_support.hpp
[25.781s] -- Installing: /home/dyddl2082/ros2_ws/install/tutorial_interfaces/include/tutorial_interfaces/srv/detail/add_three_ints__builder.hpp
[25.781s] -- Up-to-date: /home/dyddl2082/ros2_ws/install/tutorial_interfaces/include/tutorial_interfaces
[25.781s] -- Up-to-date: /home/dyddl2082/ros2_ws/install/tutorial_interfaces/include/tutorial_interfaces/msg
[25.781s] -- Up-to-date: /home/dyddl2082/ros2_ws/install/tutorial_interfaces/include/tutorial_interfaces/msg/detail
[25.781s] -- Installing: /home/dyddl2082/ros2_ws/install/tutorial_interfaces/include/tutorial_interfaces/msg/detail/sphere__type_support.cpp
[25.781s] -- Installing: /home/dyddl2082/ros2_ws/install/tutorial_interfaces/include/tutorial_interfaces/msg/detail/num__type_support.cpp
[25.781s] -- Installing: /home/dyddl2082/ros2_ws/install/tutorial_interfaces/include/tutorial_interfaces/msg/detail/num__rosidl_typesupport_introspection_cpp.hpp
[25.781s] -- Installing: /home/dyddl2082/ros2_ws/install/tutorial_interfaces/include/tutorial_interfaces/msg/detail/sphere__rosidl_typesupport_introspection_cpp.hpp
[25.781s] -- Up-to-date: /home/dyddl2082/ros2_ws/install/tutorial_interfaces/include/tutorial_interfaces/srv
[25.781s] -- Up-to-date: /home/dyddl2082/ros2_ws/install/tutorial_interfaces/include/tutorial_interfaces/srv/detail
[25.781s] -- Installing: /home/dyddl2082/ros2_ws/install/tutorial_interfaces/include/tutorial_interfaces/srv/detail/add_three_ints__rosidl_typesupport_introspection_cpp.hpp
[25.781s] -- Installing: /home/dyddl2082/ros2_ws/install/tutorial_interfaces/include/tutorial_interfaces/srv/detail/add_three_ints__type_support.cpp
[25.782s] -- Installing: /home/dyddl2082/ros2_ws/install/tutorial_interfaces/lib/libtutorial_interfaces__rosidl_typesupport_introspection_cpp.so
[25.782s] -- Set runtime path of "/home/dyddl2082/ros2_ws/install/tutorial_interfaces/lib/libtutorial_interfaces__rosidl_typesupport_introspection_cpp.so" to ""
[25.782s] -- Installing: /home/dyddl2082/ros2_ws/install/tutorial_interfaces/lib/libtutorial_interfaces__rosidl_typesupport_cpp.so
[25.782s] -- Set runtime path of "/home/dyddl2082/ros2_ws/install/tutorial_interfaces/lib/libtutorial_interfaces__rosidl_typesupport_cpp.so" to ""
[25.782s] -- Installing: /home/dyddl2082/ros2_ws/install/tutorial_interfaces/share/tutorial_interfaces/environment/pythonpath.sh
[25.782s] -- Installing: /home/dyddl2082/ros2_ws/install/tutorial_interfaces/share/tutorial_interfaces/environment/pythonpath.dsv
[25.782s] -- Installing: /home/dyddl2082/ros2_ws/install/tutorial_interfaces/lib/python3.8/site-packages/tutorial_interfaces/__init__.py
[25.804s] Compiling '/home/dyddl2082/ros2_ws/install/tutorial_interfaces/lib/python3.8/site-packages/tutorial_interfaces/__init__.py'...
[25.807s] -- Installing: /home/dyddl2082/ros2_ws/install/tutorial_interfaces/lib/python3.8/site-packages/tutorial_interfaces/msg
[25.807s] -- Installing: /home/dyddl2082/ros2_ws/install/tutorial_interfaces/lib/python3.8/site-packages/tutorial_interfaces/msg/_num.py
[25.808s] -- Installing: /home/dyddl2082/ros2_ws/install/tutorial_interfaces/lib/python3.8/site-packages/tutorial_interfaces/msg/_num_s.c
[25.808s] -- Installing: /home/dyddl2082/ros2_ws/install/tutorial_interfaces/lib/python3.8/site-packages/tutorial_interfaces/msg/__init__.py
[25.808s] -- Installing: /home/dyddl2082/ros2_ws/install/tutorial_interfaces/lib/python3.8/site-packages/tutorial_interfaces/msg/_sphere.py
[25.808s] -- Installing: /home/dyddl2082/ros2_ws/install/tutorial_interfaces/lib/python3.8/site-packages/tutorial_interfaces/msg/_sphere_s.c
[25.808s] -- Installing: /home/dyddl2082/ros2_ws/install/tutorial_interfaces/lib/python3.8/site-packages/tutorial_interfaces/srv
[25.808s] -- Installing: /home/dyddl2082/ros2_ws/install/tutorial_interfaces/lib/python3.8/site-packages/tutorial_interfaces/srv/__init__.py
[25.808s] -- Installing: /home/dyddl2082/ros2_ws/install/tutorial_interfaces/lib/python3.8/site-packages/tutorial_interfaces/srv/_add_three_ints_s.c
[25.809s] -- Installing: /home/dyddl2082/ros2_ws/install/tutorial_interfaces/lib/python3.8/site-packages/tutorial_interfaces/srv/_add_three_ints.py
[25.809s] -- Installing: /home/dyddl2082/ros2_ws/install/tutorial_interfaces/lib/python3.8/site-packages/tutorial_interfaces/tutorial_interfaces_s__rosidl_typesupport_fastrtps_c.cpython-38-x86_64-linux-gnu.so
[25.809s] -- Set runtime path of "/home/dyddl2082/ros2_ws/install/tutorial_interfaces/lib/python3.8/site-packages/tutorial_interfaces/tutorial_interfaces_s__rosidl_typesupport_fastrtps_c.cpython-38-x86_64-linux-gnu.so" to ""
[25.810s] -- Installing: /home/dyddl2082/ros2_ws/install/tutorial_interfaces/lib/python3.8/site-packages/tutorial_interfaces/tutorial_interfaces_s__rosidl_typesupport_introspection_c.cpython-38-x86_64-linux-gnu.so
[25.810s] -- Set runtime path of "/home/dyddl2082/ros2_ws/install/tutorial_interfaces/lib/python3.8/site-packages/tutorial_interfaces/tutorial_interfaces_s__rosidl_typesupport_introspection_c.cpython-38-x86_64-linux-gnu.so" to ""
[25.810s] -- Installing: /home/dyddl2082/ros2_ws/install/tutorial_interfaces/lib/python3.8/site-packages/tutorial_interfaces/tutorial_interfaces_s__rosidl_typesupport_c.cpython-38-x86_64-linux-gnu.so
[25.810s] -- Set runtime path of "/home/dyddl2082/ros2_ws/install/tutorial_interfaces/lib/python3.8/site-packages/tutorial_interfaces/tutorial_interfaces_s__rosidl_typesupport_c.cpython-38-x86_64-linux-gnu.so" to ""
[25.811s] -- Installing: /home/dyddl2082/ros2_ws/install/tutorial_interfaces/lib/libtutorial_interfaces__python.so
[25.811s] -- Set runtime path of "/home/dyddl2082/ros2_ws/install/tutorial_interfaces/lib/libtutorial_interfaces__python.so" to ""
[25.811s] -- Installing: /home/dyddl2082/ros2_ws/install/tutorial_interfaces/share/tutorial_interfaces/msg/Num.idl
[25.811s] -- Installing: /home/dyddl2082/ros2_ws/install/tutorial_interfaces/share/tutorial_interfaces/msg/Sphere.idl
[25.811s] -- Installing: /home/dyddl2082/ros2_ws/install/tutorial_interfaces/share/tutorial_interfaces/srv/AddThreeInts.idl
[25.811s] -- Installing: /home/dyddl2082/ros2_ws/install/tutorial_interfaces/share/tutorial_interfaces/msg/Num.msg
[25.811s] -- Installing: /home/dyddl2082/ros2_ws/install/tutorial_interfaces/share/tutorial_interfaces/msg/Sphere.msg
[25.812s] -- Installing: /home/dyddl2082/ros2_ws/install/tutorial_interfaces/share/tutorial_interfaces/srv/AddThreeInts.srv
[25.812s] -- Installing: /home/dyddl2082/ros2_ws/install/tutorial_interfaces/share/tutorial_interfaces/srv/AddThreeInts_Request.msg
[25.812s] -- Installing: /home/dyddl2082/ros2_ws/install/tutorial_interfaces/share/tutorial_interfaces/srv/AddThreeInts_Response.msg
[25.812s] -- Installing: /home/dyddl2082/ros2_ws/install/tutorial_interfaces/share/ament_index/resource_index/package_run_dependencies/tutorial_interfaces
[25.812s] -- Installing: /home/dyddl2082/ros2_ws/install/tutorial_interfaces/share/ament_index/resource_index/parent_prefix_path/tutorial_interfaces
[25.812s] -- Installing: /home/dyddl2082/ros2_ws/install/tutorial_interfaces/share/tutorial_interfaces/environment/ament_prefix_path.sh
[25.813s] -- Installing: /home/dyddl2082/ros2_ws/install/tutorial_interfaces/share/tutorial_interfaces/environment/ament_prefix_path.dsv
[25.813s] -- Installing: /home/dyddl2082/ros2_ws/install/tutorial_interfaces/share/tutorial_interfaces/environment/path.sh
[25.813s] -- Installing: /home/dyddl2082/ros2_ws/install/tutorial_interfaces/share/tutorial_interfaces/environment/path.dsv
[25.813s] -- Installing: /home/dyddl2082/ros2_ws/install/tutorial_interfaces/share/tutorial_interfaces/local_setup.bash
[25.813s] -- Installing: /home/dyddl2082/ros2_ws/install/tutorial_interfaces/share/tutorial_interfaces/local_setup.sh
[25.813s] -- Installing: /home/dyddl2082/ros2_ws/install/tutorial_interfaces/share/tutorial_interfaces/local_setup.zsh
[25.813s] -- Installing: /home/dyddl2082/ros2_ws/install/tutorial_interfaces/share/tutorial_interfaces/local_setup.dsv
[25.813s] -- Installing: /home/dyddl2082/ros2_ws/install/tutorial_interfaces/share/tutorial_interfaces/package.dsv
[25.814s] -- Installing: /home/dyddl2082/ros2_ws/install/tutorial_interfaces/share/ament_index/resource_index/packages/tutorial_interfaces
[25.814s] -- Installing: /home/dyddl2082/ros2_ws/install/tutorial_interfaces/share/tutorial_interfaces/cmake/tutorial_interfaces__rosidl_generator_cExport.cmake
[25.814s] -- Installing: /home/dyddl2082/ros2_ws/install/tutorial_interfaces/share/tutorial_interfaces/cmake/tutorial_interfaces__rosidl_generator_cExport-noconfig.cmake
[25.814s] -- Installing: /home/dyddl2082/ros2_ws/install/tutorial_interfaces/share/tutorial_interfaces/cmake/tutorial_interfaces__rosidl_typesupport_introspection_cExport.cmake
[25.814s] -- Installing: /home/dyddl2082/ros2_ws/install/tutorial_interfaces/share/tutorial_interfaces/cmake/tutorial_interfaces__rosidl_typesupport_introspection_cExport-noconfig.cmake
[25.815s] -- Installing: /home/dyddl2082/ros2_ws/install/tutorial_interfaces/share/tutorial_interfaces/cmake/tutorial_interfaces__rosidl_typesupport_cExport.cmake
[25.815s] -- Installing: /home/dyddl2082/ros2_ws/install/tutorial_interfaces/share/tutorial_interfaces/cmake/tutorial_interfaces__rosidl_typesupport_cExport-noconfig.cmake
[25.815s] -- Installing: /home/dyddl2082/ros2_ws/install/tutorial_interfaces/share/tutorial_interfaces/cmake/tutorial_interfaces__rosidl_generator_cppExport.cmake
[25.815s] -- Installing: /home/dyddl2082/ros2_ws/install/tutorial_interfaces/share/tutorial_interfaces/cmake/tutorial_interfaces__rosidl_typesupport_introspection_cppExport.cmake
[25.815s] -- Installing: /home/dyddl2082/ros2_ws/install/tutorial_interfaces/share/tutorial_interfaces/cmake/tutorial_interfaces__rosidl_typesupport_introspection_cppExport-noconfig.cmake
[25.815s] -- Installing: /home/dyddl2082/ros2_ws/install/tutorial_interfaces/share/tutorial_interfaces/cmake/tutorial_interfaces__rosidl_typesupport_cppExport.cmake
[25.816s] -- Installing: /home/dyddl2082/ros2_ws/install/tutorial_interfaces/share/tutorial_interfaces/cmake/tutorial_interfaces__rosidl_typesupport_cppExport-noconfig.cmake
[25.816s] -- Installing: /home/dyddl2082/ros2_ws/install/tutorial_interfaces/share/tutorial_interfaces/cmake/rosidl_cmake-extras.cmake
[25.816s] -- Installing: /home/dyddl2082/ros2_ws/install/tutorial_interfaces/share/tutorial_interfaces/cmake/ament_cmake_export_dependencies-extras.cmake
[25.816s] -- Installing: /home/dyddl2082/ros2_ws/install/tutorial_interfaces/share/tutorial_interfaces/cmake/ament_cmake_export_libraries-extras.cmake
[25.816s] -- Installing: /home/dyddl2082/ros2_ws/install/tutorial_interfaces/share/tutorial_interfaces/cmake/ament_cmake_export_targets-extras.cmake
[25.816s] -- Installing: /home/dyddl2082/ros2_ws/install/tutorial_interfaces/share/tutorial_interfaces/cmake/ament_cmake_export_include_directories-extras.cmake
[25.816s] -- Installing: /home/dyddl2082/ros2_ws/install/tutorial_interfaces/share/tutorial_interfaces/cmake/rosidl_cmake_export_typesupport_libraries-extras.cmake
[25.816s] -- Installing: /home/dyddl2082/ros2_ws/install/tutorial_interfaces/share/tutorial_interfaces/cmake/rosidl_cmake_export_typesupport_targets-extras.cmake
[25.817s] -- Installing: /home/dyddl2082/ros2_ws/install/tutorial_interfaces/share/tutorial_interfaces/cmake/tutorial_interfacesConfig.cmake
[25.817s] -- Installing: /home/dyddl2082/ros2_ws/install/tutorial_interfaces/share/tutorial_interfaces/cmake/tutorial_interfacesConfig-version.cmake
[25.817s] -- Installing: /home/dyddl2082/ros2_ws/install/tutorial_interfaces/share/tutorial_interfaces/package.xml
[25.819s] Invoked command in '/home/dyddl2082/ros2_ws/build/tutorial_interfaces' returned '0': CMAKE_PREFIX_PATH=${CMAKE_PREFIX_PATH}:/opt/ros/foxy /usr/bin/cmake --install /home/dyddl2082/ros2_ws/build/tutorial_interfaces
