-- Found ament_cmake: 0.9.12 (/opt/ros/foxy/share/ament_cmake/cmake)
-- Using PYTHON_EXECUTABLE: /usr/bin/python3
-- Found rclcpp: 2.4.3 (/opt/ros/foxy/share/rclcpp/cmake)
-- Using all available rosidl_typesupport_c: rosidl_typesupport_fastrtps_c;rosidl_typesupport_introspection_c
-- Found rosidl_adapter: 1.3.1 (/opt/ros/foxy/share/rosidl_adapter/cmake)
-- Using all available rosidl_typesupport_cpp: rosidl_typesupport_fastrtps_cpp;rosidl_typesupport_introspection_cpp
-- Found rmw_implementation_cmake: 1.0.4 (/opt/ros/foxy/share/rmw_implementation_cmake/cmake)
-- Using RMW implementation 'rmw_fastrtps_cpp' as default
-- Found ament_lint_auto: 0.9.8 (/opt/ros/foxy/share/ament_lint_auto/cmake)
WARNING: Package name "Wild_Gunman" does not follow the naming conventions. It should start with a lower case letter and only contain lower case letters, digits, underscores, and dashes.
-- Added test 'copyright' to check source files copyright and LICENSE
-- Added test 'cppcheck' to perform static code analysis on C / C++ code
-- Configured cppcheck include dirs: /home/dyddl2082/ros2_ws/src/Wild_Gunman/include
-- Configured cppcheck exclude dirs and/or files: 
-- Added test 'cpplint' to check C / C++ code against the Google style
-- Configured cpplint exclude dirs and/or files: 
-- Added test 'lint_cmake' to check CMake code style
-- Added test 'uncrustify' to check C / C++ code style
-- Configured uncrustify additional arguments: 
-- Added test 'xmllint' to check XML markup files
-- Configuring done
-- Generating done
-- Build files have been written to: /home/dyddl2082/ros2_ws/build/Wild_Gunman
[35m[1mScanning dependencies of target gunman[0m
[35m[1mScanning dependencies of target player[0m
[ 25%] [32mBuilding CXX object CMakeFiles/player.dir/src/Player.cpp.o[0m
[ 50%] [32mBuilding CXX object CMakeFiles/gunman.dir/src/Shooter.cpp.o[0m
[01m[K/home/dyddl2082/ros2_ws/src/Wild_Gunman/src/Player.cpp:8:10:[m[K [01;31m[Kfatal error: [m[Kfcnt1.h: No such file or directory
    8 | #include [01;31m[K<fcnt1.h>[m[K
      |          [01;31m[K^~~~~~~~~[m[K
compilation terminated.
make[2]: *** [CMakeFiles/player.dir/build.make:63: CMakeFiles/player.dir/src/Player.cpp.o] Error 1
make[1]: *** [CMakeFiles/Makefile2:80: CMakeFiles/player.dir/all] Error 2
make[1]: *** Waiting for unfinished jobs....
[ 75%] [32m[1mLinking CXX executable gunman[0m
[ 75%] Built target gunman
make: *** [Makefile:141: all] Error 2
