[0.025s] Invoking command in '/home/dyddl2082/ros2_ws/build/Wild_Gunman': CMAKE_PREFIX_PATH=${CMAKE_PREFIX_PATH}:/opt/ros/foxy /usr/bin/cmake --build /home/dyddl2082/ros2_ws/build/Wild_Gunman -- -j18 -l18
[0.043s] -- Found ament_cmake: 0.9.12 (/opt/ros/foxy/share/ament_cmake/cmake)
[0.061s] -- Using PYTHON_EXECUTABLE: /usr/bin/python3
[0.185s] -- Found rclcpp: 2.4.3 (/opt/ros/foxy/share/rclcpp/cmake)
[0.502s] -- Using all available rosidl_typesupport_c: rosidl_typesupport_fastrtps_c;rosidl_typesupport_introspection_c
[0.504s] -- Found rosidl_adapter: 1.3.1 (/opt/ros/foxy/share/rosidl_adapter/cmake)
[9.294s] -- Using all available rosidl_typesupport_cpp: rosidl_typesupport_fastrtps_cpp;rosidl_typesupport_introspection_cpp
[9.330s] -- Found rmw_implementation_cmake: 1.0.4 (/opt/ros/foxy/share/rmw_implementation_cmake/cmake)
[9.331s] -- Using RMW implementation 'rmw_fastrtps_cpp' as default
[9.427s] -- Found ament_lint_auto: 0.9.8 (/opt/ros/foxy/share/ament_lint_auto/cmake)
[9.480s] WARNING: Package name "Wild_Gunman" does not follow the naming conventions. It should start with a lower case letter and only contain lower case letters, digits, underscores, and dashes.
[9.494s] -- Added test 'copyright' to check source files copyright and LICENSE
[9.494s] -- Added test 'cppcheck' to perform static code analysis on C / C++ code
[9.495s] -- Configured cppcheck include dirs: /home/dyddl2082/ros2_ws/src/Wild_Gunman/include
[9.495s] -- Configured cppcheck exclude dirs and/or files: 
[9.496s] -- Added test 'cpplint' to check C / C++ code against the Google style
[9.496s] -- Configured cpplint exclude dirs and/or files: 
[9.496s] -- Added test 'lint_cmake' to check CMake code style
[9.497s] -- Added test 'uncrustify' to check C / C++ code style
[9.497s] -- Configured uncrustify additional arguments: 
[9.497s] -- Added test 'xmllint' to check XML markup files
[9.498s] -- Configuring done
[9.506s] -- Generating done
[9.509s] -- Build files have been written to: /home/dyddl2082/ros2_ws/build/Wild_Gunman
[9.533s] [35m[1mScanning dependencies of target gunman[0m
[9.536s] [35m[1mScanning dependencies of target player[0m
[9.550s] [ 25%] [32mBuilding CXX object CMakeFiles/player.dir/src/Player.cpp.o[0m
[9.551s] [ 50%] [32mBuilding CXX object CMakeFiles/gunman.dir/src/Shooter.cpp.o[0m
[9.581s] [01m[K/home/dyddl2082/ros2_ws/src/Wild_Gunman/src/Player.cpp:8:10:[m[K [01;31m[Kfatal error: [m[Kfcnt1.h: No such file or directory
[9.581s]     8 | #include [01;31m[K<fcnt1.h>[m[K
[9.581s]       |          [01;31m[K^~~~~~~~~[m[K
[9.581s] compilation terminated.
[9.582s] make[2]: *** [CMakeFiles/player.dir/build.make:63: CMakeFiles/player.dir/src/Player.cpp.o] Error 1
[9.582s] make[1]: *** [CMakeFiles/Makefile2:80: CMakeFiles/player.dir/all] Error 2
[9.582s] make[1]: *** Waiting for unfinished jobs....
[13.963s] [ 75%] [32m[1mLinking CXX executable gunman[0m
[14.425s] [ 75%] Built target gunman
[14.426s] make: *** [Makefile:141: all] Error 2
[14.429s] Invoked command in '/home/dyddl2082/ros2_ws/build/Wild_Gunman' returned '2': CMAKE_PREFIX_PATH=${CMAKE_PREFIX_PATH}:/opt/ros/foxy /usr/bin/cmake --build /home/dyddl2082/ros2_ws/build/Wild_Gunman -- -j18 -l18
