[0.019s] Invoking command in '/home/dyddl2082/ros2_ws/build/Wild_Gunman': CMAKE_PREFIX_PATH=${CMAKE_PREFIX_PATH}:/opt/ros/foxy /usr/bin/cmake --build /home/dyddl2082/ros2_ws/build/Wild_Gunman -- -j18 -l18
[0.081s] -- Found ament_cmake: 0.9.12 (/opt/ros/foxy/share/ament_cmake/cmake)
[0.105s] -- Using PYTHON_EXECUTABLE: /usr/bin/python3
[0.246s] -- Found rclcpp: 2.4.3 (/opt/ros/foxy/share/rclcpp/cmake)
[0.565s] -- Using all available rosidl_typesupport_c: rosidl_typesupport_fastrtps_c;rosidl_typesupport_introspection_c
[0.569s] -- Found rosidl_adapter: 1.3.1 (/opt/ros/foxy/share/rosidl_adapter/cmake)
[9.206s] -- Using all available rosidl_typesupport_cpp: rosidl_typesupport_fastrtps_cpp;rosidl_typesupport_introspection_cpp
[9.268s] -- Found rmw_implementation_cmake: 1.0.4 (/opt/ros/foxy/share/rmw_implementation_cmake/cmake)
[9.271s] -- Using RMW implementation 'rmw_fastrtps_cpp' as default
[9.394s] -- Found ament_lint_auto: 0.9.8 (/opt/ros/foxy/share/ament_lint_auto/cmake)
[9.450s] WARNING: Package name "Wild_Gunman" does not follow the naming conventions. It should start with a lower case letter and only contain lower case letters, digits, underscores, and dashes.
[9.480s] -- Added test 'copyright' to check source files copyright and LICENSE
[9.480s] -- Added test 'cppcheck' to perform static code analysis on C / C++ code
[9.480s] -- Configured cppcheck include dirs: 
[9.481s] -- Configured cppcheck exclude dirs and/or files: 
[9.481s] -- Added test 'cpplint' to check C / C++ code against the Google style
[9.481s] -- Configured cpplint exclude dirs and/or files: 
[9.482s] -- Added test 'lint_cmake' to check CMake code style
[9.483s] -- Added test 'uncrustify' to check C / C++ code style
[9.483s] -- Configured uncrustify additional arguments: 
[9.483s] -- Added test 'xmllint' to check XML markup files
[9.487s] -- Configuring done
[9.499s] -- Generating done
[9.502s] -- Build files have been written to: /home/dyddl2082/ros2_ws/build/Wild_Gunman
[9.533s] [35m[1mScanning dependencies of target gunman[0m
[9.537s] [35m[1mScanning dependencies of target player[0m
[9.560s] [ 25%] [32mBuilding CXX object CMakeFiles/gunman.dir/src/Shooter.cpp.o[0m
[9.563s] [ 50%] [32mBuilding CXX object CMakeFiles/player.dir/src/Player.cpp.o[0m
[9.685s] [01m[K/home/dyddl2082/ros2_ws/src/Wild_Gunman/src/Player.cpp:8:10:[m[K [01;31m[Kfatal error: [m[Kfcnt1.h: No such file or directory
[9.685s]     8 | #include [01;31m[K<fcnt1.h>[m[K
[9.685s]       |          [01;31m[K^~~~~~~~~[m[K
[9.685s] compilation terminated.
[9.688s] make[2]: *** [CMakeFiles/player.dir/build.make:63: CMakeFiles/player.dir/src/Player.cpp.o] Error 1
[9.689s] make[1]: *** [CMakeFiles/Makefile2:80: CMakeFiles/player.dir/all] Error 2
[9.689s] make[1]: *** Waiting for unfinished jobs....
[14.169s] [ 75%] [32m[1mLinking CXX executable gunman[0m
[14.607s] [ 75%] Built target gunman
[14.608s] make: *** [Makefile:141: all] Error 2
[14.609s] Invoked command in '/home/dyddl2082/ros2_ws/build/Wild_Gunman' returned '2': CMAKE_PREFIX_PATH=${CMAKE_PREFIX_PATH}:/opt/ros/foxy /usr/bin/cmake --build /home/dyddl2082/ros2_ws/build/Wild_Gunman -- -j18 -l18
