[35m[1mScanning dependencies of target gunman[0m
[35m[1mScanning dependencies of target player[0m
[ 50%] [32mBuilding CXX object CMakeFiles/gunman.dir/src/Shooter.cpp.o[0m
[ 50%] [32mBuilding CXX object CMakeFiles/player.dir/src/Player.cpp.o[0m
[ 75%] [32m[1mLinking CXX executable player[0m
[100%] [32m[1mLinking CXX executable gunman[0m
[100%] Built target player
[100%] Built target gunman
-- Install configuration: ""
-- Installing: /home/dyddl2082/ros2_ws/install/Wild_Gunman/lib/Wild_Gunman/gunman
-- Set runtime path of "/home/dyddl2082/ros2_ws/install/Wild_Gunman/lib/Wild_Gunman/gunman" to ""
-- Installing: /home/dyddl2082/ros2_ws/install/Wild_Gunman/lib/Wild_Gunman/player
-- Set runtime path of "/home/dyddl2082/ros2_ws/install/Wild_Gunman/lib/Wild_Gunman/player" to ""
-- Installing: /home/dyddl2082/ros2_ws/install/Wild_Gunman/share/ament_index/resource_index/package_run_dependencies/Wild_Gunman
-- Installing: /home/dyddl2082/ros2_ws/install/Wild_Gunman/share/ament_index/resource_index/parent_prefix_path/Wild_Gunman
-- Installing: /home/dyddl2082/ros2_ws/install/Wild_Gunman/share/Wild_Gunman/environment/ament_prefix_path.sh
-- Installing: /home/dyddl2082/ros2_ws/install/Wild_Gunman/share/Wild_Gunman/environment/ament_prefix_path.dsv
-- Installing: /home/dyddl2082/ros2_ws/install/Wild_Gunman/share/Wild_Gunman/environment/path.sh
-- Installing: /home/dyddl2082/ros2_ws/install/Wild_Gunman/share/Wild_Gunman/environment/path.dsv
-- Installing: /home/dyddl2082/ros2_ws/install/Wild_Gunman/share/Wild_Gunman/local_setup.bash
-- Installing: /home/dyddl2082/ros2_ws/install/Wild_Gunman/share/Wild_Gunman/local_setup.sh
-- Installing: /home/dyddl2082/ros2_ws/install/Wild_Gunman/share/Wild_Gunman/local_setup.zsh
-- Installing: /home/dyddl2082/ros2_ws/install/Wild_Gunman/share/Wild_Gunman/local_setup.dsv
-- Installing: /home/dyddl2082/ros2_ws/install/Wild_Gunman/share/Wild_Gunman/package.dsv
-- Installing: /home/dyddl2082/ros2_ws/install/Wild_Gunman/share/ament_index/resource_index/packages/Wild_Gunman
-- Installing: /home/dyddl2082/ros2_ws/install/Wild_Gunman/share/Wild_Gunman/cmake/Wild_GunmanConfig.cmake
-- Installing: /home/dyddl2082/ros2_ws/install/Wild_Gunman/share/Wild_Gunman/cmake/Wild_GunmanConfig-version.cmake
-- Installing: /home/dyddl2082/ros2_ws/install/Wild_Gunman/share/Wild_Gunman/package.xml
