[0.019s] Invoking command in '/home/dyddl2082/ros2_ws/build/Wild_Gunman': CMAKE_PREFIX_PATH=/opt/ros/foxy /usr/bin/cmake /home/dyddl2082/ros2_ws/src/Wild_Gunman -DCMAKE_INSTALL_PREFIX=/home/dyddl2082/ros2_ws/install/Wild_Gunman
[0.031s] -- Found ament_cmake: 0.9.12 (/opt/ros/foxy/share/ament_cmake/cmake)
[0.050s] -- Using PYTHON_EXECUTABLE: /usr/bin/python3
[0.181s] -- Found rclcpp: 2.4.3 (/opt/ros/foxy/share/rclcpp/cmake)
[0.504s] -- Using all available rosidl_typesupport_c: rosidl_typesupport_fastrtps_c;rosidl_typesupport_introspection_c
[0.513s] -- Found rosidl_adapter: 1.3.1 (/opt/ros/foxy/share/rosidl_adapter/cmake)
[2.853s] -- Found OpenSSL: /usr/lib/x86_64-linux-gnu/libcrypto.so (found version "1.1.1f")  
[5.135s] -- Found FastRTPS: /opt/ros/foxy/include  
[9.818s] -- Using all available rosidl_typesupport_cpp: rosidl_typesupport_fastrtps_cpp;rosidl_typesupport_introspection_cpp
[9.900s] -- Found rmw_implementation_cmake: 1.0.4 (/opt/ros/foxy/share/rmw_implementation_cmake/cmake)
[9.906s] -- Using RMW implementation 'rmw_fastrtps_cpp' as default
[9.912s] -- Looking for pthread.h
[10.247s] -- Looking for pthread.h - found
[10.247s] -- Performing Test CMAKE_HAVE_LIBC_PTHREAD
[10.585s] -- Performing Test CMAKE_HAVE_LIBC_PTHREAD - Failed
[10.585s] -- Looking for pthread_create in pthreads
[10.912s] -- Looking for pthread_create in pthreads - not found
[10.912s] -- Looking for pthread_create in pthread
[11.236s] -- Looking for pthread_create in pthread - found
[11.237s] -- Found Threads: TRUE  
[11.404s] -- Found ament_lint_auto: 0.9.8 (/opt/ros/foxy/share/ament_lint_auto/cmake)
[11.456s] WARNING: Package name "Wild_Gunman" does not follow the naming conventions. It should start with a lower case letter and only contain lower case letters, digits, underscores, and dashes.
[11.478s] -- Added test 'copyright' to check source files copyright and LICENSE
[11.479s] -- Added test 'cppcheck' to perform static code analysis on C / C++ code
[11.479s] -- Configured cppcheck include dirs: 
[11.479s] -- Configured cppcheck exclude dirs and/or files: 
[11.480s] -- Added test 'cpplint' to check C / C++ code against the Google style
[11.480s] -- Configured cpplint exclude dirs and/or files: 
[11.482s] -- Added test 'lint_cmake' to check CMake code style
[11.483s] -- Added test 'uncrustify' to check C / C++ code style
[11.484s] -- Configured uncrustify additional arguments: 
[11.485s] -- Added test 'xmllint' to check XML markup files
[11.488s] -- Configuring done
[11.500s] -- Generating done
[11.504s] -- Build files have been written to: /home/dyddl2082/ros2_ws/build/Wild_Gunman
[11.511s] Invoked command in '/home/dyddl2082/ros2_ws/build/Wild_Gunman' returned '0': CMAKE_PREFIX_PATH=/opt/ros/foxy /usr/bin/cmake /home/dyddl2082/ros2_ws/src/Wild_Gunman -DCMAKE_INSTALL_PREFIX=/home/dyddl2082/ros2_ws/install/Wild_Gunman
[11.514s] Invoking command in '/home/dyddl2082/ros2_ws/build/Wild_Gunman': CMAKE_PREFIX_PATH=/opt/ros/foxy /usr/bin/cmake --build /home/dyddl2082/ros2_ws/build/Wild_Gunman -- -j18 -l18
[11.549s] [35m[1mScanning dependencies of target player[0m
[11.549s] [35m[1mScanning dependencies of target gunman[0m
[11.713s] [ 25%] [32mBuilding CXX object CMakeFiles/player.dir/src/Player.cpp.o[0m
[11.718s] [ 50%] [32mBuilding CXX object CMakeFiles/gunman.dir/src/Shooter.cpp.o[0m
[11.741s] [01m[K/home/dyddl2082/ros2_ws/src/Wild_Gunman/src/Shooter.cpp:2:10:[m[K [01;31m[Kfatal error: [m[Kfuctional: No such file or directory
[11.741s]     2 | #include [01;31m[K<fuctional>[m[K
[11.741s]       |          [01;31m[K^~~~~~~~~~~[m[K
[11.741s] compilation terminated.
[11.743s] make[2]: *** [CMakeFiles/gunman.dir/build.make:63: CMakeFiles/gunman.dir/src/Shooter.cpp.o] Error 1
[11.743s] make[1]: *** [CMakeFiles/Makefile2:134: CMakeFiles/gunman.dir/all] Error 2
[11.744s] make[1]: *** Waiting for unfinished jobs....
[12.860s] [01m[K/home/dyddl2082/ros2_ws/src/Wild_Gunman/src/Player.cpp:87:2:[m[K [01;31m[Kerror: [m[Kexpected ‘[01m[K;[m[K’ after class definition
[12.860s]    87 | }
[12.860s]       |  [01;31m[K^[m[K
[12.860s]       |  [32m[K;[m[K
[12.877s] [01m[K/home/dyddl2082/ros2_ws/src/Wild_Gunman/src/Player.cpp:[m[K In constructor ‘[01m[KPlayer::Player()[m[K’:
[12.878s] [01m[K/home/dyddl2082/ros2_ws/src/Wild_Gunman/src/Player.cpp:35:15:[m[K [01;31m[Kerror: [m[Kexpected ‘[01m[K;[m[K’ before ‘[01m[K}[m[K’ token
[12.878s]    35 |             })
[12.878s]       |               [01;31m[K^[m[K
[12.878s]       |               [32m[K;[m[K
[12.878s]    36 |         [32m[K}[m[K
[12.878s]       |         [32m[K~[m[K      
[12.879s] [01m[K/home/dyddl2082/ros2_ws/src/Wild_Gunman/src/Player.cpp:[m[K In member function ‘[01m[Kvoid Player::input_loop()[m[K’:
[12.879s] [01m[K/home/dyddl2082/ros2_ws/src/Wild_Gunman/src/Player.cpp:58:45:[m[K [01;31m[Kerror: [m[Kexpected ‘[01m[K;[m[K’ before ‘[01m[Kreaction_pub_[m[K’
[12.880s]    58 |                         msg.data = "Reacted"
[12.880s]       |                                             [01;31m[K^[m[K
[12.880s]       |                                             [32m[K;[m[K
[12.880s]    59 |                         [32m[Kreaction_pub_[m[K->publish(msg);
[12.881s]       |                         [32m[K~~~~~~~~~~~~~[m[K        
[12.887s] [01m[K/home/dyddl2082/ros2_ws/src/Wild_Gunman/src/Player.cpp:[m[K In lambda function:
[12.887s] [01m[K/home/dyddl2082/ros2_ws/src/Wild_Gunman/src/Player.cpp:75:49:[m[K [01;31m[Kerror: [m[Kunable to find numeric literal operator ‘[01m[Koperator""s[m[K’
[12.887s]    75 |                     std::this_thread::sleep_for([01;31m[K1s[m[K);
[12.887s]       |                                                 [01;31m[K^~[m[K
[14.295s] make[2]: *** [CMakeFiles/player.dir/build.make:63: CMakeFiles/player.dir/src/Player.cpp.o] Error 1
[14.295s] make[1]: *** [CMakeFiles/Makefile2:80: CMakeFiles/player.dir/all] Error 2
[14.295s] make: *** [Makefile:141: all] Error 2
[14.298s] Invoked command in '/home/dyddl2082/ros2_ws/build/Wild_Gunman' returned '2': CMAKE_PREFIX_PATH=/opt/ros/foxy /usr/bin/cmake --build /home/dyddl2082/ros2_ws/build/Wild_Gunman -- -j18 -l18
