[0.111s] Invoking command in '/home/dyddl2082/ros2_ws/build/polygon_plugins': AMENT_PREFIX_PATH=/home/dyddl2082/ros2_ws/install/polygon_base:${AMENT_PREFIX_PATH} CMAKE_PREFIX_PATH=/home/dyddl2082/ros2_ws/install/polygon_base:/opt/ros/foxy /usr/bin/cmake /home/dyddl2082/ros2_ws/src/polygon_plugins -DCMAKE_INSTALL_PREFIX=/home/dyddl2082/ros2_ws/install/polygon_plugins
[0.127s] -- Found ament_cmake: 0.9.12 (/opt/ros/foxy/share/ament_cmake/cmake)
[0.148s] -- Using PYTHON_EXECUTABLE: /usr/bin/python3
[0.294s] -- Found ament_cmake_ros: 0.9.2 (/opt/ros/foxy/share/ament_cmake_ros/cmake)
[0.303s] -- Found polygon_base: 0.0.0 (/home/dyddl2082/ros2_ws/install/polygon_base/share/polygon_base/cmake)
[0.304s] -- Found pluginlib: 2.5.4 (/opt/ros/foxy/share/pluginlib/cmake)
[2.816s] -- Found ament_lint_auto: 0.9.8 (/opt/ros/foxy/share/ament_lint_auto/cmake)
[2.916s] -- Added test 'copyright' to check source files copyright and LICENSE
[2.919s] -- Added test 'cppcheck' to perform static code analysis on C / C++ code
[2.919s] -- Configured cppcheck include dirs: $<BUILD_INTERFACE:/home/dyddl2082/ros2_ws/src/polygon_plugins/include>
[2.919s] -- Configured cppcheck exclude dirs and/or files: 
[2.920s] -- Added test 'cpplint' to check C / C++ code against the Google style
[2.920s] -- Configured cpplint exclude dirs and/or files: 
[2.922s] -- Added test 'lint_cmake' to check CMake code style
[2.924s] -- Added test 'uncrustify' to check C / C++ code style
[2.924s] -- Configured uncrustify additional arguments: 
[2.925s] -- Added test 'xmllint' to check XML markup files
[2.935s] -- Configuring done
[2.941s] CMake Error: install(EXPORT "export_polygon_plugins" ...) includes target "polygon_plugins" more than once in the export set.
[2.941s] -- Generating done
[2.941s] CMake Generate step failed.  Build files cannot be regenerated correctly.
[2.946s] Invoked command in '/home/dyddl2082/ros2_ws/build/polygon_plugins' returned '1': AMENT_PREFIX_PATH=/home/dyddl2082/ros2_ws/install/polygon_base:${AMENT_PREFIX_PATH} CMAKE_PREFIX_PATH=/home/dyddl2082/ros2_ws/install/polygon_base:/opt/ros/foxy /usr/bin/cmake /home/dyddl2082/ros2_ws/src/polygon_plugins -DCMAKE_INSTALL_PREFIX=/home/dyddl2082/ros2_ws/install/polygon_plugins
