[0.015s] Invoking command in '/home/dyddl2082/ros2_ws/build/two_joint_arm': CMAKE_PREFIX_PATH=${CMAKE_PREFIX_PATH}:/opt/ros/foxy /usr/bin/cmake /home/dyddl2082/ros2_ws/src/two_joint_arm -DCMAKE_INSTALL_PREFIX=/home/dyddl2082/ros2_ws/install/two_joint_arm
[0.070s] -- Found ament_cmake: 0.9.12 (/opt/ros/foxy/share/ament_cmake/cmake)
[0.092s] -- Using PYTHON_EXECUTABLE: /usr/bin/python3
[0.218s] -- Override CMake install command with custom implementation using symlinks instead of copying resources
[0.243s] -- Found rclpy: 1.0.13 (/opt/ros/foxy/share/rclpy/cmake)
[0.243s] -- Found urdf: 2.4.0 (/opt/ros/foxy/share/urdf/cmake)
[2.468s] -- Found ament_lint_auto: 0.9.8 (/opt/ros/foxy/share/ament_lint_auto/cmake)
[2.575s] -- Added test 'copyright' to check source files copyright and LICENSE
[2.578s] -- Added test 'flake8' to check Python code syntax and style conventions
[2.578s] -- Added test 'lint_cmake' to check CMake code style
[2.579s] -- Added test 'pep257' to check Python code against some of the style conventions in PEP 257
[2.580s] -- Added test 'xmllint' to check XML markup files
[2.582s] -- Configuring done
[2.589s] -- Generating done
[2.590s] -- Build files have been written to: /home/dyddl2082/ros2_ws/build/two_joint_arm
[2.600s] Invoked command in '/home/dyddl2082/ros2_ws/build/two_joint_arm' returned '0': CMAKE_PREFIX_PATH=${CMAKE_PREFIX_PATH}:/opt/ros/foxy /usr/bin/cmake /home/dyddl2082/ros2_ws/src/two_joint_arm -DCMAKE_INSTALL_PREFIX=/home/dyddl2082/ros2_ws/install/two_joint_arm
[2.601s] Invoking command in '/home/dyddl2082/ros2_ws/build/two_joint_arm': CMAKE_PREFIX_PATH=${CMAKE_PREFIX_PATH}:/opt/ros/foxy /usr/bin/cmake --build /home/dyddl2082/ros2_ws/build/two_joint_arm -- -j18 -l18
[2.641s] Invoked command in '/home/dyddl2082/ros2_ws/build/two_joint_arm' returned '0': CMAKE_PREFIX_PATH=${CMAKE_PREFIX_PATH}:/opt/ros/foxy /usr/bin/cmake --build /home/dyddl2082/ros2_ws/build/two_joint_arm -- -j18 -l18
[2.652s] Invoking command in '/home/dyddl2082/ros2_ws/build/two_joint_arm': CMAKE_PREFIX_PATH=${CMAKE_PREFIX_PATH}:/opt/ros/foxy /usr/bin/cmake --install /home/dyddl2082/ros2_ws/build/two_joint_arm
[2.658s] -- Install configuration: ""
[2.658s] -- Execute custom install script
[2.659s] -- Up-to-date symlink: /home/dyddl2082/ros2_ws/install/two_joint_arm/share/two_joint_arm//urdf/two_joint_arm.xacro
[2.660s] -- Up-to-date symlink: /home/dyddl2082/ros2_ws/install/two_joint_arm/share/two_joint_arm//launch/display.launch.py
[2.660s] -- Up-to-date symlink: /home/dyddl2082/ros2_ws/install/two_joint_arm/share/ament_index/resource_index/package_run_dependencies/two_joint_arm
[2.660s] -- Up-to-date symlink: /home/dyddl2082/ros2_ws/install/two_joint_arm/share/ament_index/resource_index/parent_prefix_path/two_joint_arm
[2.661s] -- Up-to-date symlink: /home/dyddl2082/ros2_ws/install/two_joint_arm/share/two_joint_arm/environment/ament_prefix_path.sh
[2.661s] -- Up-to-date symlink: /home/dyddl2082/ros2_ws/install/two_joint_arm/share/two_joint_arm/environment/ament_prefix_path.dsv
[2.662s] -- Up-to-date symlink: /home/dyddl2082/ros2_ws/install/two_joint_arm/share/two_joint_arm/environment/path.sh
[2.663s] -- Up-to-date symlink: /home/dyddl2082/ros2_ws/install/two_joint_arm/share/two_joint_arm/environment/path.dsv
[2.663s] -- Up-to-date symlink: /home/dyddl2082/ros2_ws/install/two_joint_arm/share/two_joint_arm/local_setup.bash
[2.664s] -- Up-to-date symlink: /home/dyddl2082/ros2_ws/install/two_joint_arm/share/two_joint_arm/local_setup.sh
[2.664s] -- Up-to-date symlink: /home/dyddl2082/ros2_ws/install/two_joint_arm/share/two_joint_arm/local_setup.zsh
[2.665s] -- Up-to-date symlink: /home/dyddl2082/ros2_ws/install/two_joint_arm/share/two_joint_arm/local_setup.dsv
[2.665s] -- Symlinking: /home/dyddl2082/ros2_ws/install/two_joint_arm/share/two_joint_arm/package.dsv
[2.675s] -- Up-to-date symlink: /home/dyddl2082/ros2_ws/install/two_joint_arm/share/ament_index/resource_index/packages/two_joint_arm
[2.676s] -- Up-to-date symlink: /home/dyddl2082/ros2_ws/install/two_joint_arm/share/two_joint_arm/cmake/two_joint_armConfig.cmake
[2.676s] -- Up-to-date symlink: /home/dyddl2082/ros2_ws/install/two_joint_arm/share/two_joint_arm/cmake/two_joint_armConfig-version.cmake
[2.676s] -- Up-to-date symlink: /home/dyddl2082/ros2_ws/install/two_joint_arm/share/two_joint_arm/package.xml
[2.678s] Invoked command in '/home/dyddl2082/ros2_ws/build/two_joint_arm' returned '0': CMAKE_PREFIX_PATH=${CMAKE_PREFIX_PATH}:/opt/ros/foxy /usr/bin/cmake --install /home/dyddl2082/ros2_ws/build/two_joint_arm
