[0.015s] Invoking command in '/home/dyddl2082/ros2_ws/build/two_joint_arm': CMAKE_PREFIX_PATH=/opt/ros/foxy /usr/bin/cmake --build /home/dyddl2082/ros2_ws/build/two_joint_arm -- -j18 -l18
[0.080s] Invoked command in '/home/dyddl2082/ros2_ws/build/two_joint_arm' returned '0': CMAKE_PREFIX_PATH=/opt/ros/foxy /usr/bin/cmake --build /home/dyddl2082/ros2_ws/build/two_joint_arm -- -j18 -l18
[0.092s] Invoking command in '/home/dyddl2082/ros2_ws/build/two_joint_arm': CMAKE_PREFIX_PATH=/opt/ros/foxy /usr/bin/cmake --install /home/dyddl2082/ros2_ws/build/two_joint_arm
[0.099s] -- Install configuration: ""
[0.099s] -- Execute custom install script
[0.101s] -- Up-to-date symlink: /home/dyddl2082/ros2_ws/install/two_joint_arm/share/two_joint_arm//urdf/two_joint_arm.xacro
[0.102s] -- Up-to-date symlink: /home/dyddl2082/ros2_ws/install/two_joint_arm/share/two_joint_arm//launch/display.launch.py
[0.104s] -- Up-to-date symlink: /home/dyddl2082/ros2_ws/install/two_joint_arm/share/ament_index/resource_index/package_run_dependencies/two_joint_arm
[0.105s] -- Up-to-date symlink: /home/dyddl2082/ros2_ws/install/two_joint_arm/share/ament_index/resource_index/parent_prefix_path/two_joint_arm
[0.106s] -- Up-to-date symlink: /home/dyddl2082/ros2_ws/install/two_joint_arm/share/two_joint_arm/environment/ament_prefix_path.sh
[0.106s] -- Up-to-date symlink: /home/dyddl2082/ros2_ws/install/two_joint_arm/share/two_joint_arm/environment/ament_prefix_path.dsv
[0.107s] -- Up-to-date symlink: /home/dyddl2082/ros2_ws/install/two_joint_arm/share/two_joint_arm/environment/path.sh
[0.108s] -- Up-to-date symlink: /home/dyddl2082/ros2_ws/install/two_joint_arm/share/two_joint_arm/environment/path.dsv
[0.108s] -- Up-to-date symlink: /home/dyddl2082/ros2_ws/install/two_joint_arm/share/two_joint_arm/local_setup.bash
[0.109s] -- Up-to-date symlink: /home/dyddl2082/ros2_ws/install/two_joint_arm/share/two_joint_arm/local_setup.sh
[0.109s] -- Up-to-date symlink: /home/dyddl2082/ros2_ws/install/two_joint_arm/share/two_joint_arm/local_setup.zsh
[0.110s] -- Up-to-date symlink: /home/dyddl2082/ros2_ws/install/two_joint_arm/share/two_joint_arm/local_setup.dsv
[0.110s] -- Symlinking: /home/dyddl2082/ros2_ws/install/two_joint_arm/share/two_joint_arm/package.dsv
[0.119s] -- Up-to-date symlink: /home/dyddl2082/ros2_ws/install/two_joint_arm/share/ament_index/resource_index/packages/two_joint_arm
[0.120s] -- Up-to-date symlink: /home/dyddl2082/ros2_ws/install/two_joint_arm/share/two_joint_arm/cmake/two_joint_armConfig.cmake
[0.120s] -- Up-to-date symlink: /home/dyddl2082/ros2_ws/install/two_joint_arm/share/two_joint_arm/cmake/two_joint_armConfig-version.cmake
[0.121s] -- Up-to-date symlink: /home/dyddl2082/ros2_ws/install/two_joint_arm/share/two_joint_arm/package.xml
[0.122s] Invoked command in '/home/dyddl2082/ros2_ws/build/two_joint_arm' returned '0': CMAKE_PREFIX_PATH=/opt/ros/foxy /usr/bin/cmake --install /home/dyddl2082/ros2_ws/build/two_joint_arm
