[0.373s] DEBUG:colcon:Command line arguments: ['/usr/bin/colcon', 'build', '--packages-up-to', 'more_interfaces']
[0.373s] DEBUG:colcon:Parsed command line arguments: Namespace(allow_overriding=[], ament_cmake_args=None, base_paths=['.'], build_base='build', catkin_cmake_args=None, catkin_skip_building_tests=False, cmake_args=None, cmake_clean_cache=False, cmake_clean_first=False, cmake_force_configure=False, cmake_target=None, cmake_target_skip_unavailable=False, continue_on_error=False, event_handlers=None, executor='parallel', ignore_user_meta=False, install_base='install', log_base=None, log_level=None, main=<bound method BuildVerb.main of <colcon_core.verb.build.BuildVerb object at 0x7063429d2fd0>>, merge_install=False, metas=['./colcon.meta'], packages_above=None, packages_above_and_dependencies=None, packages_above_depth=None, packages_end=None, packages_ignore=None, packages_ignore_regex=None, packages_select=None, packages_select_build_failed=False, packages_select_by_dep=None, packages_select_regex=None, packages_select_test_failures=False, packages_skip=None, packages_skip_build_finished=False, packages_skip_by_dep=None, packages_skip_regex=None, packages_skip_test_passed=False, packages_skip_up_to=None, packages_start=None, packages_up_to=['more_interfaces'], packages_up_to_regex=None, parallel_workers=18, paths=None, symlink_install=False, test_result_base=None, verb_extension=<colcon_core.verb.build.BuildVerb object at 0x7063429d2fd0>, verb_name='build', verb_parser=<colcon_defaults.argument_parser.defaults.DefaultArgumentsDecorator object at 0x7063428ef790>)
[0.490s] Level 1:colcon.colcon_core.package_discovery:discover_packages(colcon_meta) check parameters
[0.490s] Level 1:colcon.colcon_core.package_discovery:discover_packages(recursive) check parameters
[0.490s] Level 1:colcon.colcon_core.package_discovery:discover_packages(ignore) check parameters
[0.490s] Level 1:colcon.colcon_core.package_discovery:discover_packages(path) check parameters
[0.490s] Level 1:colcon.colcon_core.package_discovery:discover_packages(colcon_meta) discover
[0.490s] Level 1:colcon.colcon_core.package_discovery:discover_packages(recursive) discover
[0.490s] INFO:colcon.colcon_core.package_discovery:Crawling recursively for packages in '/home/dyddl2082/ros2_ws'
[0.491s] Level 1:colcon.colcon_core.package_identification:_identify(.) by extensions ['ignore', 'ignore_ament_install']
[0.491s] Level 1:colcon.colcon_core.package_identification:_identify(.) by extension 'ignore'
[0.491s] Level 1:colcon.colcon_core.package_identification:_identify(.) by extension 'ignore_ament_install'
[0.491s] Level 1:colcon.colcon_core.package_identification:_identify(.) by extensions ['colcon_pkg']
[0.491s] Level 1:colcon.colcon_core.package_identification:_identify(.) by extension 'colcon_pkg'
[0.491s] Level 1:colcon.colcon_core.package_identification:_identify(.) by extensions ['colcon_meta']
[0.491s] Level 1:colcon.colcon_core.package_identification:_identify(.) by extension 'colcon_meta'
[0.491s] Level 1:colcon.colcon_core.package_identification:_identify(.) by extensions ['ros']
[0.491s] Level 1:colcon.colcon_core.package_identification:_identify(.) by extension 'ros'
[0.512s] Level 1:colcon.colcon_core.package_identification:_identify(.) by extensions ['cmake', 'python']
[0.512s] Level 1:colcon.colcon_core.package_identification:_identify(.) by extension 'cmake'
[0.512s] Level 1:colcon.colcon_core.package_identification:_identify(.) by extension 'python'
[0.512s] Level 1:colcon.colcon_core.package_identification:_identify(.) by extensions ['python_setup_py']
[0.512s] Level 1:colcon.colcon_core.package_identification:_identify(.) by extension 'python_setup_py'
[0.512s] Level 1:colcon.colcon_core.package_identification:_identify(build) by extensions ['ignore', 'ignore_ament_install']
[0.512s] Level 1:colcon.colcon_core.package_identification:_identify(build) by extension 'ignore'
[0.512s] Level 1:colcon.colcon_core.package_identification:_identify(build) ignored
[0.512s] Level 1:colcon.colcon_core.package_identification:_identify(install) by extensions ['ignore', 'ignore_ament_install']
[0.512s] Level 1:colcon.colcon_core.package_identification:_identify(install) by extension 'ignore'
[0.512s] Level 1:colcon.colcon_core.package_identification:_identify(install) ignored
[0.512s] Level 1:colcon.colcon_core.package_identification:_identify(log) by extensions ['ignore', 'ignore_ament_install']
[0.512s] Level 1:colcon.colcon_core.package_identification:_identify(log) by extension 'ignore'
[0.513s] Level 1:colcon.colcon_core.package_identification:_identify(log) ignored
[0.513s] Level 1:colcon.colcon_core.package_identification:_identify(src) by extensions ['ignore', 'ignore_ament_install']
[0.513s] Level 1:colcon.colcon_core.package_identification:_identify(src) by extension 'ignore'
[0.513s] Level 1:colcon.colcon_core.package_identification:_identify(src) by extension 'ignore_ament_install'
[0.513s] Level 1:colcon.colcon_core.package_identification:_identify(src) by extensions ['colcon_pkg']
[0.513s] Level 1:colcon.colcon_core.package_identification:_identify(src) by extension 'colcon_pkg'
[0.513s] Level 1:colcon.colcon_core.package_identification:_identify(src) by extensions ['colcon_meta']
[0.513s] Level 1:colcon.colcon_core.package_identification:_identify(src) by extension 'colcon_meta'
[0.513s] Level 1:colcon.colcon_core.package_identification:_identify(src) by extensions ['ros']
[0.513s] Level 1:colcon.colcon_core.package_identification:_identify(src) by extension 'ros'
[0.513s] Level 1:colcon.colcon_core.package_identification:_identify(src) by extensions ['cmake', 'python']
[0.513s] Level 1:colcon.colcon_core.package_identification:_identify(src) by extension 'cmake'
[0.513s] Level 1:colcon.colcon_core.package_identification:_identify(src) by extension 'python'
[0.513s] Level 1:colcon.colcon_core.package_identification:_identify(src) by extensions ['python_setup_py']
[0.513s] Level 1:colcon.colcon_core.package_identification:_identify(src) by extension 'python_setup_py'
[0.513s] Level 1:colcon.colcon_core.package_identification:_identify(src/more_interfaces) by extensions ['ignore', 'ignore_ament_install']
[0.513s] Level 1:colcon.colcon_core.package_identification:_identify(src/more_interfaces) by extension 'ignore'
[0.513s] Level 1:colcon.colcon_core.package_identification:_identify(src/more_interfaces) by extension 'ignore_ament_install'
[0.513s] Level 1:colcon.colcon_core.package_identification:_identify(src/more_interfaces) by extensions ['colcon_pkg']
[0.513s] Level 1:colcon.colcon_core.package_identification:_identify(src/more_interfaces) by extension 'colcon_pkg'
[0.513s] Level 1:colcon.colcon_core.package_identification:_identify(src/more_interfaces) by extensions ['colcon_meta']
[0.513s] Level 1:colcon.colcon_core.package_identification:_identify(src/more_interfaces) by extension 'colcon_meta'
[0.513s] Level 1:colcon.colcon_core.package_identification:_identify(src/more_interfaces) by extensions ['ros']
[0.513s] Level 1:colcon.colcon_core.package_identification:_identify(src/more_interfaces) by extension 'ros'
[0.514s] DEBUG:colcon.colcon_core.package_identification:Package 'src/more_interfaces' with type 'ros.ament_cmake' and name 'more_interfaces'
[0.514s] Level 1:colcon.colcon_core.package_discovery:discover_packages(recursive) using defaults
[0.515s] Level 1:colcon.colcon_core.package_discovery:discover_packages(ignore) discover
[0.515s] Level 1:colcon.colcon_core.package_discovery:discover_packages(ignore) using defaults
[0.515s] Level 1:colcon.colcon_core.package_discovery:discover_packages(path) discover
[0.515s] Level 1:colcon.colcon_core.package_discovery:discover_packages(path) using defaults
[0.526s] Level 1:colcon.colcon_core.package_discovery:discover_packages(prefix_path) check parameters
[0.526s] Level 1:colcon.colcon_core.package_discovery:discover_packages(prefix_path) discover
[0.527s] DEBUG:colcon.colcon_installed_package_information.package_discovery:Found 5 installed packages in /home/dyddl2082/ros2_ws/install
[0.528s] DEBUG:colcon.colcon_installed_package_information.package_discovery:Found 273 installed packages in /opt/ros/foxy
[0.529s] Level 1:colcon.colcon_core.package_discovery:discover_packages(prefix_path) using defaults
[0.569s] Level 5:colcon.colcon_core.verb:set package 'more_interfaces' build argument 'cmake_args' from command line to 'None'
[0.569s] Level 5:colcon.colcon_core.verb:set package 'more_interfaces' build argument 'cmake_target' from command line to 'None'
[0.569s] Level 5:colcon.colcon_core.verb:set package 'more_interfaces' build argument 'cmake_target_skip_unavailable' from command line to 'False'
[0.569s] Level 5:colcon.colcon_core.verb:set package 'more_interfaces' build argument 'cmake_clean_cache' from command line to 'False'
[0.569s] Level 5:colcon.colcon_core.verb:set package 'more_interfaces' build argument 'cmake_clean_first' from command line to 'False'
[0.569s] Level 5:colcon.colcon_core.verb:set package 'more_interfaces' build argument 'cmake_force_configure' from command line to 'False'
[0.569s] Level 5:colcon.colcon_core.verb:set package 'more_interfaces' build argument 'ament_cmake_args' from command line to 'None'
[0.569s] Level 5:colcon.colcon_core.verb:set package 'more_interfaces' build argument 'catkin_cmake_args' from command line to 'None'
[0.569s] Level 5:colcon.colcon_core.verb:set package 'more_interfaces' build argument 'catkin_skip_building_tests' from command line to 'False'
[0.569s] DEBUG:colcon.colcon_core.verb:Building package 'more_interfaces' with the following arguments: {'ament_cmake_args': None, 'build_base': '/home/dyddl2082/ros2_ws/build/more_interfaces', 'catkin_cmake_args': None, 'catkin_skip_building_tests': False, 'cmake_args': None, 'cmake_clean_cache': False, 'cmake_clean_first': False, 'cmake_force_configure': False, 'cmake_target': None, 'cmake_target_skip_unavailable': False, 'install_base': '/home/dyddl2082/ros2_ws/install/more_interfaces', 'merge_install': False, 'path': '/home/dyddl2082/ros2_ws/src/more_interfaces', 'symlink_install': False, 'test_result_base': None}
[0.569s] INFO:colcon.colcon_core.executor:Executing jobs using 'parallel' executor
[0.571s] DEBUG:colcon.colcon_parallel_executor.executor.parallel:run_until_complete
[0.572s] INFO:colcon.colcon_ros.task.ament_cmake.build:Building ROS package in '/home/dyddl2082/ros2_ws/src/more_interfaces' with build type 'ament_cmake'
[0.572s] INFO:colcon.colcon_cmake.task.cmake.build:Building CMake package in '/home/dyddl2082/ros2_ws/src/more_interfaces'
[0.575s] INFO:colcon.colcon_core.plugin_system:Skipping extension 'colcon_core.shell.bat': Not used on non-Windows systems
[0.575s] INFO:colcon.colcon_core.shell:Skip shell extension 'powershell' for command environment: Not usable outside of PowerShell
[0.575s] DEBUG:colcon.colcon_core.shell:Skip shell extension 'dsv' for command environment
[0.586s] DEBUG:colcon.colcon_core.event_handler.log_command:Invoking command in '/home/dyddl2082/ros2_ws/build/more_interfaces': CMAKE_PREFIX_PATH=${CMAKE_PREFIX_PATH}:/opt/ros/foxy /usr/bin/cmake /home/dyddl2082/ros2_ws/src/more_interfaces -DCMAKE_INSTALL_PREFIX=/home/dyddl2082/ros2_ws/install/more_interfaces
[23.169s] DEBUG:colcon.colcon_core.event_handler.log_command:Invoked command in '/home/dyddl2082/ros2_ws/build/more_interfaces' returned '0': CMAKE_PREFIX_PATH=${CMAKE_PREFIX_PATH}:/opt/ros/foxy /usr/bin/cmake /home/dyddl2082/ros2_ws/src/more_interfaces -DCMAKE_INSTALL_PREFIX=/home/dyddl2082/ros2_ws/install/more_interfaces
[23.173s] DEBUG:colcon.colcon_core.event_handler.log_command:Invoking command in '/home/dyddl2082/ros2_ws/build/more_interfaces': CMAKE_PREFIX_PATH=${CMAKE_PREFIX_PATH}:/opt/ros/foxy /usr/bin/cmake --build /home/dyddl2082/ros2_ws/build/more_interfaces -- -j18 -l18
[28.235s] DEBUG:colcon.colcon_core.event_handler.log_command:Invoked command in '/home/dyddl2082/ros2_ws/build/more_interfaces' returned '0': CMAKE_PREFIX_PATH=${CMAKE_PREFIX_PATH}:/opt/ros/foxy /usr/bin/cmake --build /home/dyddl2082/ros2_ws/build/more_interfaces -- -j18 -l18
[28.248s] DEBUG:colcon.colcon_core.event_handler.log_command:Invoking command in '/home/dyddl2082/ros2_ws/build/more_interfaces': CMAKE_PREFIX_PATH=${CMAKE_PREFIX_PATH}:/opt/ros/foxy /usr/bin/cmake --install /home/dyddl2082/ros2_ws/build/more_interfaces
[28.304s] Level 1:colcon.colcon_core.environment:create_environment_scripts_only(more_interfaces)
[28.305s] DEBUG:colcon.colcon_core.event_handler.log_command:Invoked command in '/home/dyddl2082/ros2_ws/build/more_interfaces' returned '0': CMAKE_PREFIX_PATH=${CMAKE_PREFIX_PATH}:/opt/ros/foxy /usr/bin/cmake --install /home/dyddl2082/ros2_ws/build/more_interfaces
[28.312s] Level 1:colcon.colcon_core.environment:checking '/home/dyddl2082/ros2_ws/install/more_interfaces' for CMake module files
[28.313s] Level 1:colcon.colcon_core.environment:checking '/home/dyddl2082/ros2_ws/install/more_interfaces' for CMake config files
[28.313s] Level 1:colcon.colcon_core.shell:create_environment_hook('more_interfaces', 'cmake_prefix_path')
[28.313s] INFO:colcon.colcon_core.shell:Creating environment hook '/home/dyddl2082/ros2_ws/install/more_interfaces/share/more_interfaces/hook/cmake_prefix_path.ps1'
[28.314s] INFO:colcon.colcon_core.shell:Creating environment descriptor '/home/dyddl2082/ros2_ws/install/more_interfaces/share/more_interfaces/hook/cmake_prefix_path.dsv'
[28.315s] INFO:colcon.colcon_core.shell:Creating environment hook '/home/dyddl2082/ros2_ws/install/more_interfaces/share/more_interfaces/hook/cmake_prefix_path.sh'
[28.316s] Level 1:colcon.colcon_core.environment:checking '/home/dyddl2082/ros2_ws/install/more_interfaces/lib'
[28.316s] Level 1:colcon.colcon_core.shell:create_environment_hook('more_interfaces', 'ld_library_path_lib')
[28.317s] INFO:colcon.colcon_core.shell:Creating environment hook '/home/dyddl2082/ros2_ws/install/more_interfaces/share/more_interfaces/hook/ld_library_path_lib.ps1'
[28.317s] INFO:colcon.colcon_core.shell:Creating environment descriptor '/home/dyddl2082/ros2_ws/install/more_interfaces/share/more_interfaces/hook/ld_library_path_lib.dsv'
[28.317s] INFO:colcon.colcon_core.shell:Creating environment hook '/home/dyddl2082/ros2_ws/install/more_interfaces/share/more_interfaces/hook/ld_library_path_lib.sh'
[28.318s] Level 1:colcon.colcon_core.environment:checking '/home/dyddl2082/ros2_ws/install/more_interfaces/bin'
[28.318s] Level 1:colcon.colcon_core.environment:checking '/home/dyddl2082/ros2_ws/install/more_interfaces/lib/pkgconfig/more_interfaces.pc'
[28.318s] Level 1:colcon.colcon_core.environment:checking '/home/dyddl2082/ros2_ws/install/more_interfaces/lib/python3.8/site-packages'
[28.318s] Level 1:colcon.colcon_core.shell:create_environment_hook('more_interfaces', 'pythonpath')
[28.318s] INFO:colcon.colcon_core.shell:Creating environment hook '/home/dyddl2082/ros2_ws/install/more_interfaces/share/more_interfaces/hook/pythonpath.ps1'
[28.318s] INFO:colcon.colcon_core.shell:Creating environment descriptor '/home/dyddl2082/ros2_ws/install/more_interfaces/share/more_interfaces/hook/pythonpath.dsv'
[28.318s] INFO:colcon.colcon_core.shell:Creating environment hook '/home/dyddl2082/ros2_ws/install/more_interfaces/share/more_interfaces/hook/pythonpath.sh'
[28.319s] Level 1:colcon.colcon_core.environment:checking '/home/dyddl2082/ros2_ws/install/more_interfaces/bin'
[28.319s] INFO:colcon.colcon_core.shell:Creating package script '/home/dyddl2082/ros2_ws/install/more_interfaces/share/more_interfaces/package.ps1'
[28.320s] INFO:colcon.colcon_core.shell:Creating package descriptor '/home/dyddl2082/ros2_ws/install/more_interfaces/share/more_interfaces/package.dsv'
[28.321s] INFO:colcon.colcon_core.shell:Creating package script '/home/dyddl2082/ros2_ws/install/more_interfaces/share/more_interfaces/package.sh'
[28.322s] INFO:colcon.colcon_core.shell:Creating package script '/home/dyddl2082/ros2_ws/install/more_interfaces/share/more_interfaces/package.bash'
[28.323s] INFO:colcon.colcon_core.shell:Creating package script '/home/dyddl2082/ros2_ws/install/more_interfaces/share/more_interfaces/package.zsh'
[28.324s] Level 1:colcon.colcon_core.environment:create_file_with_runtime_dependencies(/home/dyddl2082/ros2_ws/install/more_interfaces/share/colcon-core/packages/more_interfaces)
[28.325s] Level 1:colcon.colcon_core.environment:create_environment_scripts_only(more_interfaces)
[28.326s] Level 1:colcon.colcon_core.environment:checking '/home/dyddl2082/ros2_ws/install/more_interfaces' for CMake module files
[28.326s] Level 1:colcon.colcon_core.environment:checking '/home/dyddl2082/ros2_ws/install/more_interfaces' for CMake config files
[28.326s] Level 1:colcon.colcon_core.shell:create_environment_hook('more_interfaces', 'cmake_prefix_path')
[28.326s] INFO:colcon.colcon_core.shell:Creating environment hook '/home/dyddl2082/ros2_ws/install/more_interfaces/share/more_interfaces/hook/cmake_prefix_path.ps1'
[28.327s] INFO:colcon.colcon_core.shell:Creating environment descriptor '/home/dyddl2082/ros2_ws/install/more_interfaces/share/more_interfaces/hook/cmake_prefix_path.dsv'
[28.327s] INFO:colcon.colcon_core.shell:Creating environment hook '/home/dyddl2082/ros2_ws/install/more_interfaces/share/more_interfaces/hook/cmake_prefix_path.sh'
[28.328s] Level 1:colcon.colcon_core.environment:checking '/home/dyddl2082/ros2_ws/install/more_interfaces/lib'
[28.328s] Level 1:colcon.colcon_core.shell:create_environment_hook('more_interfaces', 'ld_library_path_lib')
[28.328s] INFO:colcon.colcon_core.shell:Creating environment hook '/home/dyddl2082/ros2_ws/install/more_interfaces/share/more_interfaces/hook/ld_library_path_lib.ps1'
[28.329s] INFO:colcon.colcon_core.shell:Creating environment descriptor '/home/dyddl2082/ros2_ws/install/more_interfaces/share/more_interfaces/hook/ld_library_path_lib.dsv'
[28.329s] INFO:colcon.colcon_core.shell:Creating environment hook '/home/dyddl2082/ros2_ws/install/more_interfaces/share/more_interfaces/hook/ld_library_path_lib.sh'
[28.329s] Level 1:colcon.colcon_core.environment:checking '/home/dyddl2082/ros2_ws/install/more_interfaces/bin'
[28.329s] Level 1:colcon.colcon_core.environment:checking '/home/dyddl2082/ros2_ws/install/more_interfaces/lib/pkgconfig/more_interfaces.pc'
[28.329s] Level 1:colcon.colcon_core.environment:checking '/home/dyddl2082/ros2_ws/install/more_interfaces/lib/python3.8/site-packages'
[28.329s] Level 1:colcon.colcon_core.shell:create_environment_hook('more_interfaces', 'pythonpath')
[28.329s] INFO:colcon.colcon_core.shell:Creating environment hook '/home/dyddl2082/ros2_ws/install/more_interfaces/share/more_interfaces/hook/pythonpath.ps1'
[28.330s] INFO:colcon.colcon_core.shell:Creating environment descriptor '/home/dyddl2082/ros2_ws/install/more_interfaces/share/more_interfaces/hook/pythonpath.dsv'
[28.330s] INFO:colcon.colcon_core.shell:Creating environment hook '/home/dyddl2082/ros2_ws/install/more_interfaces/share/more_interfaces/hook/pythonpath.sh'
[28.330s] Level 1:colcon.colcon_core.environment:checking '/home/dyddl2082/ros2_ws/install/more_interfaces/bin'
[28.330s] INFO:colcon.colcon_core.shell:Creating package script '/home/dyddl2082/ros2_ws/install/more_interfaces/share/more_interfaces/package.ps1'
[28.331s] INFO:colcon.colcon_core.shell:Creating package descriptor '/home/dyddl2082/ros2_ws/install/more_interfaces/share/more_interfaces/package.dsv'
[28.331s] INFO:colcon.colcon_core.shell:Creating package script '/home/dyddl2082/ros2_ws/install/more_interfaces/share/more_interfaces/package.sh'
[28.331s] INFO:colcon.colcon_core.shell:Creating package script '/home/dyddl2082/ros2_ws/install/more_interfaces/share/more_interfaces/package.bash'
[28.332s] INFO:colcon.colcon_core.shell:Creating package script '/home/dyddl2082/ros2_ws/install/more_interfaces/share/more_interfaces/package.zsh'
[28.332s] Level 1:colcon.colcon_core.environment:create_file_with_runtime_dependencies(/home/dyddl2082/ros2_ws/install/more_interfaces/share/colcon-core/packages/more_interfaces)
[28.332s] DEBUG:colcon.colcon_parallel_executor.executor.parallel:closing loop
[28.333s] DEBUG:colcon.colcon_parallel_executor.executor.parallel:loop closed
[28.333s] DEBUG:colcon.colcon_parallel_executor.executor.parallel:run_until_complete finished with '0'
[28.333s] DEBUG:colcon.colcon_core.event_reactor:joining thread
[28.443s] INFO:colcon.colcon_core.plugin_system:Skipping extension 'colcon_notification.desktop_notification.notify_send': Could not find 'notify-send'
[28.443s] INFO:colcon.colcon_core.plugin_system:Skipping extension 'colcon_notification.desktop_notification.terminal_notifier': Not used on non-Darwin systems
[28.443s] INFO:colcon.colcon_core.plugin_system:Skipping extension 'colcon_notification.desktop_notification.win32': Not used on non-Windows systems
[28.443s] INFO:colcon.colcon_notification.desktop_notification:Sending desktop notification using 'notify2'
[28.445s] DEBUG:colcon.colcon_notification.desktop_notification.notify2:Failed to initialize notify2: org.freedesktop.DBus.Error.ServiceUnknown: The name org.freedesktop.Notifications was not provided by any .service files
[28.445s] DEBUG:colcon.colcon_core.event_reactor:joined thread
[28.445s] INFO:colcon.colcon_core.shell:Creating prefix script '/home/dyddl2082/ros2_ws/install/local_setup.ps1'
[28.446s] INFO:colcon.colcon_core.shell:Creating prefix util module '/home/dyddl2082/ros2_ws/install/_local_setup_util_ps1.py'
[28.447s] INFO:colcon.colcon_core.shell:Creating prefix chain script '/home/dyddl2082/ros2_ws/install/setup.ps1'
[28.448s] INFO:colcon.colcon_core.shell:Creating prefix script '/home/dyddl2082/ros2_ws/install/local_setup.sh'
[28.448s] INFO:colcon.colcon_core.shell:Creating prefix util module '/home/dyddl2082/ros2_ws/install/_local_setup_util_sh.py'
[28.449s] INFO:colcon.colcon_core.shell:Creating prefix chain script '/home/dyddl2082/ros2_ws/install/setup.sh'
[28.450s] INFO:colcon.colcon_core.shell:Creating prefix script '/home/dyddl2082/ros2_ws/install/local_setup.bash'
[28.450s] INFO:colcon.colcon_core.shell:Creating prefix chain script '/home/dyddl2082/ros2_ws/install/setup.bash'
[28.451s] INFO:colcon.colcon_core.shell:Creating prefix script '/home/dyddl2082/ros2_ws/install/local_setup.zsh'
[28.451s] INFO:colcon.colcon_core.shell:Creating prefix chain script '/home/dyddl2082/ros2_ws/install/setup.zsh'
