[0.013s] Invoking command in '/home/dyddl2082/ros2_ws/build/action_tutorials_interfaces': CMAKE_PREFIX_PATH=${CMAKE_PREFIX_PATH}:/opt/ros/foxy /usr/bin/cmake /home/dyddl2082/ros2_ws/src/action_tutorials_interfaces -DCMAKE_INSTALL_PREFIX=/home/dyddl2082/ros2_ws/install/action_tutorials_interfaces
[0.423s] -- The C compiler identification is GNU 9.4.0
[1.032s] -- The CXX compiler identification is GNU 9.4.0
[1.358s] -- Check for working C compiler: /usr/bin/cc
[1.701s] -- Check for working C compiler: /usr/bin/cc -- works
[1.712s] -- Detecting C compiler ABI info
[2.033s] -- Detecting C compiler ABI info - done
[2.049s] -- Detecting C compile features
[2.050s] -- Detecting C compile features - done
[2.054s] -- Check for working CXX compiler: /usr/bin/c++
[2.397s] -- Check for working CXX compiler: /usr/bin/c++ -- works
[2.399s] -- Detecting CXX compiler ABI info
[2.749s] -- Detecting CXX compiler ABI info - done
[2.755s] -- Detecting CXX compile features
[2.755s] -- Detecting CXX compile features - done
[2.769s] -- Found ament_cmake: 0.9.12 (/opt/ros/foxy/share/ament_cmake/cmake)
[2.786s] -- Found PythonInterp: /usr/bin/python3 (found suitable version "3.8.10", minimum required is "3") 
[2.786s] -- Using PYTHON_EXECUTABLE: /usr/bin/python3
[2.929s] -- Found rosidl_default_generators: 1.0.1 (/opt/ros/foxy/share/rosidl_default_generators/cmake)
[2.938s] -- Using all available rosidl_typesupport_c: rosidl_typesupport_fastrtps_c;rosidl_typesupport_introspection_c
[2.944s] -- Found rosidl_adapter: 1.3.1 (/opt/ros/foxy/share/rosidl_adapter/cmake)
[5.778s] -- Found OpenSSL: /usr/lib/x86_64-linux-gnu/libcrypto.so (found version "1.1.1f")  
[8.410s] -- Found FastRTPS: /opt/ros/foxy/include  
[13.162s] -- Using all available rosidl_typesupport_cpp: rosidl_typesupport_fastrtps_cpp;rosidl_typesupport_introspection_cpp
[13.201s] -- Found PythonInterp: /usr/bin/python3 (found version "3.8.10") 
[13.359s] -- Found ament_cmake_ros: 0.9.2 (/opt/ros/foxy/share/ament_cmake_ros/cmake)
[22.327s] -- Using all available rosidl_typesupport_c: rosidl_typesupport_fastrtps_c;rosidl_typesupport_introspection_c
[22.346s] -- Using all available rosidl_typesupport_cpp: rosidl_typesupport_fastrtps_cpp;rosidl_typesupport_introspection_cpp
[22.366s] -- Found PythonInterp: /usr/bin/python3 (found suitable version "3.8.10", minimum required is "3.5") 
[22.370s] -- Found python_cmake_module: 0.8.1 (/opt/ros/foxy/share/python_cmake_module/cmake)
[23.491s] -- Found PythonLibs: /usr/lib/x86_64-linux-gnu/libpython3.8.so (found suitable version "3.8.10", minimum required is "3.5") 
[23.492s] -- Using PYTHON_EXECUTABLE: /usr/bin/python3
[23.492s] -- Using PYTHON_INCLUDE_DIRS: /usr/include/python3.8
[23.492s] -- Using PYTHON_LIBRARIES: /usr/lib/x86_64-linux-gnu/libpython3.8.so
[23.515s] -- Found PythonExtra: .so  
[23.658s] -- Found ament_lint_auto: 0.9.8 (/opt/ros/foxy/share/ament_lint_auto/cmake)
[23.681s] -- Added test 'copyright' to check source files copyright and LICENSE
[23.682s] -- Added test 'lint_cmake' to check CMake code style
[23.683s] -- Added test 'xmllint' to check XML markup files
[23.687s] -- Configuring done
[23.738s] -- Generating done
[23.751s] -- Build files have been written to: /home/dyddl2082/ros2_ws/build/action_tutorials_interfaces
[23.759s] Invoked command in '/home/dyddl2082/ros2_ws/build/action_tutorials_interfaces' returned '0': CMAKE_PREFIX_PATH=${CMAKE_PREFIX_PATH}:/opt/ros/foxy /usr/bin/cmake /home/dyddl2082/ros2_ws/src/action_tutorials_interfaces -DCMAKE_INSTALL_PREFIX=/home/dyddl2082/ros2_ws/install/action_tutorials_interfaces
[23.760s] Invoking command in '/home/dyddl2082/ros2_ws/build/action_tutorials_interfaces': CMAKE_PREFIX_PATH=${CMAKE_PREFIX_PATH}:/opt/ros/foxy /usr/bin/cmake --build /home/dyddl2082/ros2_ws/build/action_tutorials_interfaces -- -j18 -l18
[23.797s] [35m[1mScanning dependencies of target action_tutorials_interfaces__cpp[0m
[23.797s] [  3%] [34m[1mGenerating C code for ROS interfaces[0m
[23.807s] [  6%] [34m[1mGenerating C++ code for ROS interfaces[0m
[24.083s] [  6%] Built target action_tutorials_interfaces__cpp
[24.092s] [  9%] [34m[1mGenerating C++ type support dispatch for ROS interfaces[0m
[24.094s] [ 12%] [34m[1mGenerating C++ introspection for ROS interfaces[0m
[24.094s] [35m[1mScanning dependencies of target action_tutorials_interfaces__rosidl_generator_c[0m
[24.096s] [ 16%] [34m[1mGenerating C++ type support for eProsima Fast-RTPS[0m
[24.108s] [ 19%] [32mBuilding C object CMakeFiles/action_tutorials_interfaces__rosidl_generator_c.dir/rosidl_generator_c/action_tutorials_interfaces/action/detail/fibonacci__functions.c.o[0m
[24.246s] [ 22%] [32m[1mLinking C shared library libaction_tutorials_interfaces__rosidl_generator_c.so[0m
[24.325s] [35m[1mScanning dependencies of target action_tutorials_interfaces__rosidl_typesupport_cpp[0m
[24.332s] [35m[1mScanning dependencies of target action_tutorials_interfaces__rosidl_typesupport_introspection_cpp[0m
[24.349s] [ 25%] [32mBuilding CXX object CMakeFiles/action_tutorials_interfaces__rosidl_typesupport_introspection_cpp.dir/rosidl_typesupport_introspection_cpp/action_tutorials_interfaces/action/detail/fibonacci__type_support.cpp.o[0m
[24.350s] [ 29%] [32mBuilding CXX object CMakeFiles/action_tutorials_interfaces__rosidl_typesupport_cpp.dir/rosidl_typesupport_cpp/action_tutorials_interfaces/action/fibonacci__type_support.cpp.o[0m
[24.402s] [35m[1mScanning dependencies of target action_tutorials_interfaces__rosidl_typesupport_fastrtps_cpp[0m
[24.435s] [ 32%] [32mBuilding CXX object CMakeFiles/action_tutorials_interfaces__rosidl_typesupport_fastrtps_cpp.dir/rosidl_typesupport_fastrtps_cpp/action_tutorials_interfaces/action/detail/dds_fastrtps/fibonacci__type_support.cpp.o[0m
[24.492s] [ 32%] Built target action_tutorials_interfaces__rosidl_generator_c
[24.508s] [ 35%] [34m[1mGenerating C introspection for ROS interfaces[0m
[24.510s] [ 38%] [34m[1mGenerating C type support dispatch for ROS interfaces[0m
[24.695s] [ 41%] [32m[1mLinking CXX shared library libaction_tutorials_interfaces__rosidl_typesupport_cpp.so[0m
[24.753s] [ 45%] [32m[1mLinking CXX shared library libaction_tutorials_interfaces__rosidl_typesupport_introspection_cpp.so[0m
[24.770s] [35m[1mScanning dependencies of target action_tutorials_interfaces__rosidl_typesupport_c[0m
[24.789s] [ 48%] [32mBuilding CXX object CMakeFiles/action_tutorials_interfaces__rosidl_typesupport_c.dir/rosidl_typesupport_c/action_tutorials_interfaces/action/fibonacci__type_support.cpp.o[0m
[24.803s] [35m[1mScanning dependencies of target action_tutorials_interfaces__rosidl_typesupport_introspection_c[0m
[24.823s] [ 51%] [32mBuilding C object CMakeFiles/action_tutorials_interfaces__rosidl_typesupport_introspection_c.dir/rosidl_typesupport_introspection_c/action_tutorials_interfaces/action/detail/fibonacci__type_support.c.o[0m
[24.838s] [ 54%] [32m[1mLinking CXX shared library libaction_tutorials_interfaces__rosidl_typesupport_c.so[0m
[24.865s] [ 58%] [32m[1mLinking C shared library libaction_tutorials_interfaces__rosidl_typesupport_introspection_c.so[0m
[24.908s] [ 58%] Built target action_tutorials_interfaces__rosidl_typesupport_cpp
[24.949s] [ 61%] [32m[1mLinking CXX shared library libaction_tutorials_interfaces__rosidl_typesupport_fastrtps_cpp.so[0m
[24.994s] [ 61%] Built target action_tutorials_interfaces__rosidl_typesupport_introspection_cpp
[25.053s] [ 61%] Built target action_tutorials_interfaces__rosidl_typesupport_c
[25.069s] [ 61%] Built target action_tutorials_interfaces__rosidl_typesupport_introspection_c
[25.200s] [ 61%] Built target action_tutorials_interfaces__rosidl_typesupport_fastrtps_cpp
[25.212s] [ 64%] [34m[1mGenerating C type support for eProsima Fast-RTPS[0m
[25.430s] [35m[1mScanning dependencies of target action_tutorials_interfaces__rosidl_typesupport_fastrtps_c[0m
[25.451s] [ 67%] [32mBuilding CXX object CMakeFiles/action_tutorials_interfaces__rosidl_typesupport_fastrtps_c.dir/rosidl_typesupport_fastrtps_c/action_tutorials_interfaces/action/detail/fibonacci__type_support_c.cpp.o[0m
[25.704s] [ 70%] [32m[1mLinking CXX shared library libaction_tutorials_interfaces__rosidl_typesupport_fastrtps_c.so[0m
[25.952s] [ 70%] Built target action_tutorials_interfaces__rosidl_typesupport_fastrtps_c
[25.960s] [35m[1mScanning dependencies of target action_tutorials_interfaces[0m
[25.968s] [ 70%] Built target action_tutorials_interfaces
[25.976s] [35m[1mScanning dependencies of target action_tutorials_interfaces__py[0m
[25.987s] [ 74%] [34m[1mGenerating Python code for ROS interfaces[0m
[26.601s] [ 74%] Built target action_tutorials_interfaces__py
[26.608s] [35m[1mScanning dependencies of target action_tutorials_interfaces__python[0m
[26.645s] [ 77%] [32mBuilding C object CMakeFiles/action_tutorials_interfaces__python.dir/rosidl_generator_py/action_tutorials_interfaces/action/_fibonacci_s.c.o[0m
[26.749s] [ 80%] [32m[1mLinking C shared library rosidl_generator_py/action_tutorials_interfaces/libaction_tutorials_interfaces__python.so[0m
[27.024s] [ 80%] Built target action_tutorials_interfaces__python
[27.033s] [35m[1mScanning dependencies of target action_tutorials_interfaces__rosidl_typesupport_fastrtps_c__pyext[0m
[27.033s] [35m[1mScanning dependencies of target action_tutorials_interfaces__rosidl_typesupport_introspection_c__pyext[0m
[27.039s] [35m[1mScanning dependencies of target action_tutorials_interfaces__rosidl_typesupport_c__pyext[0m
[27.051s] [ 83%] [32mBuilding C object CMakeFiles/action_tutorials_interfaces__rosidl_typesupport_fastrtps_c__pyext.dir/rosidl_generator_py/action_tutorials_interfaces/_action_tutorials_interfaces_s.ep.rosidl_typesupport_fastrtps_c.c.o[0m
[27.051s] [ 87%] [32mBuilding C object CMakeFiles/action_tutorials_interfaces__rosidl_typesupport_introspection_c__pyext.dir/rosidl_generator_py/action_tutorials_interfaces/_action_tutorials_interfaces_s.ep.rosidl_typesupport_introspection_c.c.o[0m
[27.064s] [ 90%] [32mBuilding C object CMakeFiles/action_tutorials_interfaces__rosidl_typesupport_c__pyext.dir/rosidl_generator_py/action_tutorials_interfaces/_action_tutorials_interfaces_s.ep.rosidl_typesupport_c.c.o[0m
[27.138s] [ 93%] [32m[1mLinking CXX shared library rosidl_generator_py/action_tutorials_interfaces/action_tutorials_interfaces_s__rosidl_typesupport_fastrtps_c.cpython-38-x86_64-linux-gnu.so[0m
[27.144s] [ 96%] [32m[1mLinking C shared library rosidl_generator_py/action_tutorials_interfaces/action_tutorials_interfaces_s__rosidl_typesupport_introspection_c.cpython-38-x86_64-linux-gnu.so[0m
[27.153s] [100%] [32m[1mLinking C shared library rosidl_generator_py/action_tutorials_interfaces/action_tutorials_interfaces_s__rosidl_typesupport_c.cpython-38-x86_64-linux-gnu.so[0m
[27.285s] [100%] Built target action_tutorials_interfaces__rosidl_typesupport_introspection_c__pyext
[27.304s] [100%] Built target action_tutorials_interfaces__rosidl_typesupport_fastrtps_c__pyext
[27.348s] [100%] Built target action_tutorials_interfaces__rosidl_typesupport_c__pyext
[27.360s] Invoked command in '/home/dyddl2082/ros2_ws/build/action_tutorials_interfaces' returned '0': CMAKE_PREFIX_PATH=${CMAKE_PREFIX_PATH}:/opt/ros/foxy /usr/bin/cmake --build /home/dyddl2082/ros2_ws/build/action_tutorials_interfaces -- -j18 -l18
[27.370s] Invoking command in '/home/dyddl2082/ros2_ws/build/action_tutorials_interfaces': CMAKE_PREFIX_PATH=${CMAKE_PREFIX_PATH}:/opt/ros/foxy /usr/bin/cmake --install /home/dyddl2082/ros2_ws/build/action_tutorials_interfaces
[27.378s] -- Install configuration: ""
[27.378s] -- Installing: /home/dyddl2082/ros2_ws/install/action_tutorials_interfaces/share/ament_index/resource_index/rosidl_interfaces/action_tutorials_interfaces
[27.379s] -- Installing: /home/dyddl2082/ros2_ws/install/action_tutorials_interfaces/include/action_tutorials_interfaces
[27.379s] -- Installing: /home/dyddl2082/ros2_ws/install/action_tutorials_interfaces/include/action_tutorials_interfaces/msg
[27.379s] -- Installing: /home/dyddl2082/ros2_ws/install/action_tutorials_interfaces/include/action_tutorials_interfaces/msg/rosidl_generator_c__visibility_control.h
[27.380s] -- Installing: /home/dyddl2082/ros2_ws/install/action_tutorials_interfaces/include/action_tutorials_interfaces/action
[27.380s] -- Installing: /home/dyddl2082/ros2_ws/install/action_tutorials_interfaces/include/action_tutorials_interfaces/action/fibonacci.h
[27.380s] -- Installing: /home/dyddl2082/ros2_ws/install/action_tutorials_interfaces/include/action_tutorials_interfaces/action/detail
[27.380s] -- Installing: /home/dyddl2082/ros2_ws/install/action_tutorials_interfaces/include/action_tutorials_interfaces/action/detail/fibonacci__functions.h
[27.380s] -- Installing: /home/dyddl2082/ros2_ws/install/action_tutorials_interfaces/include/action_tutorials_interfaces/action/detail/fibonacci__functions.c
[27.380s] -- Installing: /home/dyddl2082/ros2_ws/install/action_tutorials_interfaces/include/action_tutorials_interfaces/action/detail/fibonacci__type_support.h
[27.380s] -- Installing: /home/dyddl2082/ros2_ws/install/action_tutorials_interfaces/include/action_tutorials_interfaces/action/detail/fibonacci__struct.h
[27.381s] -- Installing: /home/dyddl2082/ros2_ws/install/action_tutorials_interfaces/share/action_tutorials_interfaces/environment/library_path.sh
[27.381s] -- Installing: /home/dyddl2082/ros2_ws/install/action_tutorials_interfaces/share/action_tutorials_interfaces/environment/library_path.dsv
[27.381s] -- Installing: /home/dyddl2082/ros2_ws/install/action_tutorials_interfaces/lib/libaction_tutorials_interfaces__rosidl_generator_c.so
[27.382s] -- Set runtime path of "/home/dyddl2082/ros2_ws/install/action_tutorials_interfaces/lib/libaction_tutorials_interfaces__rosidl_generator_c.so" to ""
[27.382s] -- Up-to-date: /home/dyddl2082/ros2_ws/install/action_tutorials_interfaces/include/action_tutorials_interfaces
[27.382s] -- Up-to-date: /home/dyddl2082/ros2_ws/install/action_tutorials_interfaces/include/action_tutorials_interfaces/msg
[27.383s] -- Installing: /home/dyddl2082/ros2_ws/install/action_tutorials_interfaces/include/action_tutorials_interfaces/msg/rosidl_typesupport_fastrtps_c__visibility_control.h
[27.383s] -- Up-to-date: /home/dyddl2082/ros2_ws/install/action_tutorials_interfaces/include/action_tutorials_interfaces/action
[27.383s] -- Up-to-date: /home/dyddl2082/ros2_ws/install/action_tutorials_interfaces/include/action_tutorials_interfaces/action/detail
[27.383s] -- Installing: /home/dyddl2082/ros2_ws/install/action_tutorials_interfaces/include/action_tutorials_interfaces/action/detail/fibonacci__rosidl_typesupport_fastrtps_c.h
[27.383s] -- Installing: /home/dyddl2082/ros2_ws/install/action_tutorials_interfaces/lib/libaction_tutorials_interfaces__rosidl_typesupport_fastrtps_c.so
[27.383s] -- Set runtime path of "/home/dyddl2082/ros2_ws/install/action_tutorials_interfaces/lib/libaction_tutorials_interfaces__rosidl_typesupport_fastrtps_c.so" to ""
[27.383s] -- Up-to-date: /home/dyddl2082/ros2_ws/install/action_tutorials_interfaces/include/action_tutorials_interfaces
[27.384s] -- Up-to-date: /home/dyddl2082/ros2_ws/install/action_tutorials_interfaces/include/action_tutorials_interfaces/msg
[27.384s] -- Installing: /home/dyddl2082/ros2_ws/install/action_tutorials_interfaces/include/action_tutorials_interfaces/msg/rosidl_typesupport_fastrtps_cpp__visibility_control.h
[27.384s] -- Up-to-date: /home/dyddl2082/ros2_ws/install/action_tutorials_interfaces/include/action_tutorials_interfaces/action
[27.384s] -- Up-to-date: /home/dyddl2082/ros2_ws/install/action_tutorials_interfaces/include/action_tutorials_interfaces/action/detail
[27.384s] -- Installing: /home/dyddl2082/ros2_ws/install/action_tutorials_interfaces/include/action_tutorials_interfaces/action/detail/dds_fastrtps
[27.384s] -- Installing: /home/dyddl2082/ros2_ws/install/action_tutorials_interfaces/include/action_tutorials_interfaces/action/detail/fibonacci__rosidl_typesupport_fastrtps_cpp.hpp
[27.384s] -- Installing: /home/dyddl2082/ros2_ws/install/action_tutorials_interfaces/lib/libaction_tutorials_interfaces__rosidl_typesupport_fastrtps_cpp.so
[27.385s] -- Set runtime path of "/home/dyddl2082/ros2_ws/install/action_tutorials_interfaces/lib/libaction_tutorials_interfaces__rosidl_typesupport_fastrtps_cpp.so" to ""
[27.385s] -- Up-to-date: /home/dyddl2082/ros2_ws/install/action_tutorials_interfaces/include/action_tutorials_interfaces
[27.385s] -- Up-to-date: /home/dyddl2082/ros2_ws/install/action_tutorials_interfaces/include/action_tutorials_interfaces/msg
[27.385s] -- Installing: /home/dyddl2082/ros2_ws/install/action_tutorials_interfaces/include/action_tutorials_interfaces/msg/rosidl_typesupport_introspection_c__visibility_control.h
[27.385s] -- Up-to-date: /home/dyddl2082/ros2_ws/install/action_tutorials_interfaces/include/action_tutorials_interfaces/action
[27.385s] -- Up-to-date: /home/dyddl2082/ros2_ws/install/action_tutorials_interfaces/include/action_tutorials_interfaces/action/detail
[27.385s] -- Installing: /home/dyddl2082/ros2_ws/install/action_tutorials_interfaces/include/action_tutorials_interfaces/action/detail/fibonacci__type_support.c
[27.385s] -- Installing: /home/dyddl2082/ros2_ws/install/action_tutorials_interfaces/include/action_tutorials_interfaces/action/detail/fibonacci__rosidl_typesupport_introspection_c.h
[27.386s] -- Installing: /home/dyddl2082/ros2_ws/install/action_tutorials_interfaces/lib/libaction_tutorials_interfaces__rosidl_typesupport_introspection_c.so
[27.386s] -- Set runtime path of "/home/dyddl2082/ros2_ws/install/action_tutorials_interfaces/lib/libaction_tutorials_interfaces__rosidl_typesupport_introspection_c.so" to ""
[27.386s] -- Installing: /home/dyddl2082/ros2_ws/install/action_tutorials_interfaces/lib/libaction_tutorials_interfaces__rosidl_typesupport_c.so
[27.387s] -- Set runtime path of "/home/dyddl2082/ros2_ws/install/action_tutorials_interfaces/lib/libaction_tutorials_interfaces__rosidl_typesupport_c.so" to ""
[27.387s] -- Up-to-date: /home/dyddl2082/ros2_ws/install/action_tutorials_interfaces/include/action_tutorials_interfaces
[27.387s] -- Up-to-date: /home/dyddl2082/ros2_ws/install/action_tutorials_interfaces/include/action_tutorials_interfaces/msg
[27.387s] -- Installing: /home/dyddl2082/ros2_ws/install/action_tutorials_interfaces/include/action_tutorials_interfaces/msg/rosidl_generator_cpp__visibility_control.hpp
[27.387s] -- Up-to-date: /home/dyddl2082/ros2_ws/install/action_tutorials_interfaces/include/action_tutorials_interfaces/action
[27.388s] -- Up-to-date: /home/dyddl2082/ros2_ws/install/action_tutorials_interfaces/include/action_tutorials_interfaces/action/detail
[27.388s] -- Installing: /home/dyddl2082/ros2_ws/install/action_tutorials_interfaces/include/action_tutorials_interfaces/action/detail/fibonacci__builder.hpp
[27.388s] -- Installing: /home/dyddl2082/ros2_ws/install/action_tutorials_interfaces/include/action_tutorials_interfaces/action/detail/fibonacci__traits.hpp
[27.388s] -- Installing: /home/dyddl2082/ros2_ws/install/action_tutorials_interfaces/include/action_tutorials_interfaces/action/detail/fibonacci__type_support.hpp
[27.388s] -- Installing: /home/dyddl2082/ros2_ws/install/action_tutorials_interfaces/include/action_tutorials_interfaces/action/detail/fibonacci__struct.hpp
[27.388s] -- Installing: /home/dyddl2082/ros2_ws/install/action_tutorials_interfaces/include/action_tutorials_interfaces/action/fibonacci.hpp
[27.389s] -- Up-to-date: /home/dyddl2082/ros2_ws/install/action_tutorials_interfaces/include/action_tutorials_interfaces
[27.389s] -- Up-to-date: /home/dyddl2082/ros2_ws/install/action_tutorials_interfaces/include/action_tutorials_interfaces/action
[27.389s] -- Up-to-date: /home/dyddl2082/ros2_ws/install/action_tutorials_interfaces/include/action_tutorials_interfaces/action/detail
[27.389s] -- Installing: /home/dyddl2082/ros2_ws/install/action_tutorials_interfaces/include/action_tutorials_interfaces/action/detail/fibonacci__type_support.cpp
[27.389s] -- Installing: /home/dyddl2082/ros2_ws/install/action_tutorials_interfaces/include/action_tutorials_interfaces/action/detail/fibonacci__rosidl_typesupport_introspection_cpp.hpp
[27.389s] -- Installing: /home/dyddl2082/ros2_ws/install/action_tutorials_interfaces/lib/libaction_tutorials_interfaces__rosidl_typesupport_introspection_cpp.so
[27.389s] -- Set runtime path of "/home/dyddl2082/ros2_ws/install/action_tutorials_interfaces/lib/libaction_tutorials_interfaces__rosidl_typesupport_introspection_cpp.so" to ""
[27.389s] -- Installing: /home/dyddl2082/ros2_ws/install/action_tutorials_interfaces/lib/libaction_tutorials_interfaces__rosidl_typesupport_cpp.so
[27.389s] -- Set runtime path of "/home/dyddl2082/ros2_ws/install/action_tutorials_interfaces/lib/libaction_tutorials_interfaces__rosidl_typesupport_cpp.so" to ""
[27.389s] -- Installing: /home/dyddl2082/ros2_ws/install/action_tutorials_interfaces/share/action_tutorials_interfaces/environment/pythonpath.sh
[27.389s] -- Installing: /home/dyddl2082/ros2_ws/install/action_tutorials_interfaces/share/action_tutorials_interfaces/environment/pythonpath.dsv
[27.389s] -- Installing: /home/dyddl2082/ros2_ws/install/action_tutorials_interfaces/lib/python3.8/site-packages/action_tutorials_interfaces/__init__.py
[27.410s] Compiling '/home/dyddl2082/ros2_ws/install/action_tutorials_interfaces/lib/python3.8/site-packages/action_tutorials_interfaces/__init__.py'...
[27.413s] -- Installing: /home/dyddl2082/ros2_ws/install/action_tutorials_interfaces/lib/python3.8/site-packages/action_tutorials_interfaces/action
[27.414s] -- Installing: /home/dyddl2082/ros2_ws/install/action_tutorials_interfaces/lib/python3.8/site-packages/action_tutorials_interfaces/action/__init__.py
[27.414s] -- Installing: /home/dyddl2082/ros2_ws/install/action_tutorials_interfaces/lib/python3.8/site-packages/action_tutorials_interfaces/action/_fibonacci.py
[27.414s] -- Installing: /home/dyddl2082/ros2_ws/install/action_tutorials_interfaces/lib/python3.8/site-packages/action_tutorials_interfaces/action/_fibonacci_s.c
[27.414s] -- Installing: /home/dyddl2082/ros2_ws/install/action_tutorials_interfaces/lib/python3.8/site-packages/action_tutorials_interfaces/action_tutorials_interfaces_s__rosidl_typesupport_fastrtps_c.cpython-38-x86_64-linux-gnu.so
[27.414s] -- Set runtime path of "/home/dyddl2082/ros2_ws/install/action_tutorials_interfaces/lib/python3.8/site-packages/action_tutorials_interfaces/action_tutorials_interfaces_s__rosidl_typesupport_fastrtps_c.cpython-38-x86_64-linux-gnu.so" to ""
[27.415s] -- Installing: /home/dyddl2082/ros2_ws/install/action_tutorials_interfaces/lib/python3.8/site-packages/action_tutorials_interfaces/action_tutorials_interfaces_s__rosidl_typesupport_introspection_c.cpython-38-x86_64-linux-gnu.so
[27.415s] -- Set runtime path of "/home/dyddl2082/ros2_ws/install/action_tutorials_interfaces/lib/python3.8/site-packages/action_tutorials_interfaces/action_tutorials_interfaces_s__rosidl_typesupport_introspection_c.cpython-38-x86_64-linux-gnu.so" to ""
[27.415s] -- Installing: /home/dyddl2082/ros2_ws/install/action_tutorials_interfaces/lib/python3.8/site-packages/action_tutorials_interfaces/action_tutorials_interfaces_s__rosidl_typesupport_c.cpython-38-x86_64-linux-gnu.so
[27.416s] -- Set runtime path of "/home/dyddl2082/ros2_ws/install/action_tutorials_interfaces/lib/python3.8/site-packages/action_tutorials_interfaces/action_tutorials_interfaces_s__rosidl_typesupport_c.cpython-38-x86_64-linux-gnu.so" to ""
[27.416s] -- Installing: /home/dyddl2082/ros2_ws/install/action_tutorials_interfaces/lib/libaction_tutorials_interfaces__python.so
[27.417s] -- Set runtime path of "/home/dyddl2082/ros2_ws/install/action_tutorials_interfaces/lib/libaction_tutorials_interfaces__python.so" to ""
[27.417s] -- Installing: /home/dyddl2082/ros2_ws/install/action_tutorials_interfaces/share/action_tutorials_interfaces/action/Fibonacci.idl
[27.417s] -- Installing: /home/dyddl2082/ros2_ws/install/action_tutorials_interfaces/share/action_tutorials_interfaces/action/Fibonacci.action
[27.417s] -- Installing: /home/dyddl2082/ros2_ws/install/action_tutorials_interfaces/share/ament_index/resource_index/package_run_dependencies/action_tutorials_interfaces
[27.417s] -- Installing: /home/dyddl2082/ros2_ws/install/action_tutorials_interfaces/share/ament_index/resource_index/parent_prefix_path/action_tutorials_interfaces
[27.418s] -- Installing: /home/dyddl2082/ros2_ws/install/action_tutorials_interfaces/share/action_tutorials_interfaces/environment/ament_prefix_path.sh
[27.418s] -- Installing: /home/dyddl2082/ros2_ws/install/action_tutorials_interfaces/share/action_tutorials_interfaces/environment/ament_prefix_path.dsv
[27.418s] -- Installing: /home/dyddl2082/ros2_ws/install/action_tutorials_interfaces/share/action_tutorials_interfaces/environment/path.sh
[27.418s] -- Installing: /home/dyddl2082/ros2_ws/install/action_tutorials_interfaces/share/action_tutorials_interfaces/environment/path.dsv
[27.418s] -- Installing: /home/dyddl2082/ros2_ws/install/action_tutorials_interfaces/share/action_tutorials_interfaces/local_setup.bash
[27.418s] -- Installing: /home/dyddl2082/ros2_ws/install/action_tutorials_interfaces/share/action_tutorials_interfaces/local_setup.sh
[27.419s] -- Installing: /home/dyddl2082/ros2_ws/install/action_tutorials_interfaces/share/action_tutorials_interfaces/local_setup.zsh
[27.419s] -- Installing: /home/dyddl2082/ros2_ws/install/action_tutorials_interfaces/share/action_tutorials_interfaces/local_setup.dsv
[27.419s] -- Installing: /home/dyddl2082/ros2_ws/install/action_tutorials_interfaces/share/action_tutorials_interfaces/package.dsv
[27.419s] -- Installing: /home/dyddl2082/ros2_ws/install/action_tutorials_interfaces/share/ament_index/resource_index/packages/action_tutorials_interfaces
[27.419s] -- Installing: /home/dyddl2082/ros2_ws/install/action_tutorials_interfaces/share/action_tutorials_interfaces/cmake/action_tutorials_interfaces__rosidl_generator_cExport.cmake
[27.419s] -- Installing: /home/dyddl2082/ros2_ws/install/action_tutorials_interfaces/share/action_tutorials_interfaces/cmake/action_tutorials_interfaces__rosidl_generator_cExport-noconfig.cmake
[27.420s] -- Installing: /home/dyddl2082/ros2_ws/install/action_tutorials_interfaces/share/action_tutorials_interfaces/cmake/action_tutorials_interfaces__rosidl_typesupport_introspection_cExport.cmake
[27.420s] -- Installing: /home/dyddl2082/ros2_ws/install/action_tutorials_interfaces/share/action_tutorials_interfaces/cmake/action_tutorials_interfaces__rosidl_typesupport_introspection_cExport-noconfig.cmake
[27.420s] -- Installing: /home/dyddl2082/ros2_ws/install/action_tutorials_interfaces/share/action_tutorials_interfaces/cmake/action_tutorials_interfaces__rosidl_typesupport_cExport.cmake
[27.420s] -- Installing: /home/dyddl2082/ros2_ws/install/action_tutorials_interfaces/share/action_tutorials_interfaces/cmake/action_tutorials_interfaces__rosidl_typesupport_cExport-noconfig.cmake
[27.420s] -- Installing: /home/dyddl2082/ros2_ws/install/action_tutorials_interfaces/share/action_tutorials_interfaces/cmake/action_tutorials_interfaces__rosidl_generator_cppExport.cmake
[27.421s] -- Installing: /home/dyddl2082/ros2_ws/install/action_tutorials_interfaces/share/action_tutorials_interfaces/cmake/action_tutorials_interfaces__rosidl_typesupport_introspection_cppExport.cmake
[27.421s] -- Installing: /home/dyddl2082/ros2_ws/install/action_tutorials_interfaces/share/action_tutorials_interfaces/cmake/action_tutorials_interfaces__rosidl_typesupport_introspection_cppExport-noconfig.cmake
[27.421s] -- Installing: /home/dyddl2082/ros2_ws/install/action_tutorials_interfaces/share/action_tutorials_interfaces/cmake/action_tutorials_interfaces__rosidl_typesupport_cppExport.cmake
[27.421s] -- Installing: /home/dyddl2082/ros2_ws/install/action_tutorials_interfaces/share/action_tutorials_interfaces/cmake/action_tutorials_interfaces__rosidl_typesupport_cppExport-noconfig.cmake
[27.422s] -- Installing: /home/dyddl2082/ros2_ws/install/action_tutorials_interfaces/share/action_tutorials_interfaces/cmake/rosidl_cmake-extras.cmake
[27.422s] -- Installing: /home/dyddl2082/ros2_ws/install/action_tutorials_interfaces/share/action_tutorials_interfaces/cmake/ament_cmake_export_dependencies-extras.cmake
[27.422s] -- Installing: /home/dyddl2082/ros2_ws/install/action_tutorials_interfaces/share/action_tutorials_interfaces/cmake/ament_cmake_export_libraries-extras.cmake
[27.422s] -- Installing: /home/dyddl2082/ros2_ws/install/action_tutorials_interfaces/share/action_tutorials_interfaces/cmake/ament_cmake_export_targets-extras.cmake
[27.423s] -- Installing: /home/dyddl2082/ros2_ws/install/action_tutorials_interfaces/share/action_tutorials_interfaces/cmake/ament_cmake_export_include_directories-extras.cmake
[27.423s] -- Installing: /home/dyddl2082/ros2_ws/install/action_tutorials_interfaces/share/action_tutorials_interfaces/cmake/rosidl_cmake_export_typesupport_libraries-extras.cmake
[27.423s] -- Installing: /home/dyddl2082/ros2_ws/install/action_tutorials_interfaces/share/action_tutorials_interfaces/cmake/rosidl_cmake_export_typesupport_targets-extras.cmake
[27.423s] -- Installing: /home/dyddl2082/ros2_ws/install/action_tutorials_interfaces/share/action_tutorials_interfaces/cmake/action_tutorials_interfacesConfig.cmake
[27.423s] -- Installing: /home/dyddl2082/ros2_ws/install/action_tutorials_interfaces/share/action_tutorials_interfaces/cmake/action_tutorials_interfacesConfig-version.cmake
[27.423s] -- Installing: /home/dyddl2082/ros2_ws/install/action_tutorials_interfaces/share/action_tutorials_interfaces/package.xml
[27.426s] Invoked command in '/home/dyddl2082/ros2_ws/build/action_tutorials_interfaces' returned '0': CMAKE_PREFIX_PATH=${CMAKE_PREFIX_PATH}:/opt/ros/foxy /usr/bin/cmake --install /home/dyddl2082/ros2_ws/build/action_tutorials_interfaces
